This file contains any messages produced by compilers while
running configure, to aid debugging if configure makes a mistake.

It was created by opencore-amr configure 0.1.2, which was
generated by GNU Autoconf 2.64.  Invocation command line was

  $ ./configure --prefix=/home/pszdp1/libx264/

## --------- ##
## Platform. ##
## --------- ##

hostname = ppshorizon310
uname -m = x86_64
uname -r = 2.6.31-20-generic
uname -s = Linux
uname -v = #57-Ubuntu SMP Mon Feb 8 09:02:26 UTC 2010

/usr/bin/uname -p = unknown
/bin/uname -X     = unknown

/bin/arch              = unknown
/usr/bin/arch -k       = unknown
/usr/convex/getsysinfo = unknown
/usr/bin/hostinfo      = unknown
/bin/machine           = unknown
/usr/bin/oslevel       = unknown
/bin/universe          = unknown

PATH: /opt/java/bin
PATH: /opt/ant/bin
PATH: /usr/local/sbin
PATH: /usr/local/bin
PATH: /usr/sbin
PATH: /usr/bin
PATH: /sbin
PATH: /bin
PATH: /usr/games
PATH: /opt/real/RealPlayer


## ----------- ##
## Core tests. ##
## ----------- ##

configure:2664: checking for a BSD-compatible install
configure:2732: result: /usr/bin/install -c
configure:2743: checking whether build environment is sane
configure:2793: result: yes
configure:2934: checking for a thread-safe mkdir -p
configure:2973: result: /bin/mkdir -p
configure:2986: checking for gawk
configure:3016: result: no
configure:2986: checking for mawk
configure:3002: found /usr/bin/mawk
configure:3013: result: mawk
configure:3024: checking whether make sets $(MAKE)
configure:3046: result: yes
configure:3121: checking how to create a ustar tar archive
configure:3134: tar --version
tar (GNU tar) 1.22
Copyright (C) 2009 Free Software Foundation, Inc.
License GPLv3+: GNU GPL version 3 or later <http://gnu.org/licenses/gpl.html>.
This is free software: you are free to change and redistribute it.
There is NO WARRANTY, to the extent permitted by law.

Written by John Gilmore and Jay Fenlason.
configure:3137: $? = 0
configure:3177: tardir=conftest.dir && eval tar --format=ustar -chf - "$tardir" >conftest.tar
configure:3180: $? = 0
configure:3184: tar -xf - <conftest.tar
configure:3187: $? = 0
configure:3200: result: gnutar
configure:3210: checking whether to enable maintainer-specific portions of Makefiles
configure:3219: result: no
configure:3238: checking build system type
configure:3252: result: x86_64-unknown-linux-gnu
configure:3272: checking host system type
configure:3285: result: x86_64-unknown-linux-gnu
configure:3384: checking for g++
configure:3400: found /usr/bin/g++
configure:3411: result: g++
configure:3438: checking for C++ compiler version
configure:3447: g++ --version >&5
g++ (Ubuntu 4.4.1-4ubuntu9) 4.4.1
Copyright (C) 2009 Free Software Foundation, Inc.
This is free software; see the source for copying conditions.  There is NO
warranty; not even for MERCHANTABILITY or FITNESS FOR A PARTICULAR PURPOSE.

configure:3458: $? = 0
configure:3447: g++ -v >&5
Using built-in specs.
Target: x86_64-linux-gnu
Configured with: ../src/configure -v --with-pkgversion='Ubuntu 4.4.1-4ubuntu9' --with-bugurl=file:///usr/share/doc/gcc-4.4/README.Bugs --enable-languages=c,c++,fortran,objc,obj-c++ --prefix=/usr --enable-shared --enable-multiarch --enable-linker-build-id --with-system-zlib --libexecdir=/usr/lib --without-included-gettext --enable-threads=posix --with-gxx-include-dir=/usr/include/c++/4.4 --program-suffix=-4.4 --enable-nls --enable-clocale=gnu --enable-libstdcxx-debug --enable-objc-gc --disable-werror --with-arch-32=i486 --with-tune=generic --enable-checking=release --build=x86_64-linux-gnu --host=x86_64-linux-gnu --target=x86_64-linux-gnu
Thread model: posix
gcc version 4.4.1 (Ubuntu 4.4.1-4ubuntu9) 
configure:3458: $? = 0
configure:3447: g++ -V >&5
g++: '-V' option must have argument
configure:3458: $? = 1
configure:3447: g++ -qversion >&5
g++: unrecognized option '-qversion'
g++: no input files
configure:3458: $? = 1
configure:3480: checking for C++ compiler default output file name
configure:3502: g++    conftest.cpp  >&5
configure:3506: $? = 0
configure:3543: result: a.out
configure:3559: checking whether the C++ compiler works
configure:3568: ./a.out
configure:3572: $? = 0
configure:3587: result: yes
configure:3594: checking whether we are cross compiling
configure:3596: result: no
configure:3599: checking for suffix of executables
configure:3606: g++ -o conftest    conftest.cpp  >&5
configure:3610: $? = 0
configure:3632: result: 
configure:3638: checking for suffix of object files
configure:3660: g++ -c   conftest.cpp >&5
configure:3664: $? = 0
configure:3685: result: o
configure:3689: checking whether we are using the GNU C++ compiler
configure:3708: g++ -c   conftest.cpp >&5
configure:3708: $? = 0
configure:3717: result: yes
configure:3726: checking whether g++ accepts -g
configure:3746: g++ -c -g  conftest.cpp >&5
configure:3746: $? = 0
configure:3787: result: yes
configure:3821: checking for style of include used by make
configure:3849: result: GNU
configure:3874: checking dependency style of g++
configure:3984: result: gcc3
configure:4047: checking for gcc
configure:4063: found /usr/bin/gcc
configure:4074: result: gcc
configure:4303: checking for C compiler version
configure:4312: gcc --version >&5
gcc (Ubuntu 4.4.1-4ubuntu9) 4.4.1
Copyright (C) 2009 Free Software Foundation, Inc.
This is free software; see the source for copying conditions.  There is NO
warranty; not even for MERCHANTABILITY or FITNESS FOR A PARTICULAR PURPOSE.

configure:4323: $? = 0
configure:4312: gcc -v >&5
Using built-in specs.
Target: x86_64-linux-gnu
Configured with: ../src/configure -v --with-pkgversion='Ubuntu 4.4.1-4ubuntu9' --with-bugurl=file:///usr/share/doc/gcc-4.4/README.Bugs --enable-languages=c,c++,fortran,objc,obj-c++ --prefix=/usr --enable-shared --enable-multiarch --enable-linker-build-id --with-system-zlib --libexecdir=/usr/lib --without-included-gettext --enable-threads=posix --with-gxx-include-dir=/usr/include/c++/4.4 --program-suffix=-4.4 --enable-nls --enable-clocale=gnu --enable-libstdcxx-debug --enable-objc-gc --disable-werror --with-arch-32=i486 --with-tune=generic --enable-checking=release --build=x86_64-linux-gnu --host=x86_64-linux-gnu --target=x86_64-linux-gnu
Thread model: posix
gcc version 4.4.1 (Ubuntu 4.4.1-4ubuntu9) 
configure:4323: $? = 0
configure:4312: gcc -V >&5
gcc: '-V' option must have argument
configure:4323: $? = 1
configure:4312: gcc -qversion >&5
gcc: unrecognized option '-qversion'
gcc: no input files
configure:4323: $? = 1
configure:4327: checking whether we are using the GNU C compiler
configure:4346: gcc -c   conftest.c >&5
configure:4346: $? = 0
configure:4355: result: yes
configure:4364: checking whether gcc accepts -g
configure:4384: gcc -c -g  conftest.c >&5
configure:4384: $? = 0
configure:4425: result: yes
configure:4442: checking for gcc option to accept ISO C89
configure:4506: gcc  -c -g -O2  conftest.c >&5
configure:4506: $? = 0
configure:4519: result: none needed
configure:4541: checking dependency style of gcc
configure:4651: result: gcc3
configure:4667: checking whether ln -s works
configure:4671: result: yes
configure:4678: checking whether make sets $(MAKE)
configure:4700: result: yes
configure:4736: checking for a sed that does not truncate output
configure:4800: result: /bin/sed
configure:4818: checking for grep that handles long lines and -e
configure:4876: result: /bin/grep
configure:4881: checking for egrep
configure:4943: result: /bin/grep -E
configure:4948: checking for fgrep
configure:5010: result: /bin/grep -F
configure:5045: checking for ld used by gcc
configure:5112: result: /usr/bin/ld
configure:5119: checking if the linker (/usr/bin/ld) is GNU ld
configure:5134: result: yes
configure:5146: checking for BSD- or MS-compatible name lister (nm)
configure:5195: result: /usr/bin/nm -B
configure:5313: checking the name lister (/usr/bin/nm -B) interface
configure:5320: gcc -c -g -O2  conftest.c >&5
configure:5323: /usr/bin/nm -B "conftest.o"
configure:5326: output
0000000000000000 B some_variable
configure:5333: result: BSD nm
configure:5337: checking the maximum length of command line arguments
configure:5457: result: 1572864
configure:5474: checking whether the shell understands some XSI constructs
configure:5484: result: yes
configure:5488: checking whether the shell understands "+="
configure:5494: result: yes
configure:5529: checking for /usr/bin/ld option to reload object files
configure:5536: result: -r
configure:5605: checking for objdump
configure:5621: found /usr/bin/objdump
configure:5632: result: objdump
configure:5664: checking how to recognize dependent libraries
configure:5860: result: pass_all
configure:5920: checking for ar
configure:5936: found /usr/bin/ar
configure:5947: result: ar
configure:6025: checking for strip
configure:6041: found /usr/bin/strip
configure:6052: result: strip
configure:6124: checking for ranlib
configure:6140: found /usr/bin/ranlib
configure:6151: result: ranlib
configure:6241: checking command to parse /usr/bin/nm -B output from gcc object
configure:6359: gcc -c -g -O2  conftest.c >&5
configure:6362: $? = 0
configure:6366: /usr/bin/nm -B conftest.o \| sed -n -e 's/^.*[	 ]\([ABCDGIRSTW][ABCDGIRSTW]*\)[	 ][	 ]*\([_A-Za-z][_A-Za-z0-9]*\)$/\1 \2 \2/p' \> conftest.nm
configure:6369: $? = 0
configure:6423: gcc -o conftest -g -O2   conftest.c conftstm.o >&5
configure:6426: $? = 0
configure:6464: result: ok
configure:6560: gcc -c -g -O2  conftest.c >&5
configure:6563: $? = 0
configure:7273: checking how to run the C preprocessor
configure:7304: gcc -E  conftest.c
configure:7304: $? = 0
configure:7318: gcc -E  conftest.c
conftest.c:11:28: error: ac_nonexistent.h: No such file or directory
configure:7318: $? = 1
configure: failed program was:
| /* confdefs.h */
| #define PACKAGE_NAME "opencore-amr"
| #define PACKAGE_TARNAME "opencore-amr"
| #define PACKAGE_VERSION "0.1.2"
| #define PACKAGE_STRING "opencore-amr 0.1.2"
| #define PACKAGE_BUGREPORT "https://sourceforge.net/apps/trac/opencore-amr/"
| #define PACKAGE_URL ""
| #define PACKAGE "opencore-amr"
| #define VERSION "0.1.2"
| /* end confdefs.h.  */
| #include <ac_nonexistent.h>
configure:7343: result: gcc -E
configure:7363: gcc -E  conftest.c
configure:7363: $? = 0
configure:7377: gcc -E  conftest.c
conftest.c:11:28: error: ac_nonexistent.h: No such file or directory
configure:7377: $? = 1
configure: failed program was:
| /* confdefs.h */
| #define PACKAGE_NAME "opencore-amr"
| #define PACKAGE_TARNAME "opencore-amr"
| #define PACKAGE_VERSION "0.1.2"
| #define PACKAGE_STRING "opencore-amr 0.1.2"
| #define PACKAGE_BUGREPORT "https://sourceforge.net/apps/trac/opencore-amr/"
| #define PACKAGE_URL ""
| #define PACKAGE "opencore-amr"
| #define VERSION "0.1.2"
| /* end confdefs.h.  */
| #include <ac_nonexistent.h>
configure:7406: checking for ANSI C header files
configure:7426: gcc -c -g -O2  conftest.c >&5
configure:7426: $? = 0
configure:7499: gcc -o conftest -g -O2   conftest.c  >&5
configure:7499: $? = 0
configure:7499: ./conftest
configure:7499: $? = 0
configure:7510: result: yes
configure:7523: checking for sys/types.h
configure:7523: gcc -c -g -O2  conftest.c >&5
configure:7523: $? = 0
configure:7523: result: yes
configure:7523: checking for sys/stat.h
configure:7523: gcc -c -g -O2  conftest.c >&5
configure:7523: $? = 0
configure:7523: result: yes
configure:7523: checking for stdlib.h
configure:7523: gcc -c -g -O2  conftest.c >&5
configure:7523: $? = 0
configure:7523: result: yes
configure:7523: checking for string.h
configure:7523: gcc -c -g -O2  conftest.c >&5
configure:7523: $? = 0
configure:7523: result: yes
configure:7523: checking for memory.h
configure:7523: gcc -c -g -O2  conftest.c >&5
configure:7523: $? = 0
configure:7523: result: yes
configure:7523: checking for strings.h
configure:7523: gcc -c -g -O2  conftest.c >&5
configure:7523: $? = 0
configure:7523: result: yes
configure:7523: checking for inttypes.h
configure:7523: gcc -c -g -O2  conftest.c >&5
configure:7523: $? = 0
configure:7523: result: yes
configure:7523: checking for stdint.h
configure:7523: gcc -c -g -O2  conftest.c >&5
configure:7523: $? = 0
configure:7523: result: yes
configure:7523: checking for unistd.h
configure:7523: gcc -c -g -O2  conftest.c >&5
configure:7523: $? = 0
configure:7523: result: yes
configure:7538: checking for dlfcn.h
configure:7538: gcc -c -g -O2  conftest.c >&5
configure:7538: $? = 0
configure:7538: result: yes
configure:7663: checking for C++ compiler version
configure:7672: g++ --version >&5
g++ (Ubuntu 4.4.1-4ubuntu9) 4.4.1
Copyright (C) 2009 Free Software Foundation, Inc.
This is free software; see the source for copying conditions.  There is NO
warranty; not even for MERCHANTABILITY or FITNESS FOR A PARTICULAR PURPOSE.

configure:7683: $? = 0
configure:7672: g++ -v >&5
Using built-in specs.
Target: x86_64-linux-gnu
Configured with: ../src/configure -v --with-pkgversion='Ubuntu 4.4.1-4ubuntu9' --with-bugurl=file:///usr/share/doc/gcc-4.4/README.Bugs --enable-languages=c,c++,fortran,objc,obj-c++ --prefix=/usr --enable-shared --enable-multiarch --enable-linker-build-id --with-system-zlib --libexecdir=/usr/lib --without-included-gettext --enable-threads=posix --with-gxx-include-dir=/usr/include/c++/4.4 --program-suffix=-4.4 --enable-nls --enable-clocale=gnu --enable-libstdcxx-debug --enable-objc-gc --disable-werror --with-arch-32=i486 --with-tune=generic --enable-checking=release --build=x86_64-linux-gnu --host=x86_64-linux-gnu --target=x86_64-linux-gnu
Thread model: posix
gcc version 4.4.1 (Ubuntu 4.4.1-4ubuntu9) 
configure:7683: $? = 0
configure:7672: g++ -V >&5
g++: '-V' option must have argument
configure:7683: $? = 1
configure:7672: g++ -qversion >&5
g++: unrecognized option '-qversion'
g++: no input files
configure:7683: $? = 1
configure:7687: checking whether we are using the GNU C++ compiler
configure:7715: result: yes
configure:7724: checking whether g++ accepts -g
configure:7785: result: yes
configure:7810: checking dependency style of g++
configure:7920: result: gcc3
configure:7943: checking how to run the C++ preprocessor
configure:7970: g++ -E  conftest.cpp
configure:7970: $? = 0
configure:7984: g++ -E  conftest.cpp
conftest.cpp:22:28: error: ac_nonexistent.h: No such file or directory
configure:7984: $? = 1
configure: failed program was:
| /* confdefs.h */
| #define PACKAGE_NAME "opencore-amr"
| #define PACKAGE_TARNAME "opencore-amr"
| #define PACKAGE_VERSION "0.1.2"
| #define PACKAGE_STRING "opencore-amr 0.1.2"
| #define PACKAGE_BUGREPORT "https://sourceforge.net/apps/trac/opencore-amr/"
| #define PACKAGE_URL ""
| #define PACKAGE "opencore-amr"
| #define VERSION "0.1.2"
| #define STDC_HEADERS 1
| #define HAVE_SYS_TYPES_H 1
| #define HAVE_SYS_STAT_H 1
| #define HAVE_STDLIB_H 1
| #define HAVE_STRING_H 1
| #define HAVE_MEMORY_H 1
| #define HAVE_STRINGS_H 1
| #define HAVE_INTTYPES_H 1
| #define HAVE_STDINT_H 1
| #define HAVE_UNISTD_H 1
| #define HAVE_DLFCN_H 1
| /* end confdefs.h.  */
| #include <ac_nonexistent.h>
configure:8009: result: g++ -E
configure:8029: g++ -E  conftest.cpp
configure:8029: $? = 0
configure:8043: g++ -E  conftest.cpp
conftest.cpp:22:28: error: ac_nonexistent.h: No such file or directory
configure:8043: $? = 1
configure: failed program was:
| /* confdefs.h */
| #define PACKAGE_NAME "opencore-amr"
| #define PACKAGE_TARNAME "opencore-amr"
| #define PACKAGE_VERSION "0.1.2"
| #define PACKAGE_STRING "opencore-amr 0.1.2"
| #define PACKAGE_BUGREPORT "https://sourceforge.net/apps/trac/opencore-amr/"
| #define PACKAGE_URL ""
| #define PACKAGE "opencore-amr"
| #define VERSION "0.1.2"
| #define STDC_HEADERS 1
| #define HAVE_SYS_TYPES_H 1
| #define HAVE_SYS_STAT_H 1
| #define HAVE_STDLIB_H 1
| #define HAVE_STRING_H 1
| #define HAVE_MEMORY_H 1
| #define HAVE_STRINGS_H 1
| #define HAVE_INTTYPES_H 1
| #define HAVE_STDINT_H 1
| #define HAVE_UNISTD_H 1
| #define HAVE_DLFCN_H 1
| /* end confdefs.h.  */
| #include <ac_nonexistent.h>
configure:8249: checking for objdir
configure:8264: result: .libs
configure:8560: checking if gcc supports -fno-rtti -fno-exceptions
configure:8578: gcc -c -g -O2  -fno-rtti -fno-exceptions conftest.c >&5
cc1: warning: command line option "-fno-rtti" is valid for C++/ObjC++ but not for C
configure:8582: $? = 0
configure:8595: result: no
configure:8615: checking for gcc option to produce PIC
configure:8887: result: -fPIC -DPIC
configure:8899: checking if gcc PIC flag -fPIC -DPIC works
configure:8917: gcc -c -g -O2  -fPIC -DPIC -DPIC conftest.c >&5
configure:8921: $? = 0
configure:8934: result: yes
configure:8958: checking if gcc static flag -static works
configure:8986: result: yes
configure:9001: checking if gcc supports -c -o file.o
configure:9022: gcc -c -g -O2  -o out/conftest2.o conftest.c >&5
configure:9026: $? = 0
configure:9048: result: yes
configure:9056: checking if gcc supports -c -o file.o
configure:9103: result: yes
configure:9136: checking whether the gcc linker (/usr/bin/ld -m elf_x86_64) supports shared libraries
configure:10126: result: yes
configure:10163: checking whether -lc should be explicitly linked in
configure:10168: gcc -c -g -O2  conftest.c >&5
configure:10171: $? = 0
configure:10186: gcc -shared conftest.o  -v -Wl,-soname -Wl,conftest -o conftest 2\>\&1 \| /bin/grep  -lc  \>/dev/null 2\>\&1
configure:10189: $? = 0
configure:10201: result: no
configure:10365: checking dynamic linker characteristics
configure:10798: gcc -o conftest -g -O2   -Wl,-rpath -Wl,/foo conftest.c  >&5
configure:10798: $? = 0
configure:11028: result: GNU/Linux ld.so
configure:11130: checking how to hardcode library paths into programs
configure:11155: result: immediate
configure:11675: checking whether stripping libraries is possible
configure:11680: result: yes
configure:11715: checking if libtool supports shared libraries
configure:11717: result: yes
configure:11720: checking whether to build shared libraries
configure:11741: result: yes
configure:11744: checking whether to build static libraries
configure:11748: result: yes
configure:11898: checking for ld used by g++
configure:11965: result: /usr/bin/ld -m elf_x86_64
configure:11972: checking if the linker (/usr/bin/ld -m elf_x86_64) is GNU ld
configure:11987: result: yes
configure:12042: checking whether the g++ linker (/usr/bin/ld -m elf_x86_64) supports shared libraries
configure:12955: result: yes
configure:12983: g++ -c -g -O2  conftest.cpp >&5
configure:12986: $? = 0
configure:13168: checking for g++ option to produce PIC
configure:13485: result: -fPIC -DPIC
configure:13494: checking if g++ PIC flag -fPIC -DPIC works
configure:13512: g++ -c -g -O2  -fPIC -DPIC -DPIC conftest.cpp >&5
configure:13516: $? = 0
configure:13529: result: yes
configure:13550: checking if g++ static flag -static works
configure:13578: result: yes
configure:13590: checking if g++ supports -c -o file.o
configure:13611: g++ -c -g -O2  -o out/conftest2.o conftest.cpp >&5
configure:13615: $? = 0
configure:13637: result: yes
configure:13642: checking if g++ supports -c -o file.o
configure:13689: result: yes
configure:13719: checking whether the g++ linker (/usr/bin/ld -m elf_x86_64) supports shared libraries
configure:13748: result: yes
configure:13885: checking dynamic linker characteristics
configure:14266: g++ -o conftest -g -O2   -Wl,-rpath -Wl,/foo conftest.cpp  >&5
configure:14266: $? = 0
configure:14496: result: GNU/Linux ld.so
configure:14547: checking how to hardcode library paths into programs
configure:14572: result: immediate
configure:14633: checking for main in -lm
configure:14652: gcc -o conftest -g -O2   conftest.c -lm   >&5
configure:14652: $? = 0
configure:14661: result: yes
configure:14677: checking for stdint.h
configure:14677: result: yes
configure:14677: checking for stdlib.h
configure:14677: result: yes
configure:14677: checking for string.h
configure:14677: result: yes
configure:14690: checking for stdbool.h that conforms to C99
configure:14775: gcc -c -g -O2  conftest.c >&5
configure:14775: $? = 0
configure:14782: result: yes
configure:14784: checking for _Bool
configure:14784: gcc -c -g -O2  conftest.c >&5
configure:14784: $? = 0
configure:14784: gcc -c -g -O2  conftest.c >&5
conftest.c: In function 'main':
conftest.c:63: error: expected expression before ')' token
configure:14784: $? = 1
configure: failed program was:
| /* confdefs.h */
| #define PACKAGE_NAME "opencore-amr"
| #define PACKAGE_TARNAME "opencore-amr"
| #define PACKAGE_VERSION "0.1.2"
| #define PACKAGE_STRING "opencore-amr 0.1.2"
| #define PACKAGE_BUGREPORT "https://sourceforge.net/apps/trac/opencore-amr/"
| #define PACKAGE_URL ""
| #define PACKAGE "opencore-amr"
| #define VERSION "0.1.2"
| #define STDC_HEADERS 1
| #define HAVE_SYS_TYPES_H 1
| #define HAVE_SYS_STAT_H 1
| #define HAVE_STDLIB_H 1
| #define HAVE_STRING_H 1
| #define HAVE_MEMORY_H 1
| #define HAVE_STRINGS_H 1
| #define HAVE_INTTYPES_H 1
| #define HAVE_STDINT_H 1
| #define HAVE_UNISTD_H 1
| #define HAVE_DLFCN_H 1
| #define LT_OBJDIR ".libs/"
| #define HAVE_LIBM 1
| #define HAVE_STDINT_H 1
| #define HAVE_STDLIB_H 1
| #define HAVE_STRING_H 1
| /* end confdefs.h.  */
| #include <stdio.h>
| #ifdef HAVE_SYS_TYPES_H
| # include <sys/types.h>
| #endif
| #ifdef HAVE_SYS_STAT_H
| # include <sys/stat.h>
| #endif
| #ifdef STDC_HEADERS
| # include <stdlib.h>
| # include <stddef.h>
| #else
| # ifdef HAVE_STDLIB_H
| #  include <stdlib.h>
| # endif
| #endif
| #ifdef HAVE_STRING_H
| # if !defined STDC_HEADERS && defined HAVE_MEMORY_H
| #  include <memory.h>
| # endif
| # include <string.h>
| #endif
| #ifdef HAVE_STRINGS_H
| # include <strings.h>
| #endif
| #ifdef HAVE_INTTYPES_H
| # include <inttypes.h>
| #endif
| #ifdef HAVE_STDINT_H
| # include <stdint.h>
| #endif
| #ifdef HAVE_UNISTD_H
| # include <unistd.h>
| #endif
| int
| main ()
| {
| if (sizeof ((_Bool)))
| 	    return 0;
|   ;
|   return 0;
| }
configure:14784: result: yes
configure:14800: checking for inline
configure:14816: gcc -c -g -O2  conftest.c >&5
configure:14816: $? = 0
configure:14824: result: inline
configure:14842: checking for int16_t
configure:14842: gcc -c -g -O2  conftest.c >&5
configure:14842: $? = 0
configure:14842: gcc -c -g -O2  conftest.c >&5
conftest.c: In function 'main':
conftest.c:66: error: size of array 'test_array' is negative
configure:14842: $? = 1
configure: failed program was:
| /* confdefs.h */
| #define PACKAGE_NAME "opencore-amr"
| #define PACKAGE_TARNAME "opencore-amr"
| #define PACKAGE_VERSION "0.1.2"
| #define PACKAGE_STRING "opencore-amr 0.1.2"
| #define PACKAGE_BUGREPORT "https://sourceforge.net/apps/trac/opencore-amr/"
| #define PACKAGE_URL ""
| #define PACKAGE "opencore-amr"
| #define VERSION "0.1.2"
| #define STDC_HEADERS 1
| #define HAVE_SYS_TYPES_H 1
| #define HAVE_SYS_STAT_H 1
| #define HAVE_STDLIB_H 1
| #define HAVE_STRING_H 1
| #define HAVE_MEMORY_H 1
| #define HAVE_STRINGS_H 1
| #define HAVE_INTTYPES_H 1
| #define HAVE_STDINT_H 1
| #define HAVE_UNISTD_H 1
| #define HAVE_DLFCN_H 1
| #define LT_OBJDIR ".libs/"
| #define HAVE_LIBM 1
| #define HAVE_STDINT_H 1
| #define HAVE_STDLIB_H 1
| #define HAVE_STRING_H 1
| #define HAVE__BOOL 1
| #define HAVE_STDBOOL_H 1
| /* end confdefs.h.  */
| #include <stdio.h>
| #ifdef HAVE_SYS_TYPES_H
| # include <sys/types.h>
| #endif
| #ifdef HAVE_SYS_STAT_H
| # include <sys/stat.h>
| #endif
| #ifdef STDC_HEADERS
| # include <stdlib.h>
| # include <stddef.h>
| #else
| # ifdef HAVE_STDLIB_H
| #  include <stdlib.h>
| # endif
| #endif
| #ifdef HAVE_STRING_H
| # if !defined STDC_HEADERS && defined HAVE_MEMORY_H
| #  include <memory.h>
| # endif
| # include <string.h>
| #endif
| #ifdef HAVE_STRINGS_H
| # include <strings.h>
| #endif
| #ifdef HAVE_INTTYPES_H
| # include <inttypes.h>
| #endif
| #ifdef HAVE_STDINT_H
| # include <stdint.h>
| #endif
| #ifdef HAVE_UNISTD_H
| # include <unistd.h>
| #endif
| int
| main ()
| {
| static int test_array [1 - 2 * !((int16_t) ((((int16_t) 1 << (16 - 2)) - 1) * 2 + 1)
| 		 < (int16_t) ((((int16_t) 1 << (16 - 2)) - 1) * 2 + 2))];
| test_array [0] = 0
| 
|   ;
|   return 0;
| }
configure:14842: result: yes
configure:14853: checking for int32_t
configure:14853: gcc -c -g -O2  conftest.c >&5
configure:14853: $? = 0
configure:14853: gcc -c -g -O2  conftest.c >&5
conftest.c: In function 'main':
conftest.c:66: warning: integer overflow in expression
conftest.c:66: error: size of array 'test_array' is negative
configure:14853: $? = 1
configure: failed program was:
| /* confdefs.h */
| #define PACKAGE_NAME "opencore-amr"
| #define PACKAGE_TARNAME "opencore-amr"
| #define PACKAGE_VERSION "0.1.2"
| #define PACKAGE_STRING "opencore-amr 0.1.2"
| #define PACKAGE_BUGREPORT "https://sourceforge.net/apps/trac/opencore-amr/"
| #define PACKAGE_URL ""
| #define PACKAGE "opencore-amr"
| #define VERSION "0.1.2"
| #define STDC_HEADERS 1
| #define HAVE_SYS_TYPES_H 1
| #define HAVE_SYS_STAT_H 1
| #define HAVE_STDLIB_H 1
| #define HAVE_STRING_H 1
| #define HAVE_MEMORY_H 1
| #define HAVE_STRINGS_H 1
| #define HAVE_INTTYPES_H 1
| #define HAVE_STDINT_H 1
| #define HAVE_UNISTD_H 1
| #define HAVE_DLFCN_H 1
| #define LT_OBJDIR ".libs/"
| #define HAVE_LIBM 1
| #define HAVE_STDINT_H 1
| #define HAVE_STDLIB_H 1
| #define HAVE_STRING_H 1
| #define HAVE__BOOL 1
| #define HAVE_STDBOOL_H 1
| /* end confdefs.h.  */
| #include <stdio.h>
| #ifdef HAVE_SYS_TYPES_H
| # include <sys/types.h>
| #endif
| #ifdef HAVE_SYS_STAT_H
| # include <sys/stat.h>
| #endif
| #ifdef STDC_HEADERS
| # include <stdlib.h>
| # include <stddef.h>
| #else
| # ifdef HAVE_STDLIB_H
| #  include <stdlib.h>
| # endif
| #endif
| #ifdef HAVE_STRING_H
| # if !defined STDC_HEADERS && defined HAVE_MEMORY_H
| #  include <memory.h>
| # endif
| # include <string.h>
| #endif
| #ifdef HAVE_STRINGS_H
| # include <strings.h>
| #endif
| #ifdef HAVE_INTTYPES_H
| # include <inttypes.h>
| #endif
| #ifdef HAVE_STDINT_H
| # include <stdint.h>
| #endif
| #ifdef HAVE_UNISTD_H
| # include <unistd.h>
| #endif
| int
| main ()
| {
| static int test_array [1 - 2 * !((int32_t) ((((int32_t) 1 << (32 - 2)) - 1) * 2 + 1)
| 		 < (int32_t) ((((int32_t) 1 << (32 - 2)) - 1) * 2 + 2))];
| test_array [0] = 0
| 
|   ;
|   return 0;
| }
configure:14853: result: yes
configure:14864: checking for int64_t
configure:14864: gcc -c -g -O2  conftest.c >&5
configure:14864: $? = 0
configure:14864: gcc -c -g -O2  conftest.c >&5
conftest.c: In function 'main':
conftest.c:66: warning: integer overflow in expression
conftest.c:66: error: size of array 'test_array' is negative
configure:14864: $? = 1
configure: failed program was:
| /* confdefs.h */
| #define PACKAGE_NAME "opencore-amr"
| #define PACKAGE_TARNAME "opencore-amr"
| #define PACKAGE_VERSION "0.1.2"
| #define PACKAGE_STRING "opencore-amr 0.1.2"
| #define PACKAGE_BUGREPORT "https://sourceforge.net/apps/trac/opencore-amr/"
| #define PACKAGE_URL ""
| #define PACKAGE "opencore-amr"
| #define VERSION "0.1.2"
| #define STDC_HEADERS 1
| #define HAVE_SYS_TYPES_H 1
| #define HAVE_SYS_STAT_H 1
| #define HAVE_STDLIB_H 1
| #define HAVE_STRING_H 1
| #define HAVE_MEMORY_H 1
| #define HAVE_STRINGS_H 1
| #define HAVE_INTTYPES_H 1
| #define HAVE_STDINT_H 1
| #define HAVE_UNISTD_H 1
| #define HAVE_DLFCN_H 1
| #define LT_OBJDIR ".libs/"
| #define HAVE_LIBM 1
| #define HAVE_STDINT_H 1
| #define HAVE_STDLIB_H 1
| #define HAVE_STRING_H 1
| #define HAVE__BOOL 1
| #define HAVE_STDBOOL_H 1
| /* end confdefs.h.  */
| #include <stdio.h>
| #ifdef HAVE_SYS_TYPES_H
| # include <sys/types.h>
| #endif
| #ifdef HAVE_SYS_STAT_H
| # include <sys/stat.h>
| #endif
| #ifdef STDC_HEADERS
| # include <stdlib.h>
| # include <stddef.h>
| #else
| # ifdef HAVE_STDLIB_H
| #  include <stdlib.h>
| # endif
| #endif
| #ifdef HAVE_STRING_H
| # if !defined STDC_HEADERS && defined HAVE_MEMORY_H
| #  include <memory.h>
| # endif
| # include <string.h>
| #endif
| #ifdef HAVE_STRINGS_H
| # include <strings.h>
| #endif
| #ifdef HAVE_INTTYPES_H
| # include <inttypes.h>
| #endif
| #ifdef HAVE_STDINT_H
| # include <stdint.h>
| #endif
| #ifdef HAVE_UNISTD_H
| # include <unistd.h>
| #endif
| int
| main ()
| {
| static int test_array [1 - 2 * !((int64_t) ((((int64_t) 1 << (64 - 2)) - 1) * 2 + 1)
| 		 < (int64_t) ((((int64_t) 1 << (64 - 2)) - 1) * 2 + 2))];
| test_array [0] = 0
| 
|   ;
|   return 0;
| }
configure:14864: result: yes
configure:14875: checking for int8_t
configure:14875: gcc -c -g -O2  conftest.c >&5
configure:14875: $? = 0
configure:14875: gcc -c -g -O2  conftest.c >&5
conftest.c: In function 'main':
conftest.c:66: error: size of array 'test_array' is negative
configure:14875: $? = 1
configure: failed program was:
| /* confdefs.h */
| #define PACKAGE_NAME "opencore-amr"
| #define PACKAGE_TARNAME "opencore-amr"
| #define PACKAGE_VERSION "0.1.2"
| #define PACKAGE_STRING "opencore-amr 0.1.2"
| #define PACKAGE_BUGREPORT "https://sourceforge.net/apps/trac/opencore-amr/"
| #define PACKAGE_URL ""
| #define PACKAGE "opencore-amr"
| #define VERSION "0.1.2"
| #define STDC_HEADERS 1
| #define HAVE_SYS_TYPES_H 1
| #define HAVE_SYS_STAT_H 1
| #define HAVE_STDLIB_H 1
| #define HAVE_STRING_H 1
| #define HAVE_MEMORY_H 1
| #define HAVE_STRINGS_H 1
| #define HAVE_INTTYPES_H 1
| #define HAVE_STDINT_H 1
| #define HAVE_UNISTD_H 1
| #define HAVE_DLFCN_H 1
| #define LT_OBJDIR ".libs/"
| #define HAVE_LIBM 1
| #define HAVE_STDINT_H 1
| #define HAVE_STDLIB_H 1
| #define HAVE_STRING_H 1
| #define HAVE__BOOL 1
| #define HAVE_STDBOOL_H 1
| /* end confdefs.h.  */
| #include <stdio.h>
| #ifdef HAVE_SYS_TYPES_H
| # include <sys/types.h>
| #endif
| #ifdef HAVE_SYS_STAT_H
| # include <sys/stat.h>
| #endif
| #ifdef STDC_HEADERS
| # include <stdlib.h>
| # include <stddef.h>
| #else
| # ifdef HAVE_STDLIB_H
| #  include <stdlib.h>
| # endif
| #endif
| #ifdef HAVE_STRING_H
| # if !defined STDC_HEADERS && defined HAVE_MEMORY_H
| #  include <memory.h>
| # endif
| # include <string.h>
| #endif
| #ifdef HAVE_STRINGS_H
| # include <strings.h>
| #endif
| #ifdef HAVE_INTTYPES_H
| # include <inttypes.h>
| #endif
| #ifdef HAVE_STDINT_H
| # include <stdint.h>
| #endif
| #ifdef HAVE_UNISTD_H
| # include <unistd.h>
| #endif
| int
| main ()
| {
| static int test_array [1 - 2 * !((int8_t) ((((int8_t) 1 << (8 - 2)) - 1) * 2 + 1)
| 		 < (int8_t) ((((int8_t) 1 << (8 - 2)) - 1) * 2 + 2))];
| test_array [0] = 0
| 
|   ;
|   return 0;
| }
configure:14875: result: yes
configure:14886: checking for uint16_t
configure:14886: gcc -c -g -O2  conftest.c >&5
configure:14886: $? = 0
configure:14886: result: yes
configure:14898: checking for uint32_t
configure:14898: gcc -c -g -O2  conftest.c >&5
configure:14898: $? = 0
configure:14898: result: yes
configure:14912: checking for uint64_t
configure:14912: gcc -c -g -O2  conftest.c >&5
configure:14912: $? = 0
configure:14912: result: yes
configure:14926: checking for uint8_t
configure:14926: gcc -c -g -O2  conftest.c >&5
configure:14926: $? = 0
configure:14926: result: yes
configure:14944: checking for stdlib.h
configure:14944: result: yes
configure:14954: checking for GNU libc compatible malloc
configure:14978: gcc -o conftest -g -O2   conftest.c -lm  >&5
configure:14978: $? = 0
configure:14978: ./conftest
configure:14978: $? = 0
configure:14988: result: yes
configure:15011: checking for memset
configure:15011: gcc -o conftest -g -O2   conftest.c -lm  >&5
conftest.c:54: warning: conflicting types for built-in function 'memset'
configure:15011: $? = 0
configure:15011: result: yes
configure:15165: creating ./config.status

## ---------------------- ##
## Running config.status. ##
## ---------------------- ##

This file was extended by opencore-amr config.status 0.1.2, which was
generated by GNU Autoconf 2.64.  Invocation command line was

  CONFIG_FILES    = 
  CONFIG_HEADERS  = 
  CONFIG_LINKS    = 
  CONFIG_COMMANDS = 
  $ ./config.status 

on ppshorizon310

config.status:1142: creating Makefile
config.status:1142: creating amrnb/Makefile
config.status:1142: creating amrwb/Makefile
config.status:1142: creating test/Makefile
config.status:1142: creating amrnb/opencore-amrnb.pc
config.status:1142: creating amrwb/opencore-amrwb.pc
config.status:1142: creating config.h
config.status:1362: executing depfiles commands
config.status:1362: executing libtool commands

## ---------------- ##
## Cache variables. ##
## ---------------- ##

ac_cv_build=x86_64-unknown-linux-gnu
ac_cv_c_compiler_gnu=yes
ac_cv_c_inline=inline
ac_cv_c_int16_t=yes
ac_cv_c_int32_t=yes
ac_cv_c_int64_t=yes
ac_cv_c_int8_t=yes
ac_cv_c_uint16_t=yes
ac_cv_c_uint32_t=yes
ac_cv_c_uint64_t=yes
ac_cv_c_uint8_t=yes
ac_cv_cxx_compiler_gnu=yes
ac_cv_env_CCC_set=
ac_cv_env_CCC_value=
ac_cv_env_CC_set=
ac_cv_env_CC_value=
ac_cv_env_CFLAGS_set=
ac_cv_env_CFLAGS_value=
ac_cv_env_CPPFLAGS_set=
ac_cv_env_CPPFLAGS_value=
ac_cv_env_CPP_set=
ac_cv_env_CPP_value=
ac_cv_env_CXXCPP_set=
ac_cv_env_CXXCPP_value=
ac_cv_env_CXXFLAGS_set=
ac_cv_env_CXXFLAGS_value=
ac_cv_env_CXX_set=
ac_cv_env_CXX_value=
ac_cv_env_LDFLAGS_set=
ac_cv_env_LDFLAGS_value=
ac_cv_env_LIBS_set=
ac_cv_env_LIBS_value=
ac_cv_env_build_alias_set=
ac_cv_env_build_alias_value=
ac_cv_env_host_alias_set=
ac_cv_env_host_alias_value=
ac_cv_env_target_alias_set=
ac_cv_env_target_alias_value=
ac_cv_func_malloc_0_nonnull=yes
ac_cv_func_memset=yes
ac_cv_header_dlfcn_h=yes
ac_cv_header_inttypes_h=yes
ac_cv_header_memory_h=yes
ac_cv_header_stdbool_h=yes
ac_cv_header_stdc=yes
ac_cv_header_stdint_h=yes
ac_cv_header_stdlib_h=yes
ac_cv_header_string_h=yes
ac_cv_header_strings_h=yes
ac_cv_header_sys_stat_h=yes
ac_cv_header_sys_types_h=yes
ac_cv_header_unistd_h=yes
ac_cv_host=x86_64-unknown-linux-gnu
ac_cv_lib_m_main=yes
ac_cv_objext=o
ac_cv_path_EGREP='/bin/grep -E'
ac_cv_path_FGREP='/bin/grep -F'
ac_cv_path_GREP=/bin/grep
ac_cv_path_SED=/bin/sed
ac_cv_path_install='/usr/bin/install -c'
ac_cv_path_mkdir=/bin/mkdir
ac_cv_prog_AWK=mawk
ac_cv_prog_CPP='gcc -E'
ac_cv_prog_CXXCPP='g++ -E'
ac_cv_prog_ac_ct_AR=ar
ac_cv_prog_ac_ct_CC=gcc
ac_cv_prog_ac_ct_CXX=g++
ac_cv_prog_ac_ct_OBJDUMP=objdump
ac_cv_prog_ac_ct_RANLIB=ranlib
ac_cv_prog_ac_ct_STRIP=strip
ac_cv_prog_cc_c89=
ac_cv_prog_cc_g=yes
ac_cv_prog_cxx_g=yes
ac_cv_prog_make_make_set=yes
ac_cv_type__Bool=yes
am_cv_CC_dependencies_compiler_type=gcc3
am_cv_CXX_dependencies_compiler_type=gcc3
am_cv_prog_tar_ustar=gnutar
lt_cv_deplibs_check_method=pass_all
lt_cv_file_magic_cmd='$MAGIC_CMD'
lt_cv_file_magic_test_file=
lt_cv_ld_reload_flag=-r
lt_cv_nm_interface='BSD nm'
lt_cv_objdir=.libs
lt_cv_path_LD=/usr/bin/ld
lt_cv_path_LDCXX='/usr/bin/ld -m elf_x86_64'
lt_cv_path_NM='/usr/bin/nm -B'
lt_cv_prog_compiler_c_o=yes
lt_cv_prog_compiler_c_o_CXX=yes
lt_cv_prog_compiler_pic_works=yes
lt_cv_prog_compiler_pic_works_CXX=yes
lt_cv_prog_compiler_rtti_exceptions=no
lt_cv_prog_compiler_static_works=yes
lt_cv_prog_compiler_static_works_CXX=yes
lt_cv_prog_gnu_ld=yes
lt_cv_prog_gnu_ldcxx=yes
lt_cv_sys_global_symbol_pipe='sed -n -e '\''s/^.*[	 ]\([ABCDGIRSTW][ABCDGIRSTW]*\)[	 ][	 ]*\([_A-Za-z][_A-Za-z0-9]*\)$/\1 \2 \2/p'\'''
lt_cv_sys_global_symbol_to_c_name_address='sed -n -e '\''s/^: \([^ ]*\) $/  {\"\1\", (void *) 0},/p'\'' -e '\''s/^[ABCDGIRSTW]* \([^ ]*\) \([^ ]*\)$/  {"\2", (void *) \&\2},/p'\'''
lt_cv_sys_global_symbol_to_c_name_address_lib_prefix='sed -n -e '\''s/^: \([^ ]*\) $/  {\"\1\", (void *) 0},/p'\'' -e '\''s/^[ABCDGIRSTW]* \([^ ]*\) \(lib[^ ]*\)$/  {"\2", (void *) \&\2},/p'\'' -e '\''s/^[ABCDGIRSTW]* \([^ ]*\) \([^ ]*\)$/  {"lib\2", (void *) \&\2},/p'\'''
lt_cv_sys_global_symbol_to_cdecl='sed -n -e '\''s/^T .* \(.*\)$/extern int \1();/p'\'' -e '\''s/^[ABCDGIRSTW]* .* \(.*\)$/extern char \1;/p'\'''
lt_cv_sys_max_cmd_len=1572864

## ----------------- ##
## Output variables. ##
## ----------------- ##

ACLOCAL='${SHELL} /home/pszdp1/opencore-amr-0.1.2/missing --run aclocal-1.11'
AMDEPBACKSLASH='\'
AMDEP_FALSE='#'
AMDEP_TRUE=''
AMTAR='${SHELL} /home/pszdp1/opencore-amr-0.1.2/missing --run tar'
AR='ar'
AUTOCONF='${SHELL} /home/pszdp1/opencore-amr-0.1.2/missing --run autoconf'
AUTOHEADER='${SHELL} /home/pszdp1/opencore-amr-0.1.2/missing --run autoheader'
AUTOMAKE='${SHELL} /home/pszdp1/opencore-amr-0.1.2/missing --run automake-1.11'
AWK='mawk'
CC='gcc'
CCDEPMODE='depmode=gcc3'
CFLAGS='-g -O2'
COMPILE_AS_C_FALSE='#'
COMPILE_AS_C_TRUE=''
CPP='gcc -E'
CPPFLAGS=''
CXX='g++'
CXXCPP='g++ -E'
CXXDEPMODE='depmode=gcc3'
CXXFLAGS='-g -O2'
CYGPATH_W='echo'
DEFS='-DHAVE_CONFIG_H'
DEPDIR='.deps'
DSYMUTIL=''
DUMPBIN=''
ECHO_C=''
ECHO_N='-n'
ECHO_T=''
EGREP='/bin/grep -E'
EXEEXT=''
FGREP='/bin/grep -F'
GREP='/bin/grep'
INSTALL_DATA='${INSTALL} -m 644'
INSTALL_PROGRAM='${INSTALL}'
INSTALL_SCRIPT='${INSTALL}'
INSTALL_STRIP_PROGRAM='$(install_sh) -c -s'
LD='/usr/bin/ld -m elf_x86_64'
LDFLAGS=''
LIBOBJS=''
LIBS='-lm '
LIBTOOL='$(SHELL) $(top_builddir)/libtool'
LIBTOOL_DEPS='./ltmain.sh'
LIPO=''
LN_S='ln -s'
LTLIBOBJS=''
MAINT='#'
MAINTAINER_MODE_FALSE=''
MAINTAINER_MODE_TRUE='#'
MAKEINFO='${SHELL} /home/pszdp1/opencore-amr-0.1.2/missing --run makeinfo'
MKDIR_P='/bin/mkdir -p'
NM='/usr/bin/nm -B'
NMEDIT=''
OBJDUMP='objdump'
OBJEXT='o'
OPENCORE_AMRNB_VERSION='0:2:0'
OPENCORE_AMRWB_VERSION='0:2:0'
OTOOL64=''
OTOOL=''
PACKAGE='opencore-amr'
PACKAGE_BUGREPORT='https://sourceforge.net/apps/trac/opencore-amr/'
PACKAGE_NAME='opencore-amr'
PACKAGE_STRING='opencore-amr 0.1.2'
PACKAGE_TARNAME='opencore-amr'
PACKAGE_URL=''
PACKAGE_VERSION='0.1.2'
PATH_SEPARATOR=':'
RANLIB='ranlib'
SED='/bin/sed'
SET_MAKE=''
SHELL='/bin/bash'
STRIP='strip'
VERSION='0.1.2'
ac_ct_CC='gcc'
ac_ct_CXX='g++'
ac_ct_DUMPBIN=''
am__EXEEXT_FALSE=''
am__EXEEXT_TRUE='#'
am__fastdepCC_FALSE='#'
am__fastdepCC_TRUE=''
am__fastdepCXX_FALSE='#'
am__fastdepCXX_TRUE=''
am__include='include'
am__isrc=''
am__leading_dot='.'
am__quote=''
am__tar='tar --format=ustar -chf - "$$tardir"'
am__untar='tar -xf -'
bindir='${exec_prefix}/bin'
build='x86_64-unknown-linux-gnu'
build_alias=''
build_cpu='x86_64'
build_os='linux-gnu'
build_vendor='unknown'
datadir='${datarootdir}'
datarootdir='${prefix}/share'
docdir='${datarootdir}/doc/${PACKAGE_TARNAME}'
dvidir='${docdir}'
exec_prefix='${prefix}'
host='x86_64-unknown-linux-gnu'
host_alias=''
host_cpu='x86_64'
host_os='linux-gnu'
host_vendor='unknown'
htmldir='${docdir}'
includedir='${prefix}/include'
infodir='${datarootdir}/info'
install_sh='${SHELL} /home/pszdp1/opencore-amr-0.1.2/install-sh'
libdir='${exec_prefix}/lib'
libexecdir='${exec_prefix}/libexec'
localedir='${datarootdir}/locale'
localstatedir='${prefix}/var'
lt_ECHO='echo'
mandir='${datarootdir}/man'
mkdir_p='/bin/mkdir -p'
oldincludedir='/usr/include'
pdfdir='${docdir}'
prefix='/home/pszdp1/libx264'
program_transform_name='s,x,x,'
psdir='${docdir}'
sbindir='${exec_prefix}/sbin'
sharedstatedir='${prefix}/com'
sysconfdir='${prefix}/etc'
target_alias=''

## ----------- ##
## confdefs.h. ##
## ----------- ##

/* confdefs.h */
#define PACKAGE_NAME "opencore-amr"
#define PACKAGE_TARNAME "opencore-amr"
#define PACKAGE_VERSION "0.1.2"
#define PACKAGE_STRING "opencore-amr 0.1.2"
#define PACKAGE_BUGREPORT "https://sourceforge.net/apps/trac/opencore-amr/"
#define PACKAGE_URL ""
#define PACKAGE "opencore-amr"
#define VERSION "0.1.2"
#define STDC_HEADERS 1
#define HAVE_SYS_TYPES_H 1
#define HAVE_SYS_STAT_H 1
#define HAVE_STDLIB_H 1
#define HAVE_STRING_H 1
#define HAVE_MEMORY_H 1
#define HAVE_STRINGS_H 1
#define HAVE_INTTYPES_H 1
#define HAVE_STDINT_H 1
#define HAVE_UNISTD_H 1
#define HAVE_DLFCN_H 1
#define LT_OBJDIR ".libs/"
#define HAVE_LIBM 1
#define HAVE_STDINT_H 1
#define HAVE_STDLIB_H 1
#define HAVE_STRING_H 1
#define HAVE__BOOL 1
#define HAVE_STDBOOL_H 1
#define HAVE_STDLIB_H 1
#define HAVE_MALLOC 1
#define HAVE_MEMSET 1

configure: exit 0
