This file contains any messages produced by compilers while
running configure, to aid debugging if configure makes a mistake.

It was created by FAAC configure 1.28, which was
generated by GNU Autoconf 2.61.  Invocation command line was

  $ ./configure --build=x86_64-unknown-linux-gnu --host=arm-eabi --disable-shared --with-pic --without-mp4v2

## --------- ##
## Platform. ##
## --------- ##

hostname = ppshorizon310
uname -m = x86_64
uname -r = 2.6.31-20-generic
uname -s = Linux
uname -v = #58-Ubuntu SMP Fri Mar 12 04:38:19 UTC 2010

/usr/bin/uname -p = unknown
/bin/uname -X     = unknown

/bin/arch              = unknown
/usr/bin/arch -k       = unknown
/usr/convex/getsysinfo = unknown
/usr/bin/hostinfo      = unknown
/bin/machine           = unknown
/usr/bin/oslevel       = unknown
/bin/universe          = unknown

PATH: /opt/android-ndk-r3/build/prebuilt/linux-x86/arm-eabi-4.4.0/bin
PATH: /opt/android-ndk-r3/build/prebuilt/linux-x86/arm-eabi-4.4.0/bin
PATH: /opt/java/bin
PATH: /opt/ant/bin
PATH: /usr/local/sbin
PATH: /usr/local/bin
PATH: /usr/sbin
PATH: /usr/bin
PATH: /sbin
PATH: /bin
PATH: /usr/games
PATH: /opt/real/RealPlayer


## ----------- ##
## Core tests. ##
## ----------- ##

configure:1982: checking for a BSD-compatible install
configure:2038: result: /usr/bin/install -c
configure:2049: checking whether build environment is sane
configure:2092: result: yes
configure:2157: checking for gawk
configure:2173: found /usr/bin/gawk
configure:2184: result: gawk
configure:2195: checking whether make sets $(MAKE)
configure:2216: result: yes
configure:2292: checking for arm-eabi-strip
configure:2308: found /opt/android-ndk-r3/build/prebuilt/linux-x86/arm-eabi-4.4.0/bin/arm-eabi-strip
configure:2319: result: arm-eabi-strip
configure:2432: checking for arm-eabi-gcc
configure:2448: found /opt/android-ndk-r3/build/prebuilt/linux-x86/arm-eabi-4.4.0/bin/arm-eabi-gcc
configure:2459: result: arm-eabi-gcc
configure:2737: checking for C compiler version
configure:2744: arm-eabi-gcc --version >&5
arm-eabi-gcc (GCC) 4.4.0
Copyright (C) 2009 Free Software Foundation, Inc.
This is free software; see the source for copying conditions.  There is NO
warranty; not even for MERCHANTABILITY or FITNESS FOR A PARTICULAR PURPOSE.

configure:2747: $? = 0
configure:2754: arm-eabi-gcc -v >&5
Using built-in specs.
Target: arm-eabi
Configured with: /tmp/ndk-toolchain-966/src/build/../gcc/gcc-4.4.0/configure --prefix=/tmp/ndk-toolchain-966/build/prebuilt/linux-x86/arm-eabi-4.4.0 --target=arm-eabi --host=x86_64-unknown-linux-gnu --build=x86_64-unknown-linux-gnu --enable-languages=c,c++ --with-gmp=/tmp/ndk-toolchain-966/arm-eabi-4.4.0/temp-install --with-mpfr=/tmp/ndk-toolchain-966/arm-eabi-4.4.0/temp-install --disable-libssp --enable-threads --disable-nls --disable-libmudflap --disable-libgomp --disable-libstdc__-v3 --disable-sjlj-exceptions --disable-shared --disable-tls --with-float=soft --with-fpu=vfp --with-arch=armv5te --enable-target-optspace --with-abi=aapcs --disable-nls --prefix=/tmp/ndk-toolchain-966/build/prebuilt/linux-x86/arm-eabi-4.4.0 --with-sysroot=/opt/digit/android/repo/eclair/development/ndk/build/platforms/android-3/arch-arm --with-binutils-version=2.19 --with-gcc-version=4.4.0 --with-gdb-version=6.6 --program-transform-name='s&^&arm-eabi-&'
Thread model: single
gcc version 4.4.0 (GCC) 
configure:2757: $? = 0
configure:2764: arm-eabi-gcc -V >&5
arm-eabi-gcc: '-V' option must have argument
configure:2767: $? = 1
configure:2790: checking for C compiler default output file name
configure:2817: arm-eabi-gcc -I/opt/android-ndk-r3/build/platforms/android-3/arch-arm/usr/include -I/opt/android-ndk-r3/build/platforms/android-3/arch-arm/usr/include -nostdlib -L/opt/android-ndk-r3/build/platforms/android-3/arch-arm/usr/lib /opt/android-ndk-r3/build/platforms/android-3/arch-arm/usr/lib/crtbegin_static.o -lc -ldl conftest.c  >&5
configure:2820: $? = 0
configure:2858: result: a.out
configure:2875: checking whether the C compiler works
configure:2905: result: yes
configure:2912: checking whether we are cross compiling
configure:2914: result: yes
configure:2917: checking for suffix of executables
configure:2924: arm-eabi-gcc -o conftest -I/opt/android-ndk-r3/build/platforms/android-3/arch-arm/usr/include -I/opt/android-ndk-r3/build/platforms/android-3/arch-arm/usr/include -nostdlib -L/opt/android-ndk-r3/build/platforms/android-3/arch-arm/usr/lib /opt/android-ndk-r3/build/platforms/android-3/arch-arm/usr/lib/crtbegin_static.o -lc -ldl conftest.c  >&5
configure:2927: $? = 0
configure:2951: result: 
configure:2957: checking for suffix of object files
configure:2983: arm-eabi-gcc -c -I/opt/android-ndk-r3/build/platforms/android-3/arch-arm/usr/include -I/opt/android-ndk-r3/build/platforms/android-3/arch-arm/usr/include conftest.c >&5
configure:2986: $? = 0
configure:3009: result: o
configure:3013: checking whether we are using the GNU C compiler
configure:3042: arm-eabi-gcc -c -I/opt/android-ndk-r3/build/platforms/android-3/arch-arm/usr/include -I/opt/android-ndk-r3/build/platforms/android-3/arch-arm/usr/include conftest.c >&5
configure:3048: $? = 0
configure:3065: result: yes
configure:3070: checking whether arm-eabi-gcc accepts -g
configure:3100: arm-eabi-gcc -c -g -I/opt/android-ndk-r3/build/platforms/android-3/arch-arm/usr/include conftest.c >&5
configure:3106: $? = 0
configure:3205: result: yes
configure:3222: checking for arm-eabi-gcc option to accept ISO C89
configure:3296: arm-eabi-gcc  -c -I/opt/android-ndk-r3/build/platforms/android-3/arch-arm/usr/include -I/opt/android-ndk-r3/build/platforms/android-3/arch-arm/usr/include conftest.c >&5
configure:3302: $? = 0
configure:3325: result: none needed
configure:3354: checking for style of include used by make
configure:3382: result: GNU
configure:3410: checking dependency style of arm-eabi-gcc
configure:3500: result: gcc3
configure:3531: checking for arm-eabi-g++
configure:3547: found /opt/android-ndk-r3/build/prebuilt/linux-x86/arm-eabi-4.4.0/bin/arm-eabi-g++
configure:3558: result: arm-eabi-g++
configure:3633: checking for C++ compiler version
configure:3640: arm-eabi-g++ --version >&5
arm-eabi-g++ (GCC) 4.4.0
Copyright (C) 2009 Free Software Foundation, Inc.
This is free software; see the source for copying conditions.  There is NO
warranty; not even for MERCHANTABILITY or FITNESS FOR A PARTICULAR PURPOSE.

configure:3643: $? = 0
configure:3650: arm-eabi-g++ -v >&5
Using built-in specs.
Target: arm-eabi
Configured with: /tmp/ndk-toolchain-966/src/build/../gcc/gcc-4.4.0/configure --prefix=/tmp/ndk-toolchain-966/build/prebuilt/linux-x86/arm-eabi-4.4.0 --target=arm-eabi --host=x86_64-unknown-linux-gnu --build=x86_64-unknown-linux-gnu --enable-languages=c,c++ --with-gmp=/tmp/ndk-toolchain-966/arm-eabi-4.4.0/temp-install --with-mpfr=/tmp/ndk-toolchain-966/arm-eabi-4.4.0/temp-install --disable-libssp --enable-threads --disable-nls --disable-libmudflap --disable-libgomp --disable-libstdc__-v3 --disable-sjlj-exceptions --disable-shared --disable-tls --with-float=soft --with-fpu=vfp --with-arch=armv5te --enable-target-optspace --with-abi=aapcs --disable-nls --prefix=/tmp/ndk-toolchain-966/build/prebuilt/linux-x86/arm-eabi-4.4.0 --with-sysroot=/opt/digit/android/repo/eclair/development/ndk/build/platforms/android-3/arch-arm --with-binutils-version=2.19 --with-gcc-version=4.4.0 --with-gdb-version=6.6 --program-transform-name='s&^&arm-eabi-&'
Thread model: single
gcc version 4.4.0 (GCC) 
configure:3653: $? = 0
configure:3660: arm-eabi-g++ -V >&5
arm-eabi-g++: '-V' option must have argument
configure:3663: $? = 1
configure:3666: checking whether we are using the GNU C++ compiler
configure:3695: arm-eabi-g++ -c  -I/opt/android-ndk-r3/build/platforms/android-3/arch-arm/usr/include conftest.cpp >&5
configure:3701: $? = 0
configure:3718: result: yes
configure:3723: checking whether arm-eabi-g++ accepts -g
configure:3753: arm-eabi-g++ -c -g -I/opt/android-ndk-r3/build/platforms/android-3/arch-arm/usr/include conftest.cpp >&5
configure:3759: $? = 0
configure:3858: result: yes
configure:3883: checking dependency style of arm-eabi-g++
configure:3973: result: gcc3
configure:4068: checking build system type
configure:4086: result: x86_64-unknown-linux-gnu
configure:4108: checking host system type
configure:4123: result: arm-unknown-eabi
configure:4145: checking for a sed that does not truncate output
configure:4199: result: /bin/sed
configure:4202: checking for grep that handles long lines and -e
configure:4276: result: /bin/grep
configure:4281: checking for egrep
configure:4359: result: /bin/grep -E
configure:4375: checking for ld used by arm-eabi-gcc
configure:4442: result: /opt/android-ndk-r3/build/prebuilt/linux-x86/arm-eabi-4.4.0/arm-eabi/bin/ld
configure:4451: checking if the linker (/opt/android-ndk-r3/build/prebuilt/linux-x86/arm-eabi-4.4.0/arm-eabi/bin/ld) is GNU ld
configure:4466: result: yes
configure:4471: checking for /opt/android-ndk-r3/build/prebuilt/linux-x86/arm-eabi-4.4.0/arm-eabi/bin/ld option to reload object files
configure:4478: result: -r
configure:4496: checking for BSD-compatible nm
configure:4545: result: /opt/android-ndk-r3/build/prebuilt/linux-x86/arm-eabi-4.4.0/bin/arm-eabi-nm -B
configure:4549: checking whether ln -s works
configure:4553: result: yes
configure:4560: checking how to recognise dependent libraries
configure:4736: result: unknown
configure:4970: checking how to run the C preprocessor
configure:5010: arm-eabi-gcc -E -I/opt/android-ndk-r3/build/platforms/android-3/arch-arm/usr/include conftest.c
configure:5016: $? = 0
configure:5047: arm-eabi-gcc -E -I/opt/android-ndk-r3/build/platforms/android-3/arch-arm/usr/include conftest.c
conftest.c:10:28: error: ac_nonexistent.h: No such file or directory
configure:5053: $? = 1
configure: failed program was:
| /* confdefs.h.  */
| #define PACKAGE_NAME "FAAC"
| #define PACKAGE_TARNAME "faac"
| #define PACKAGE_VERSION "1.28"
| #define PACKAGE_STRING "FAAC 1.28"
| #define PACKAGE_BUGREPORT "faac-dev@lists.sourceforge.net"
| #define PACKAGE "faac"
| #define VERSION "1.28"
| /* end confdefs.h.  */
| #include <ac_nonexistent.h>
configure:5086: result: arm-eabi-gcc -E
configure:5115: arm-eabi-gcc -E -I/opt/android-ndk-r3/build/platforms/android-3/arch-arm/usr/include conftest.c
configure:5121: $? = 0
configure:5152: arm-eabi-gcc -E -I/opt/android-ndk-r3/build/platforms/android-3/arch-arm/usr/include conftest.c
conftest.c:10:28: error: ac_nonexistent.h: No such file or directory
configure:5158: $? = 1
configure: failed program was:
| /* confdefs.h.  */
| #define PACKAGE_NAME "FAAC"
| #define PACKAGE_TARNAME "faac"
| #define PACKAGE_VERSION "1.28"
| #define PACKAGE_STRING "FAAC 1.28"
| #define PACKAGE_BUGREPORT "faac-dev@lists.sourceforge.net"
| #define PACKAGE "faac"
| #define VERSION "1.28"
| /* end confdefs.h.  */
| #include <ac_nonexistent.h>
configure:5196: checking for ANSI C header files
configure:5226: arm-eabi-gcc -c -I/opt/android-ndk-r3/build/platforms/android-3/arch-arm/usr/include -I/opt/android-ndk-r3/build/platforms/android-3/arch-arm/usr/include conftest.c >&5
configure:5232: $? = 0
configure:5360: result: yes
configure:5384: checking for sys/types.h
configure:5405: arm-eabi-gcc -c -I/opt/android-ndk-r3/build/platforms/android-3/arch-arm/usr/include -I/opt/android-ndk-r3/build/platforms/android-3/arch-arm/usr/include conftest.c >&5
configure:5411: $? = 0
configure:5427: result: yes
configure:5384: checking for sys/stat.h
configure:5405: arm-eabi-gcc -c -I/opt/android-ndk-r3/build/platforms/android-3/arch-arm/usr/include -I/opt/android-ndk-r3/build/platforms/android-3/arch-arm/usr/include conftest.c >&5
configure:5411: $? = 0
configure:5427: result: yes
configure:5384: checking for stdlib.h
configure:5405: arm-eabi-gcc -c -I/opt/android-ndk-r3/build/platforms/android-3/arch-arm/usr/include -I/opt/android-ndk-r3/build/platforms/android-3/arch-arm/usr/include conftest.c >&5
configure:5411: $? = 0
configure:5427: result: yes
configure:5384: checking for string.h
configure:5405: arm-eabi-gcc -c -I/opt/android-ndk-r3/build/platforms/android-3/arch-arm/usr/include -I/opt/android-ndk-r3/build/platforms/android-3/arch-arm/usr/include conftest.c >&5
configure:5411: $? = 0
configure:5427: result: yes
configure:5384: checking for memory.h
configure:5405: arm-eabi-gcc -c -I/opt/android-ndk-r3/build/platforms/android-3/arch-arm/usr/include -I/opt/android-ndk-r3/build/platforms/android-3/arch-arm/usr/include conftest.c >&5
configure:5411: $? = 0
configure:5427: result: yes
configure:5384: checking for strings.h
configure:5405: arm-eabi-gcc -c -I/opt/android-ndk-r3/build/platforms/android-3/arch-arm/usr/include -I/opt/android-ndk-r3/build/platforms/android-3/arch-arm/usr/include conftest.c >&5
configure:5411: $? = 0
configure:5427: result: yes
configure:5384: checking for inttypes.h
configure:5405: arm-eabi-gcc -c -I/opt/android-ndk-r3/build/platforms/android-3/arch-arm/usr/include -I/opt/android-ndk-r3/build/platforms/android-3/arch-arm/usr/include conftest.c >&5
configure:5411: $? = 0
configure:5427: result: yes
configure:5384: checking for stdint.h
configure:5405: arm-eabi-gcc -c -I/opt/android-ndk-r3/build/platforms/android-3/arch-arm/usr/include -I/opt/android-ndk-r3/build/platforms/android-3/arch-arm/usr/include conftest.c >&5
configure:5411: $? = 0
configure:5427: result: yes
configure:5384: checking for unistd.h
configure:5405: arm-eabi-gcc -c -I/opt/android-ndk-r3/build/platforms/android-3/arch-arm/usr/include -I/opt/android-ndk-r3/build/platforms/android-3/arch-arm/usr/include conftest.c >&5
configure:5411: $? = 0
configure:5427: result: yes
configure:5454: checking dlfcn.h usability
configure:5471: arm-eabi-gcc -c -I/opt/android-ndk-r3/build/platforms/android-3/arch-arm/usr/include -I/opt/android-ndk-r3/build/platforms/android-3/arch-arm/usr/include conftest.c >&5
configure:5477: $? = 0
configure:5491: result: yes
configure:5495: checking dlfcn.h presence
configure:5510: arm-eabi-gcc -E -I/opt/android-ndk-r3/build/platforms/android-3/arch-arm/usr/include conftest.c
configure:5516: $? = 0
configure:5530: result: yes
configure:5563: checking for dlfcn.h
configure:5571: result: yes
configure:5594: checking how to run the C++ preprocessor
configure:5630: arm-eabi-g++ -E -I/opt/android-ndk-r3/build/platforms/android-3/arch-arm/usr/include conftest.cpp
configure:5636: $? = 0
configure:5667: arm-eabi-g++ -E -I/opt/android-ndk-r3/build/platforms/android-3/arch-arm/usr/include conftest.cpp
conftest.cpp:21:28: error: ac_nonexistent.h: No such file or directory
configure:5673: $? = 1
configure: failed program was:
| /* confdefs.h.  */
| #define PACKAGE_NAME "FAAC"
| #define PACKAGE_TARNAME "faac"
| #define PACKAGE_VERSION "1.28"
| #define PACKAGE_STRING "FAAC 1.28"
| #define PACKAGE_BUGREPORT "faac-dev@lists.sourceforge.net"
| #define PACKAGE "faac"
| #define VERSION "1.28"
| #define STDC_HEADERS 1
| #define HAVE_SYS_TYPES_H 1
| #define HAVE_SYS_STAT_H 1
| #define HAVE_STDLIB_H 1
| #define HAVE_STRING_H 1
| #define HAVE_MEMORY_H 1
| #define HAVE_STRINGS_H 1
| #define HAVE_INTTYPES_H 1
| #define HAVE_STDINT_H 1
| #define HAVE_UNISTD_H 1
| #define HAVE_DLFCN_H 1
| /* end confdefs.h.  */
| #include <ac_nonexistent.h>
configure:5706: result: arm-eabi-g++ -E
configure:5735: arm-eabi-g++ -E -I/opt/android-ndk-r3/build/platforms/android-3/arch-arm/usr/include conftest.cpp
configure:5741: $? = 0
configure:5772: arm-eabi-g++ -E -I/opt/android-ndk-r3/build/platforms/android-3/arch-arm/usr/include conftest.cpp
conftest.cpp:21:28: error: ac_nonexistent.h: No such file or directory
configure:5778: $? = 1
configure: failed program was:
| /* confdefs.h.  */
| #define PACKAGE_NAME "FAAC"
| #define PACKAGE_TARNAME "faac"
| #define PACKAGE_VERSION "1.28"
| #define PACKAGE_STRING "FAAC 1.28"
| #define PACKAGE_BUGREPORT "faac-dev@lists.sourceforge.net"
| #define PACKAGE "faac"
| #define VERSION "1.28"
| #define STDC_HEADERS 1
| #define HAVE_SYS_TYPES_H 1
| #define HAVE_SYS_STAT_H 1
| #define HAVE_STDLIB_H 1
| #define HAVE_STRING_H 1
| #define HAVE_MEMORY_H 1
| #define HAVE_STRINGS_H 1
| #define HAVE_INTTYPES_H 1
| #define HAVE_STDINT_H 1
| #define HAVE_UNISTD_H 1
| #define HAVE_DLFCN_H 1
| /* end confdefs.h.  */
| #include <ac_nonexistent.h>
configure:5827: checking for arm-eabi-g77
configure:5857: result: no
configure:5827: checking for arm-eabi-xlf
configure:5857: result: no
configure:5827: checking for arm-eabi-f77
configure:5857: result: no
configure:5827: checking for arm-eabi-frt
configure:5857: result: no
configure:5827: checking for arm-eabi-pgf77
configure:5857: result: no
configure:5827: checking for arm-eabi-cf77
configure:5857: result: no
configure:5827: checking for arm-eabi-fort77
configure:5857: result: no
configure:5827: checking for arm-eabi-fl32
configure:5857: result: no
configure:5827: checking for arm-eabi-af77
configure:5857: result: no
configure:5827: checking for arm-eabi-xlf90
configure:5857: result: no
configure:5827: checking for arm-eabi-f90
configure:5857: result: no
configure:5827: checking for arm-eabi-pgf90
configure:5857: result: no
configure:5827: checking for arm-eabi-pghpf
configure:5857: result: no
configure:5827: checking for arm-eabi-epcf90
configure:5857: result: no
configure:5827: checking for arm-eabi-gfortran
configure:5857: result: no
configure:5827: checking for arm-eabi-g95
configure:5857: result: no
configure:5827: checking for arm-eabi-xlf95
configure:5857: result: no
configure:5827: checking for arm-eabi-f95
configure:5857: result: no
configure:5827: checking for arm-eabi-fort
configure:5857: result: no
configure:5827: checking for arm-eabi-ifort
configure:5857: result: no
configure:5827: checking for arm-eabi-ifc
configure:5857: result: no
configure:5827: checking for arm-eabi-efc
configure:5857: result: no
configure:5827: checking for arm-eabi-pgf95
configure:5857: result: no
configure:5827: checking for arm-eabi-lf95
configure:5857: result: no
configure:5827: checking for arm-eabi-ftn
configure:5857: result: no
configure:5871: checking for g77
configure:5901: result: no
configure:5871: checking for xlf
configure:5901: result: no
configure:5871: checking for f77
configure:5901: result: no
configure:5871: checking for frt
configure:5901: result: no
configure:5871: checking for pgf77
configure:5901: result: no
configure:5871: checking for cf77
configure:5901: result: no
configure:5871: checking for fort77
configure:5901: result: no
configure:5871: checking for fl32
configure:5901: result: no
configure:5871: checking for af77
configure:5901: result: no
configure:5871: checking for xlf90
configure:5901: result: no
configure:5871: checking for f90
configure:5901: result: no
configure:5871: checking for pgf90
configure:5901: result: no
configure:5871: checking for pghpf
configure:5901: result: no
configure:5871: checking for epcf90
configure:5901: result: no
configure:5871: checking for gfortran
configure:5901: result: no
configure:5871: checking for g95
configure:5901: result: no
configure:5871: checking for xlf95
configure:5901: result: no
configure:5871: checking for f95
configure:5901: result: no
configure:5871: checking for fort
configure:5901: result: no
configure:5871: checking for ifort
configure:5901: result: no
configure:5871: checking for ifc
configure:5901: result: no
configure:5871: checking for efc
configure:5901: result: no
configure:5871: checking for pgf95
configure:5901: result: no
configure:5871: checking for lf95
configure:5901: result: no
configure:5871: checking for ftn
configure:5901: result: no
configure:5928: checking for Fortran 77 compiler version
configure:5935:  --version >&5
./configure: line 5936: --version: command not found
configure:5938: $? = 127
configure:5945:  -v >&5
./configure: line 5946: -v: command not found
configure:5948: $? = 127
configure:5955:  -V >&5
./configure: line 5956: -V: command not found
configure:5958: $? = 127
configure:5966: checking whether we are using the GNU Fortran 77 compiler
configure:5985:  -c  conftest.F >&5
./configure: line 5986: -c: command not found
configure:5991: $? = 127
configure: failed program was:
|       program main
| #ifndef __GNUC__
|        choke me
| #endif
| 
|       end
configure:6008: result: no
configure:6014: checking whether  accepts -g
configure:6031:  -c -g conftest.f >&5
./configure: line 6032: -c: command not found
configure:6037: $? = 127
configure: failed program was:
|       program main
| 
|       end
configure:6053: result: no
configure:6083: checking the maximum length of command line arguments
configure:6192: result: 32768
configure:6203: checking command to parse /opt/android-ndk-r3/build/prebuilt/linux-x86/arm-eabi-4.4.0/bin/arm-eabi-nm -B output from arm-eabi-gcc object
configure:6308: arm-eabi-gcc -c -I/opt/android-ndk-r3/build/platforms/android-3/arch-arm/usr/include -I/opt/android-ndk-r3/build/platforms/android-3/arch-arm/usr/include conftest.c >&5
configure:6311: $? = 0
configure:6315: /opt/android-ndk-r3/build/prebuilt/linux-x86/arm-eabi-4.4.0/bin/arm-eabi-nm -B conftest.o \| sed -n -e 's/^.*[ 	]\([ABCDGIRSTW][ABCDGIRSTW]*\)[ 	][ 	]*\([_A-Za-z][_A-Za-z0-9]*\)$/\1 \2 \2/p' \> conftest.nm
configure:6318: $? = 0
configure:6370: arm-eabi-gcc -o conftest -I/opt/android-ndk-r3/build/platforms/android-3/arch-arm/usr/include -I/opt/android-ndk-r3/build/platforms/android-3/arch-arm/usr/include -nostdlib -L/opt/android-ndk-r3/build/platforms/android-3/arch-arm/usr/lib /opt/android-ndk-r3/build/platforms/android-3/arch-arm/usr/lib/crtbegin_static.o -lc -ldl conftest.c conftstm.o >&5
configure:6373: $? = 0
configure:6411: result: ok
configure:6415: checking for objdir
configure:6430: result: .libs
configure:6482: checking for arm-eabi-ar
configure:6498: found /opt/android-ndk-r3/build/prebuilt/linux-x86/arm-eabi-4.4.0/bin/arm-eabi-ar
configure:6509: result: arm-eabi-ar
configure:6578: checking for arm-eabi-ranlib
configure:6594: found /opt/android-ndk-r3/build/prebuilt/linux-x86/arm-eabi-4.4.0/bin/arm-eabi-ranlib
configure:6605: result: arm-eabi-ranlib
configure:6674: checking for arm-eabi-strip
configure:6701: result: arm-eabi-strip
configure:7027: checking if arm-eabi-gcc supports -fno-rtti -fno-exceptions
configure:7045: arm-eabi-gcc -c -I/opt/android-ndk-r3/build/platforms/android-3/arch-arm/usr/include -I/opt/android-ndk-r3/build/platforms/android-3/arch-arm/usr/include -fno-rtti -fno-exceptions conftest.c >&5
cc1: warning: command line option "-fno-rtti" is valid for C++/ObjC++ but not for C
configure:7049: $? = 0
configure:7062: result: no
configure:7077: checking for arm-eabi-gcc option to produce PIC
configure:7287: result: -fPIC
configure:7295: checking if arm-eabi-gcc PIC flag -fPIC works
configure:7313: arm-eabi-gcc -c -I/opt/android-ndk-r3/build/platforms/android-3/arch-arm/usr/include -I/opt/android-ndk-r3/build/platforms/android-3/arch-arm/usr/include -fPIC -DPIC conftest.c >&5
configure:7317: $? = 0
configure:7330: result: yes
configure:7358: checking if arm-eabi-gcc static flag -static works
configure:7386: result: no
configure:7396: checking if arm-eabi-gcc supports -c -o file.o
configure:7417: arm-eabi-gcc -c -I/opt/android-ndk-r3/build/platforms/android-3/arch-arm/usr/include -I/opt/android-ndk-r3/build/platforms/android-3/arch-arm/usr/include -o out/conftest2.o conftest.c >&5
configure:7421: $? = 0
configure:7443: result: yes
configure:7469: checking whether the arm-eabi-gcc linker (/opt/android-ndk-r3/build/prebuilt/linux-x86/arm-eabi-4.4.0/arm-eabi/bin/ld) supports shared libraries
configure:8424: result: yes
configure:8491: checking dynamic linker characteristics
configure:9067: result: no
configure:9076: checking how to hardcode library paths into programs
configure:9101: result: immediate
configure:9115: checking whether stripping libraries is possible
configure:9120: result: yes
configure:9921: checking if libtool supports shared libraries
configure:9923: result: no
configure:9926: checking whether to build shared libraries
configure:9947: result: no
configure:9950: checking whether to build static libraries
configure:9954: result: yes
configure:10046: creating libtool
configure:10634: checking for ld used by arm-eabi-g++
configure:10701: result: /opt/android-ndk-r3/build/prebuilt/linux-x86/arm-eabi-4.4.0/arm-eabi/bin/ld
configure:10710: checking if the linker (/opt/android-ndk-r3/build/prebuilt/linux-x86/arm-eabi-4.4.0/arm-eabi/bin/ld) is GNU ld
configure:10725: result: yes
configure:10776: checking whether the arm-eabi-g++ linker (/opt/android-ndk-r3/build/prebuilt/linux-x86/arm-eabi-4.4.0/arm-eabi/bin/ld) supports shared libraries
configure:11710: result: no
configure:11728: arm-eabi-g++ -c -g -O2 -I/opt/android-ndk-r3/build/platforms/android-3/arch-arm/usr/include conftest.cpp >&5
configure:11731: $? = 0
configure:11850: checking for arm-eabi-g++ option to produce PIC
configure:12124: result: -fPIC
configure:12132: checking if arm-eabi-g++ PIC flag -fPIC works
configure:12150: arm-eabi-g++ -c -g -O2 -I/opt/android-ndk-r3/build/platforms/android-3/arch-arm/usr/include -fPIC -DPIC conftest.cpp >&5
configure:12154: $? = 0
configure:12167: result: yes
configure:12195: checking if arm-eabi-g++ static flag -static works
configure:12223: result: no
configure:12233: checking if arm-eabi-g++ supports -c -o file.o
configure:12254: arm-eabi-g++ -c -g -O2 -I/opt/android-ndk-r3/build/platforms/android-3/arch-arm/usr/include -o out/conftest2.o conftest.cpp >&5
configure:12258: $? = 0
configure:12280: result: yes
configure:12306: checking whether the arm-eabi-g++ linker (/opt/android-ndk-r3/build/prebuilt/linux-x86/arm-eabi-4.4.0/arm-eabi/bin/ld) supports shared libraries
configure:12334: result: no
configure:12401: checking dynamic linker characteristics
configure:12977: result: no
configure:12986: checking how to hardcode library paths into programs
configure:13011: result: immediate
configure:19145: checking getopt.h usability
configure:19162: arm-eabi-gcc -c -I/opt/android-ndk-r3/build/platforms/android-3/arch-arm/usr/include -I/opt/android-ndk-r3/build/platforms/android-3/arch-arm/usr/include conftest.c >&5
configure:19168: $? = 0
configure:19182: result: yes
configure:19186: checking getopt.h presence
configure:19201: arm-eabi-gcc -E -I/opt/android-ndk-r3/build/platforms/android-3/arch-arm/usr/include conftest.c
configure:19207: $? = 0
configure:19221: result: yes
configure:19254: checking for getopt.h
configure:19262: result: yes
configure:19276: checking for u_int32_t
configure:19306: arm-eabi-gcc -c -I/opt/android-ndk-r3/build/platforms/android-3/arch-arm/usr/include -I/opt/android-ndk-r3/build/platforms/android-3/arch-arm/usr/include conftest.c >&5
configure:19312: $? = 0
configure:19327: result: yes
configure:19338: checking for u_int16_t
configure:19368: arm-eabi-gcc -c -I/opt/android-ndk-r3/build/platforms/android-3/arch-arm/usr/include -I/opt/android-ndk-r3/build/platforms/android-3/arch-arm/usr/include conftest.c >&5
configure:19374: $? = 0
configure:19389: result: yes
configure:19400: checking for int32_t
configure:19430: arm-eabi-gcc -c -I/opt/android-ndk-r3/build/platforms/android-3/arch-arm/usr/include -I/opt/android-ndk-r3/build/platforms/android-3/arch-arm/usr/include conftest.c >&5
configure:19436: $? = 0
configure:19451: result: yes
configure:19462: checking for int16_t
configure:19492: arm-eabi-gcc -c -I/opt/android-ndk-r3/build/platforms/android-3/arch-arm/usr/include -I/opt/android-ndk-r3/build/platforms/android-3/arch-arm/usr/include conftest.c >&5
configure:19498: $? = 0
configure:19513: result: yes
configure:19525: checking whether strcasecmp is declared
configure:19554: arm-eabi-gcc -c -I/opt/android-ndk-r3/build/platforms/android-3/arch-arm/usr/include -I/opt/android-ndk-r3/build/platforms/android-3/arch-arm/usr/include conftest.c >&5
configure:19560: $? = 0
configure:19575: result: yes
configure:19587: checking for getopt_long in -lgnugetopt
configure:19622: arm-eabi-gcc -o conftest -I/opt/android-ndk-r3/build/platforms/android-3/arch-arm/usr/include -I/opt/android-ndk-r3/build/platforms/android-3/arch-arm/usr/include -nostdlib -L/opt/android-ndk-r3/build/platforms/android-3/arch-arm/usr/lib /opt/android-ndk-r3/build/platforms/android-3/arch-arm/usr/lib/crtbegin_static.o -lc -ldl conftest.c -lgnugetopt   >&5
/opt/android-ndk-r3/build/prebuilt/linux-x86/arm-eabi-4.4.0/bin/../lib/gcc/arm-eabi/4.4.0/../../../../arm-eabi/bin/ld: cannot find -lgnugetopt
collect2: ld returned 1 exit status
configure:19628: $? = 1
configure: failed program was:
| /* confdefs.h.  */
| #define PACKAGE_NAME "FAAC"
| #define PACKAGE_TARNAME "faac"
| #define PACKAGE_VERSION "1.28"
| #define PACKAGE_STRING "FAAC 1.28"
| #define PACKAGE_BUGREPORT "faac-dev@lists.sourceforge.net"
| #define PACKAGE "faac"
| #define VERSION "1.28"
| #define STDC_HEADERS 1
| #define HAVE_SYS_TYPES_H 1
| #define HAVE_SYS_STAT_H 1
| #define HAVE_STDLIB_H 1
| #define HAVE_STRING_H 1
| #define HAVE_MEMORY_H 1
| #define HAVE_STRINGS_H 1
| #define HAVE_INTTYPES_H 1
| #define HAVE_STDINT_H 1
| #define HAVE_UNISTD_H 1
| #define HAVE_DLFCN_H 1
| #define HAVE_GETOPT_H 1
| #define HAVE_U_INT32_T 1
| #define HAVE_U_INT16_T 1
| #define HAVE_INT32_T 1
| #define HAVE_INT16_T 1
| #define HAVE_STRCASECMP 1
| /* end confdefs.h.  */
| 
| /* Override any GCC internal prototype to avoid an error.
|    Use char because int might match the return type of a GCC
|    builtin and then its argument prototype would still apply.  */
| #ifdef __cplusplus
| extern "C"
| #endif
| char getopt_long ();
| int
| main ()
| {
| return getopt_long ();
|   ;
|   return 0;
| }
configure:19646: result: no
configure:19669: checking whether MP4Create is declared
configure:19699: arm-eabi-gcc -c -I/opt/android-ndk-r3/build/platforms/android-3/arch-arm/usr/include -I/opt/android-ndk-r3/build/platforms/android-3/arch-arm/usr/include conftest.c >&5
conftest.c:27:17: error: mp4.h: No such file or directory
conftest.c: In function 'main':
conftest.c:33: error: 'MP4Create' undeclared (first use in this function)
conftest.c:33: error: (Each undeclared identifier is reported only once
conftest.c:33: error: for each function it appears in.)
configure:19705: $? = 1
configure: failed program was:
| /* confdefs.h.  */
| #define PACKAGE_NAME "FAAC"
| #define PACKAGE_TARNAME "faac"
| #define PACKAGE_VERSION "1.28"
| #define PACKAGE_STRING "FAAC 1.28"
| #define PACKAGE_BUGREPORT "faac-dev@lists.sourceforge.net"
| #define PACKAGE "faac"
| #define VERSION "1.28"
| #define STDC_HEADERS 1
| #define HAVE_SYS_TYPES_H 1
| #define HAVE_SYS_STAT_H 1
| #define HAVE_STDLIB_H 1
| #define HAVE_STRING_H 1
| #define HAVE_MEMORY_H 1
| #define HAVE_STRINGS_H 1
| #define HAVE_INTTYPES_H 1
| #define HAVE_STDINT_H 1
| #define HAVE_UNISTD_H 1
| #define HAVE_DLFCN_H 1
| #define HAVE_GETOPT_H 1
| #define HAVE_U_INT32_T 1
| #define HAVE_U_INT16_T 1
| #define HAVE_INT32_T 1
| #define HAVE_INT16_T 1
| #define HAVE_STRCASECMP 1
| /* end confdefs.h.  */
| #include <mp4.h>
| 
| int
| main ()
| {
| #ifndef MP4Create
|   (void) MP4Create;
| #endif
| 
|   ;
|   return 0;
| }
configure:19720: result: no
configure:19802: checking whether MP4MetadataDelete is declared
configure:19832: arm-eabi-gcc -c -I/opt/android-ndk-r3/build/platforms/android-3/arch-arm/usr/include -I/opt/android-ndk-r3/build/platforms/android-3/arch-arm/usr/include conftest.c >&5
conftest.c:28:17: error: mp4.h: No such file or directory
conftest.c: In function 'main':
conftest.c:34: error: 'MP4MetadataDelete' undeclared (first use in this function)
conftest.c:34: error: (Each undeclared identifier is reported only once
conftest.c:34: error: for each function it appears in.)
configure:19838: $? = 1
configure: failed program was:
| /* confdefs.h.  */
| #define PACKAGE_NAME "FAAC"
| #define PACKAGE_TARNAME "faac"
| #define PACKAGE_VERSION "1.28"
| #define PACKAGE_STRING "FAAC 1.28"
| #define PACKAGE_BUGREPORT "faac-dev@lists.sourceforge.net"
| #define PACKAGE "faac"
| #define VERSION "1.28"
| #define STDC_HEADERS 1
| #define HAVE_SYS_TYPES_H 1
| #define HAVE_SYS_STAT_H 1
| #define HAVE_STDLIB_H 1
| #define HAVE_STRING_H 1
| #define HAVE_MEMORY_H 1
| #define HAVE_STRINGS_H 1
| #define HAVE_INTTYPES_H 1
| #define HAVE_STDINT_H 1
| #define HAVE_UNISTD_H 1
| #define HAVE_DLFCN_H 1
| #define HAVE_GETOPT_H 1
| #define HAVE_U_INT32_T 1
| #define HAVE_U_INT16_T 1
| #define HAVE_INT32_T 1
| #define HAVE_INT16_T 1
| #define HAVE_STRCASECMP 1
| #define HAVE_DECL_MP4CREATE 0
| /* end confdefs.h.  */
| #include <mp4.h>
| 
| int
| main ()
| {
| #ifndef MP4MetadataDelete
|   (void) MP4MetadataDelete;
| #endif
| 
|   ;
|   return 0;
| }
configure:19853: result: no
configure:19963: *** Building WITHOUT mp4v2 ***
configure:19998: checking whether byte ordering is bigendian
configure:20031: arm-eabi-gcc -c -I/opt/android-ndk-r3/build/platforms/android-3/arch-arm/usr/include -I/opt/android-ndk-r3/build/platforms/android-3/arch-arm/usr/include conftest.c >&5
conftest.c: In function 'main':
conftest.c:36: error: 'bogus' undeclared (first use in this function)
conftest.c:36: error: (Each undeclared identifier is reported only once
conftest.c:36: error: for each function it appears in.)
conftest.c:36: error: expected ';' before 'endian'
configure:20037: $? = 1
configure: failed program was:
| /* confdefs.h.  */
| #define PACKAGE_NAME "FAAC"
| #define PACKAGE_TARNAME "faac"
| #define PACKAGE_VERSION "1.28"
| #define PACKAGE_STRING "FAAC 1.28"
| #define PACKAGE_BUGREPORT "faac-dev@lists.sourceforge.net"
| #define PACKAGE "faac"
| #define VERSION "1.28"
| #define STDC_HEADERS 1
| #define HAVE_SYS_TYPES_H 1
| #define HAVE_SYS_STAT_H 1
| #define HAVE_STDLIB_H 1
| #define HAVE_STRING_H 1
| #define HAVE_MEMORY_H 1
| #define HAVE_STRINGS_H 1
| #define HAVE_INTTYPES_H 1
| #define HAVE_STDINT_H 1
| #define HAVE_UNISTD_H 1
| #define HAVE_DLFCN_H 1
| #define HAVE_GETOPT_H 1
| #define HAVE_U_INT32_T 1
| #define HAVE_U_INT16_T 1
| #define HAVE_INT32_T 1
| #define HAVE_INT16_T 1
| #define HAVE_STRCASECMP 1
| #define HAVE_DECL_MP4CREATE 0
| #define HAVE_DECL_MP4METADATADELETE 0
| /* end confdefs.h.  */
| #include <sys/types.h>
| #include <sys/param.h>
| 
| int
| main ()
| {
| #if  ! (defined BYTE_ORDER && defined BIG_ENDIAN && defined LITTLE_ENDIAN 	&& BYTE_ORDER && BIG_ENDIAN && LITTLE_ENDIAN)
|  bogus endian macros
| #endif
| 
|   ;
|   return 0;
| }
configure:20123: arm-eabi-gcc -c -I/opt/android-ndk-r3/build/platforms/android-3/arch-arm/usr/include -I/opt/android-ndk-r3/build/platforms/android-3/arch-arm/usr/include conftest.c >&5
configure:20129: $? = 0
configure:20215: result: no
configure:20235: checking for ANSI C header files
configure:20399: result: yes
configure:20416: checking for special C compiler options needed for large files
configure:20509: result: no
configure:20515: checking for _FILE_OFFSET_BITS value needed for large files
configure:20550: arm-eabi-gcc -c -I/opt/android-ndk-r3/build/platforms/android-3/arch-arm/usr/include -I/opt/android-ndk-r3/build/platforms/android-3/arch-arm/usr/include conftest.c >&5
conftest.c:36: warning: left shift count >= width of type
conftest.c:36: warning: left shift count >= width of type
conftest.c:38: error: size of array 'off_t_is_large' is negative
configure:20556: $? = 1
configure: failed program was:
| /* confdefs.h.  */
| #define PACKAGE_NAME "FAAC"
| #define PACKAGE_TARNAME "faac"
| #define PACKAGE_VERSION "1.28"
| #define PACKAGE_STRING "FAAC 1.28"
| #define PACKAGE_BUGREPORT "faac-dev@lists.sourceforge.net"
| #define PACKAGE "faac"
| #define VERSION "1.28"
| #define STDC_HEADERS 1
| #define HAVE_SYS_TYPES_H 1
| #define HAVE_SYS_STAT_H 1
| #define HAVE_STDLIB_H 1
| #define HAVE_STRING_H 1
| #define HAVE_MEMORY_H 1
| #define HAVE_STRINGS_H 1
| #define HAVE_INTTYPES_H 1
| #define HAVE_STDINT_H 1
| #define HAVE_UNISTD_H 1
| #define HAVE_DLFCN_H 1
| #define HAVE_GETOPT_H 1
| #define HAVE_U_INT32_T 1
| #define HAVE_U_INT16_T 1
| #define HAVE_INT32_T 1
| #define HAVE_INT16_T 1
| #define HAVE_STRCASECMP 1
| #define HAVE_DECL_MP4CREATE 0
| #define HAVE_DECL_MP4METADATADELETE 0
| #define STDC_HEADERS 1
| /* end confdefs.h.  */
| #include <sys/types.h>
|  /* Check that off_t can represent 2**63 - 1 correctly.
|     We can't simply define LARGE_OFF_T to be 9223372036854775807,
|     since some C++ compilers masquerading as C compilers
|     incorrectly reject 9223372036854775807.  */
| #define LARGE_OFF_T (((off_t) 1 << 62) - 1 + ((off_t) 1 << 62))
|   int off_t_is_large[(LARGE_OFF_T % 2147483629 == 721
| 		       && LARGE_OFF_T % 2147483647 == 1)
| 		      ? 1 : -1];
| int
| main ()
| {
| 
|   ;
|   return 0;
| }
configure:20600: arm-eabi-gcc -c -I/opt/android-ndk-r3/build/platforms/android-3/arch-arm/usr/include -I/opt/android-ndk-r3/build/platforms/android-3/arch-arm/usr/include conftest.c >&5
conftest.c:37: warning: left shift count >= width of type
conftest.c:37: warning: left shift count >= width of type
conftest.c:39: error: size of array 'off_t_is_large' is negative
configure:20606: $? = 1
configure: failed program was:
| /* confdefs.h.  */
| #define PACKAGE_NAME "FAAC"
| #define PACKAGE_TARNAME "faac"
| #define PACKAGE_VERSION "1.28"
| #define PACKAGE_STRING "FAAC 1.28"
| #define PACKAGE_BUGREPORT "faac-dev@lists.sourceforge.net"
| #define PACKAGE "faac"
| #define VERSION "1.28"
| #define STDC_HEADERS 1
| #define HAVE_SYS_TYPES_H 1
| #define HAVE_SYS_STAT_H 1
| #define HAVE_STDLIB_H 1
| #define HAVE_STRING_H 1
| #define HAVE_MEMORY_H 1
| #define HAVE_STRINGS_H 1
| #define HAVE_INTTYPES_H 1
| #define HAVE_STDINT_H 1
| #define HAVE_UNISTD_H 1
| #define HAVE_DLFCN_H 1
| #define HAVE_GETOPT_H 1
| #define HAVE_U_INT32_T 1
| #define HAVE_U_INT16_T 1
| #define HAVE_INT32_T 1
| #define HAVE_INT16_T 1
| #define HAVE_STRCASECMP 1
| #define HAVE_DECL_MP4CREATE 0
| #define HAVE_DECL_MP4METADATADELETE 0
| #define STDC_HEADERS 1
| /* end confdefs.h.  */
| #define _FILE_OFFSET_BITS 64
| #include <sys/types.h>
|  /* Check that off_t can represent 2**63 - 1 correctly.
|     We can't simply define LARGE_OFF_T to be 9223372036854775807,
|     since some C++ compilers masquerading as C compilers
|     incorrectly reject 9223372036854775807.  */
| #define LARGE_OFF_T (((off_t) 1 << 62) - 1 + ((off_t) 1 << 62))
|   int off_t_is_large[(LARGE_OFF_T % 2147483629 == 721
| 		       && LARGE_OFF_T % 2147483647 == 1)
| 		      ? 1 : -1];
| int
| main ()
| {
| 
|   ;
|   return 0;
| }
configure:20624: result: unknown
configure:20636: checking for _LARGE_FILES value needed for large files
configure:20671: arm-eabi-gcc -c -I/opt/android-ndk-r3/build/platforms/android-3/arch-arm/usr/include -I/opt/android-ndk-r3/build/platforms/android-3/arch-arm/usr/include conftest.c >&5
conftest.c:36: warning: left shift count >= width of type
conftest.c:36: warning: left shift count >= width of type
conftest.c:38: error: size of array 'off_t_is_large' is negative
configure:20677: $? = 1
configure: failed program was:
| /* confdefs.h.  */
| #define PACKAGE_NAME "FAAC"
| #define PACKAGE_TARNAME "faac"
| #define PACKAGE_VERSION "1.28"
| #define PACKAGE_STRING "FAAC 1.28"
| #define PACKAGE_BUGREPORT "faac-dev@lists.sourceforge.net"
| #define PACKAGE "faac"
| #define VERSION "1.28"
| #define STDC_HEADERS 1
| #define HAVE_SYS_TYPES_H 1
| #define HAVE_SYS_STAT_H 1
| #define HAVE_STDLIB_H 1
| #define HAVE_STRING_H 1
| #define HAVE_MEMORY_H 1
| #define HAVE_STRINGS_H 1
| #define HAVE_INTTYPES_H 1
| #define HAVE_STDINT_H 1
| #define HAVE_UNISTD_H 1
| #define HAVE_DLFCN_H 1
| #define HAVE_GETOPT_H 1
| #define HAVE_U_INT32_T 1
| #define HAVE_U_INT16_T 1
| #define HAVE_INT32_T 1
| #define HAVE_INT16_T 1
| #define HAVE_STRCASECMP 1
| #define HAVE_DECL_MP4CREATE 0
| #define HAVE_DECL_MP4METADATADELETE 0
| #define STDC_HEADERS 1
| /* end confdefs.h.  */
| #include <sys/types.h>
|  /* Check that off_t can represent 2**63 - 1 correctly.
|     We can't simply define LARGE_OFF_T to be 9223372036854775807,
|     since some C++ compilers masquerading as C compilers
|     incorrectly reject 9223372036854775807.  */
| #define LARGE_OFF_T (((off_t) 1 << 62) - 1 + ((off_t) 1 << 62))
|   int off_t_is_large[(LARGE_OFF_T % 2147483629 == 721
| 		       && LARGE_OFF_T % 2147483647 == 1)
| 		      ? 1 : -1];
| int
| main ()
| {
| 
|   ;
|   return 0;
| }
configure:20721: arm-eabi-gcc -c -I/opt/android-ndk-r3/build/platforms/android-3/arch-arm/usr/include -I/opt/android-ndk-r3/build/platforms/android-3/arch-arm/usr/include conftest.c >&5
conftest.c:37: warning: left shift count >= width of type
conftest.c:37: warning: left shift count >= width of type
conftest.c:39: error: size of array 'off_t_is_large' is negative
configure:20727: $? = 1
configure: failed program was:
| /* confdefs.h.  */
| #define PACKAGE_NAME "FAAC"
| #define PACKAGE_TARNAME "faac"
| #define PACKAGE_VERSION "1.28"
| #define PACKAGE_STRING "FAAC 1.28"
| #define PACKAGE_BUGREPORT "faac-dev@lists.sourceforge.net"
| #define PACKAGE "faac"
| #define VERSION "1.28"
| #define STDC_HEADERS 1
| #define HAVE_SYS_TYPES_H 1
| #define HAVE_SYS_STAT_H 1
| #define HAVE_STDLIB_H 1
| #define HAVE_STRING_H 1
| #define HAVE_MEMORY_H 1
| #define HAVE_STRINGS_H 1
| #define HAVE_INTTYPES_H 1
| #define HAVE_STDINT_H 1
| #define HAVE_UNISTD_H 1
| #define HAVE_DLFCN_H 1
| #define HAVE_GETOPT_H 1
| #define HAVE_U_INT32_T 1
| #define HAVE_U_INT16_T 1
| #define HAVE_INT32_T 1
| #define HAVE_INT16_T 1
| #define HAVE_STRCASECMP 1
| #define HAVE_DECL_MP4CREATE 0
| #define HAVE_DECL_MP4METADATADELETE 0
| #define STDC_HEADERS 1
| /* end confdefs.h.  */
| #define _LARGE_FILES 1
| #include <sys/types.h>
|  /* Check that off_t can represent 2**63 - 1 correctly.
|     We can't simply define LARGE_OFF_T to be 9223372036854775807,
|     since some C++ compilers masquerading as C compilers
|     incorrectly reject 9223372036854775807.  */
| #define LARGE_OFF_T (((off_t) 1 << 62) - 1 + ((off_t) 1 << 62))
|   int off_t_is_large[(LARGE_OFF_T % 2147483629 == 721
| 		       && LARGE_OFF_T % 2147483647 == 1)
| 		      ? 1 : -1];
| int
| main ()
| {
| 
|   ;
|   return 0;
| }
configure:20745: result: unknown
configure:20765: checking for stdint.h
configure:20771: result: yes
configure:20765: checking for inttypes.h
configure:20771: result: yes
configure:20920: checking mathf.h usability
configure:20937: arm-eabi-gcc -c -I/opt/android-ndk-r3/build/platforms/android-3/arch-arm/usr/include -I/opt/android-ndk-r3/build/platforms/android-3/arch-arm/usr/include conftest.c >&5
conftest.c:65:19: error: mathf.h: No such file or directory
configure:20943: $? = 1
configure: failed program was:
| /* confdefs.h.  */
| #define PACKAGE_NAME "FAAC"
| #define PACKAGE_TARNAME "faac"
| #define PACKAGE_VERSION "1.28"
| #define PACKAGE_STRING "FAAC 1.28"
| #define PACKAGE_BUGREPORT "faac-dev@lists.sourceforge.net"
| #define PACKAGE "faac"
| #define VERSION "1.28"
| #define STDC_HEADERS 1
| #define HAVE_SYS_TYPES_H 1
| #define HAVE_SYS_STAT_H 1
| #define HAVE_STDLIB_H 1
| #define HAVE_STRING_H 1
| #define HAVE_MEMORY_H 1
| #define HAVE_STRINGS_H 1
| #define HAVE_INTTYPES_H 1
| #define HAVE_STDINT_H 1
| #define HAVE_UNISTD_H 1
| #define HAVE_DLFCN_H 1
| #define HAVE_GETOPT_H 1
| #define HAVE_U_INT32_T 1
| #define HAVE_U_INT16_T 1
| #define HAVE_INT32_T 1
| #define HAVE_INT16_T 1
| #define HAVE_STRCASECMP 1
| #define HAVE_DECL_MP4CREATE 0
| #define HAVE_DECL_MP4METADATADELETE 0
| #define STDC_HEADERS 1
| #define HAVE_STDINT_H 1
| #define HAVE_INTTYPES_H 1
| /* end confdefs.h.  */
| #include <stdio.h>
| #ifdef HAVE_SYS_TYPES_H
| # include <sys/types.h>
| #endif
| #ifdef HAVE_SYS_STAT_H
| # include <sys/stat.h>
| #endif
| #ifdef STDC_HEADERS
| # include <stdlib.h>
| # include <stddef.h>
| #else
| # ifdef HAVE_STDLIB_H
| #  include <stdlib.h>
| # endif
| #endif
| #ifdef HAVE_STRING_H
| # if !defined STDC_HEADERS && defined HAVE_MEMORY_H
| #  include <memory.h>
| # endif
| # include <string.h>
| #endif
| #ifdef HAVE_STRINGS_H
| # include <strings.h>
| #endif
| #ifdef HAVE_INTTYPES_H
| # include <inttypes.h>
| #endif
| #ifdef HAVE_STDINT_H
| # include <stdint.h>
| #endif
| #ifdef HAVE_UNISTD_H
| # include <unistd.h>
| #endif
| #include <mathf.h>
configure:20957: result: no
configure:20961: checking mathf.h presence
configure:20976: arm-eabi-gcc -E -I/opt/android-ndk-r3/build/platforms/android-3/arch-arm/usr/include conftest.c
conftest.c:32:19: error: mathf.h: No such file or directory
configure:20982: $? = 1
configure: failed program was:
| /* confdefs.h.  */
| #define PACKAGE_NAME "FAAC"
| #define PACKAGE_TARNAME "faac"
| #define PACKAGE_VERSION "1.28"
| #define PACKAGE_STRING "FAAC 1.28"
| #define PACKAGE_BUGREPORT "faac-dev@lists.sourceforge.net"
| #define PACKAGE "faac"
| #define VERSION "1.28"
| #define STDC_HEADERS 1
| #define HAVE_SYS_TYPES_H 1
| #define HAVE_SYS_STAT_H 1
| #define HAVE_STDLIB_H 1
| #define HAVE_STRING_H 1
| #define HAVE_MEMORY_H 1
| #define HAVE_STRINGS_H 1
| #define HAVE_INTTYPES_H 1
| #define HAVE_STDINT_H 1
| #define HAVE_UNISTD_H 1
| #define HAVE_DLFCN_H 1
| #define HAVE_GETOPT_H 1
| #define HAVE_U_INT32_T 1
| #define HAVE_U_INT16_T 1
| #define HAVE_INT32_T 1
| #define HAVE_INT16_T 1
| #define HAVE_STRCASECMP 1
| #define HAVE_DECL_MP4CREATE 0
| #define HAVE_DECL_MP4METADATADELETE 0
| #define STDC_HEADERS 1
| #define HAVE_STDINT_H 1
| #define HAVE_INTTYPES_H 1
| /* end confdefs.h.  */
| #include <mathf.h>
configure:20996: result: no
configure:21029: checking for mathf.h
configure:21037: result: no
configure:21065: checking float.h usability
configure:21082: arm-eabi-gcc -c -I/opt/android-ndk-r3/build/platforms/android-3/arch-arm/usr/include -I/opt/android-ndk-r3/build/platforms/android-3/arch-arm/usr/include conftest.c >&5
configure:21088: $? = 0
configure:21102: result: yes
configure:21106: checking float.h presence
configure:21121: arm-eabi-gcc -E -I/opt/android-ndk-r3/build/platforms/android-3/arch-arm/usr/include conftest.c
configure:21127: $? = 0
configure:21141: result: yes
configure:21174: checking for float.h
configure:21182: result: yes
configure:21195: checking whether strchr is declared
configure:21224: arm-eabi-gcc -c -I/opt/android-ndk-r3/build/platforms/android-3/arch-arm/usr/include -I/opt/android-ndk-r3/build/platforms/android-3/arch-arm/usr/include conftest.c >&5
configure:21230: $? = 0
configure:21245: result: yes
configure:21255: checking whether memcpy is declared
configure:21284: arm-eabi-gcc -c -I/opt/android-ndk-r3/build/platforms/android-3/arch-arm/usr/include -I/opt/android-ndk-r3/build/platforms/android-3/arch-arm/usr/include conftest.c >&5
configure:21290: $? = 0
configure:21305: result: yes
configure:21315: checking whether strsep is declared
configure:21344: arm-eabi-gcc -c -I/opt/android-ndk-r3/build/platforms/android-3/arch-arm/usr/include -I/opt/android-ndk-r3/build/platforms/android-3/arch-arm/usr/include conftest.c >&5
configure:21350: $? = 0
configure:21365: result: yes
configure:21390: checking sys/time.h usability
configure:21407: arm-eabi-gcc -c -I/opt/android-ndk-r3/build/platforms/android-3/arch-arm/usr/include -I/opt/android-ndk-r3/build/platforms/android-3/arch-arm/usr/include conftest.c >&5
configure:21413: $? = 0
configure:21427: result: yes
configure:21431: checking sys/time.h presence
configure:21446: arm-eabi-gcc -E -I/opt/android-ndk-r3/build/platforms/android-3/arch-arm/usr/include conftest.c
configure:21452: $? = 0
configure:21466: result: yes
configure:21499: checking for sys/time.h
configure:21507: result: yes
configure:21520: checking whether time.h and sys/time.h may both be included
configure:21550: arm-eabi-gcc -c -I/opt/android-ndk-r3/build/platforms/android-3/arch-arm/usr/include -I/opt/android-ndk-r3/build/platforms/android-3/arch-arm/usr/include conftest.c >&5
configure:21556: $? = 0
configure:21571: result: yes
configure:21581: checking for off_t
configure:21611: arm-eabi-gcc -c -I/opt/android-ndk-r3/build/platforms/android-3/arch-arm/usr/include -I/opt/android-ndk-r3/build/platforms/android-3/arch-arm/usr/include conftest.c >&5
configure:21617: $? = 0
configure:21632: result: yes
configure:21644: checking for in_port_t
configure:21677: arm-eabi-gcc -c -I/opt/android-ndk-r3/build/platforms/android-3/arch-arm/usr/include -I/opt/android-ndk-r3/build/platforms/android-3/arch-arm/usr/include conftest.c >&5
conftest.c:42: error: expected '=', ',', ';', 'asm' or '__attribute__' before 'ac__type_new_'
conftest.c: In function 'main':
conftest.c:46: error: 'ac__type_new_' undeclared (first use in this function)
conftest.c:46: error: (Each undeclared identifier is reported only once
conftest.c:46: error: for each function it appears in.)
conftest.c:46: error: expected expression before ')' token
configure:21683: $? = 1
configure: failed program was:
| /* confdefs.h.  */
| #define PACKAGE_NAME "FAAC"
| #define PACKAGE_TARNAME "faac"
| #define PACKAGE_VERSION "1.28"
| #define PACKAGE_STRING "FAAC 1.28"
| #define PACKAGE_BUGREPORT "faac-dev@lists.sourceforge.net"
| #define PACKAGE "faac"
| #define VERSION "1.28"
| #define STDC_HEADERS 1
| #define HAVE_SYS_TYPES_H 1
| #define HAVE_SYS_STAT_H 1
| #define HAVE_STDLIB_H 1
| #define HAVE_STRING_H 1
| #define HAVE_MEMORY_H 1
| #define HAVE_STRINGS_H 1
| #define HAVE_INTTYPES_H 1
| #define HAVE_STDINT_H 1
| #define HAVE_UNISTD_H 1
| #define HAVE_DLFCN_H 1
| #define HAVE_GETOPT_H 1
| #define HAVE_U_INT32_T 1
| #define HAVE_U_INT16_T 1
| #define HAVE_INT32_T 1
| #define HAVE_INT16_T 1
| #define HAVE_STRCASECMP 1
| #define HAVE_DECL_MP4CREATE 0
| #define HAVE_DECL_MP4METADATADELETE 0
| #define STDC_HEADERS 1
| #define HAVE_STDINT_H 1
| #define HAVE_INTTYPES_H 1
| #define HAVE_FLOAT_H 1
| #define HAVE_STRCHR 1
| #define HAVE_MEMCPY 1
| #define HAVE_STRSEP 1
| #define HAVE_SYS_TIME_H 1
| #define TIME_WITH_SYS_TIME 1
| /* end confdefs.h.  */
| #include <sys/types.h>
| 	 #include <sys/socket.h>
| 	 #include <netinet/in.h>
| 
| typedef in_port_t ac__type_new_;
| int
| main ()
| {
| if ((ac__type_new_ *) 0)
|   return 0;
| if (sizeof (ac__type_new_))
|   return 0;
|   ;
|   return 0;
| }
configure:21698: result: no
configure:21708: checking for socklen_t
configure:21741: arm-eabi-gcc -c -I/opt/android-ndk-r3/build/platforms/android-3/arch-arm/usr/include -I/opt/android-ndk-r3/build/platforms/android-3/arch-arm/usr/include conftest.c >&5
configure:21747: $? = 0
configure:21762: result: yes
configure:21773: checking for fpos_t.__pos
configure:21802: arm-eabi-gcc -c -I/opt/android-ndk-r3/build/platforms/android-3/arch-arm/usr/include -I/opt/android-ndk-r3/build/platforms/android-3/arch-arm/usr/include conftest.c >&5
conftest.c: In function 'main':
conftest.c:45: error: request for member '__pos' in something not a structure or union
configure:21808: $? = 1
configure: failed program was:
| /* confdefs.h.  */
| #define PACKAGE_NAME "FAAC"
| #define PACKAGE_TARNAME "faac"
| #define PACKAGE_VERSION "1.28"
| #define PACKAGE_STRING "FAAC 1.28"
| #define PACKAGE_BUGREPORT "faac-dev@lists.sourceforge.net"
| #define PACKAGE "faac"
| #define VERSION "1.28"
| #define STDC_HEADERS 1
| #define HAVE_SYS_TYPES_H 1
| #define HAVE_SYS_STAT_H 1
| #define HAVE_STDLIB_H 1
| #define HAVE_STRING_H 1
| #define HAVE_MEMORY_H 1
| #define HAVE_STRINGS_H 1
| #define HAVE_INTTYPES_H 1
| #define HAVE_STDINT_H 1
| #define HAVE_UNISTD_H 1
| #define HAVE_DLFCN_H 1
| #define HAVE_GETOPT_H 1
| #define HAVE_U_INT32_T 1
| #define HAVE_U_INT16_T 1
| #define HAVE_INT32_T 1
| #define HAVE_INT16_T 1
| #define HAVE_STRCASECMP 1
| #define HAVE_DECL_MP4CREATE 0
| #define HAVE_DECL_MP4METADATADELETE 0
| #define STDC_HEADERS 1
| #define HAVE_STDINT_H 1
| #define HAVE_INTTYPES_H 1
| #define HAVE_FLOAT_H 1
| #define HAVE_STRCHR 1
| #define HAVE_MEMCPY 1
| #define HAVE_STRSEP 1
| #define HAVE_SYS_TIME_H 1
| #define TIME_WITH_SYS_TIME 1
| #define HAVE_SOCKLEN_T 1
| /* end confdefs.h.  */
| #include <stdio.h>
| 
| int
| main ()
| {
| static fpos_t ac_aggr;
| if (ac_aggr.__pos)
| return 0;
|   ;
|   return 0;
| }
configure:21842: arm-eabi-gcc -c -I/opt/android-ndk-r3/build/platforms/android-3/arch-arm/usr/include -I/opt/android-ndk-r3/build/platforms/android-3/arch-arm/usr/include conftest.c >&5
conftest.c: In function 'main':
conftest.c:45: error: request for member '__pos' in something not a structure or union
configure:21848: $? = 1
configure: failed program was:
| /* confdefs.h.  */
| #define PACKAGE_NAME "FAAC"
| #define PACKAGE_TARNAME "faac"
| #define PACKAGE_VERSION "1.28"
| #define PACKAGE_STRING "FAAC 1.28"
| #define PACKAGE_BUGREPORT "faac-dev@lists.sourceforge.net"
| #define PACKAGE "faac"
| #define VERSION "1.28"
| #define STDC_HEADERS 1
| #define HAVE_SYS_TYPES_H 1
| #define HAVE_SYS_STAT_H 1
| #define HAVE_STDLIB_H 1
| #define HAVE_STRING_H 1
| #define HAVE_MEMORY_H 1
| #define HAVE_STRINGS_H 1
| #define HAVE_INTTYPES_H 1
| #define HAVE_STDINT_H 1
| #define HAVE_UNISTD_H 1
| #define HAVE_DLFCN_H 1
| #define HAVE_GETOPT_H 1
| #define HAVE_U_INT32_T 1
| #define HAVE_U_INT16_T 1
| #define HAVE_INT32_T 1
| #define HAVE_INT16_T 1
| #define HAVE_STRCASECMP 1
| #define HAVE_DECL_MP4CREATE 0
| #define HAVE_DECL_MP4METADATADELETE 0
| #define STDC_HEADERS 1
| #define HAVE_STDINT_H 1
| #define HAVE_INTTYPES_H 1
| #define HAVE_FLOAT_H 1
| #define HAVE_STRCHR 1
| #define HAVE_MEMCPY 1
| #define HAVE_STRSEP 1
| #define HAVE_SYS_TIME_H 1
| #define TIME_WITH_SYS_TIME 1
| #define HAVE_SOCKLEN_T 1
| /* end confdefs.h.  */
| #include <stdio.h>
| 
| int
| main ()
| {
| static fpos_t ac_aggr;
| if (sizeof ac_aggr.__pos)
| return 0;
|   ;
|   return 0;
| }
configure:21866: result: no
configure:22029: creating ./config.status

## ---------------------- ##
## Running config.status. ##
## ---------------------- ##

This file was extended by FAAC config.status 1.28, which was
generated by GNU Autoconf 2.61.  Invocation command line was

  CONFIG_FILES    = 
  CONFIG_HEADERS  = 
  CONFIG_LINKS    = 
  CONFIG_COMMANDS = 
  $ ./config.status 

on ppshorizon310

config.status:674: creating common/Makefile
config.status:674: creating common/mp4v2/Makefile
config.status:674: creating libfaac/Makefile
config.status:674: creating frontend/Makefile
config.status:674: creating include/Makefile
config.status:674: creating Makefile
config.status:674: creating config.h
config.status:913: config.h is unchanged
config.status:985: executing depfiles commands

## ---------------- ##
## Cache variables. ##
## ---------------- ##

ac_cv_build=x86_64-unknown-linux-gnu
ac_cv_c_bigendian=no
ac_cv_c_compiler_gnu=yes
ac_cv_cxx_compiler_gnu=yes
ac_cv_env_CCC_set=
ac_cv_env_CCC_value=
ac_cv_env_CC_set=
ac_cv_env_CC_value=
ac_cv_env_CFLAGS_set=set
ac_cv_env_CFLAGS_value=-I/opt/android-ndk-r3/build/platforms/android-3/arch-arm/usr/include
ac_cv_env_CPPFLAGS_set=set
ac_cv_env_CPPFLAGS_value=-I/opt/android-ndk-r3/build/platforms/android-3/arch-arm/usr/include
ac_cv_env_CPP_set=
ac_cv_env_CPP_value=
ac_cv_env_CXXCPP_set=
ac_cv_env_CXXCPP_value=
ac_cv_env_CXXFLAGS_set=
ac_cv_env_CXXFLAGS_value=
ac_cv_env_CXX_set=
ac_cv_env_CXX_value=
ac_cv_env_F77_set=
ac_cv_env_F77_value=
ac_cv_env_FFLAGS_set=
ac_cv_env_FFLAGS_value=
ac_cv_env_LDFLAGS_set=set
ac_cv_env_LDFLAGS_value='-nostdlib -L/opt/android-ndk-r3/build/platforms/android-3/arch-arm/usr/lib /opt/android-ndk-r3/build/platforms/android-3/arch-arm/usr/lib/crtbegin_static.o -lc -ldl'
ac_cv_env_LIBS_set=
ac_cv_env_LIBS_value=
ac_cv_env_build_alias_set=set
ac_cv_env_build_alias_value=x86_64-unknown-linux-gnu
ac_cv_env_host_alias_set=set
ac_cv_env_host_alias_value=arm-eabi
ac_cv_env_target_alias_set=
ac_cv_env_target_alias_value=
ac_cv_f77_compiler_gnu=no
ac_cv_have_decl_MP4Create=no
ac_cv_have_decl_MP4MetadataDelete=no
ac_cv_have_decl_memcpy=yes
ac_cv_have_decl_strcasecmp=yes
ac_cv_have_decl_strchr=yes
ac_cv_have_decl_strsep=yes
ac_cv_header_dlfcn_h=yes
ac_cv_header_float_h=yes
ac_cv_header_getopt_h=yes
ac_cv_header_inttypes_h=yes
ac_cv_header_mathf_h=no
ac_cv_header_memory_h=yes
ac_cv_header_stdc=yes
ac_cv_header_stdint_h=yes
ac_cv_header_stdlib_h=yes
ac_cv_header_string_h=yes
ac_cv_header_strings_h=yes
ac_cv_header_sys_stat_h=yes
ac_cv_header_sys_time_h=yes
ac_cv_header_sys_types_h=yes
ac_cv_header_time=yes
ac_cv_header_unistd_h=yes
ac_cv_host=arm-unknown-eabi
ac_cv_lib_gnugetopt_getopt_long=no
ac_cv_member_fpos_t___pos=no
ac_cv_objext=o
ac_cv_path_EGREP='/bin/grep -E'
ac_cv_path_GREP=/bin/grep
ac_cv_path_install='/usr/bin/install -c'
ac_cv_prog_AR=arm-eabi-ar
ac_cv_prog_AWK=gawk
ac_cv_prog_CC=arm-eabi-gcc
ac_cv_prog_CPP='arm-eabi-gcc -E'
ac_cv_prog_CXX=arm-eabi-g++
ac_cv_prog_CXXCPP='arm-eabi-g++ -E'
ac_cv_prog_RANLIB=arm-eabi-ranlib
ac_cv_prog_STRIP=arm-eabi-strip
ac_cv_prog_cc_c89=
ac_cv_prog_cc_g=yes
ac_cv_prog_cxx_g=yes
ac_cv_prog_f77_g=no
ac_cv_prog_make_make_set=yes
ac_cv_sys_file_offset_bits=unknown
ac_cv_sys_large_files=unknown
ac_cv_sys_largefile_CC=no
ac_cv_type_in_port_t=no
ac_cv_type_int16_t=yes
ac_cv_type_int32_t=yes
ac_cv_type_off_t=yes
ac_cv_type_socklen_t=yes
ac_cv_type_u_int16_t=yes
ac_cv_type_u_int32_t=yes
am_cv_CC_dependencies_compiler_type=gcc3
am_cv_CXX_dependencies_compiler_type=gcc3
lt_cv_deplibs_check_method=unknown
lt_cv_file_magic_cmd='$MAGIC_CMD'
lt_cv_file_magic_test_file=
lt_cv_ld_reload_flag=-r
lt_cv_objdir=.libs
lt_cv_path_LD=/opt/android-ndk-r3/build/prebuilt/linux-x86/arm-eabi-4.4.0/arm-eabi/bin/ld
lt_cv_path_LDCXX=/opt/android-ndk-r3/build/prebuilt/linux-x86/arm-eabi-4.4.0/arm-eabi/bin/ld
lt_cv_path_NM='/opt/android-ndk-r3/build/prebuilt/linux-x86/arm-eabi-4.4.0/bin/arm-eabi-nm -B'
lt_cv_path_SED=/bin/sed
lt_cv_prog_compiler_c_o=yes
lt_cv_prog_compiler_c_o_CXX=yes
lt_cv_prog_compiler_rtti_exceptions=no
lt_cv_prog_gnu_ld=yes
lt_cv_prog_gnu_ldcxx=yes
lt_cv_sys_global_symbol_pipe='sed -n -e '\''s/^.*[ 	]\([ABCDGIRSTW][ABCDGIRSTW]*\)[ 	][ 	]*\([_A-Za-z][_A-Za-z0-9]*\)$/\1 \2 \2/p'\'''
lt_cv_sys_global_symbol_to_c_name_address='sed -n -e '\''s/^: \([^ ]*\) $/  {\"\1\", (lt_ptr) 0},/p'\'' -e '\''s/^[BCDEGRST] \([^ ]*\) \([^ ]*\)$/  {"\2", (lt_ptr) \&\2},/p'\'''
lt_cv_sys_global_symbol_to_cdecl='sed -n -e '\''s/^. .* \(.*\)$/extern int \1;/p'\'''
lt_cv_sys_max_cmd_len=32768
lt_lt_cv_prog_compiler_c_o='"yes"'
lt_lt_cv_prog_compiler_c_o_CXX='"yes"'
lt_lt_cv_sys_global_symbol_pipe='"sed -n -e '\''s/^.*[ 	]\\([ABCDGIRSTW][ABCDGIRSTW]*\\)[ 	][ 	]*\\([_A-Za-z][_A-Za-z0-9]*\\)\$/\\1 \\2 \\2/p'\''"'
lt_lt_cv_sys_global_symbol_to_c_name_address='"sed -n -e '\''s/^: \\([^ ]*\\) \$/  {\\\"\\1\\\", (lt_ptr) 0},/p'\'' -e '\''s/^[BCDEGRST] \\([^ ]*\\) \\([^ ]*\\)\$/  {\"\\2\", (lt_ptr) \\&\\2},/p'\''"'
lt_lt_cv_sys_global_symbol_to_cdecl='"sed -n -e '\''s/^. .* \\(.*\\)\$/extern int \\1;/p'\''"'

## ----------------- ##
## Output variables. ##
## ----------------- ##

ACLOCAL='${SHELL} /home/pszdp1/faac-1.28/missing --run aclocal-1.9'
AMDEPBACKSLASH='\'
AMDEP_FALSE='#'
AMDEP_TRUE=''
AMTAR='${SHELL} /home/pszdp1/faac-1.28/missing --run tar'
AR='arm-eabi-ar'
AUTOCONF='${SHELL} /home/pszdp1/faac-1.28/missing --run autoconf'
AUTOHEADER='${SHELL} /home/pszdp1/faac-1.28/missing --run autoheader'
AUTOMAKE='${SHELL} /home/pszdp1/faac-1.28/missing --run automake-1.9'
AWK='gawk'
CC='arm-eabi-gcc'
CCDEPMODE='depmode=gcc3'
CFLAGS='-I/opt/android-ndk-r3/build/platforms/android-3/arch-arm/usr/include'
CPP='arm-eabi-gcc -E'
CPPFLAGS='-I/opt/android-ndk-r3/build/platforms/android-3/arch-arm/usr/include'
CXX='arm-eabi-g++'
CXXCPP='arm-eabi-g++ -E'
CXXDEPMODE='depmode=gcc3'
CXXFLAGS='-g -O2'
CYGPATH_W='echo'
DEFS='-DHAVE_CONFIG_H'
DEPDIR='.deps'
ECHO='echo'
ECHO_C=''
ECHO_N='-n'
ECHO_T=''
EGREP='/bin/grep -E'
EXEEXT=''
F77=''
FFLAGS=''
GREP='/bin/grep'
INSTALL_DATA='${INSTALL} -m 644'
INSTALL_PROGRAM='${INSTALL}'
INSTALL_SCRIPT='${INSTALL}'
INSTALL_STRIP_PROGRAM='${SHELL} $(install_sh) -c -s'
LDFLAGS='-nostdlib -L/opt/android-ndk-r3/build/platforms/android-3/arch-arm/usr/lib /opt/android-ndk-r3/build/platforms/android-3/arch-arm/usr/lib/crtbegin_static.o -lc -ldl'
LIBOBJS=''
LIBS=''
LIBTOOL='$(SHELL) $(top_builddir)/libtool'
LN_S='ln -s'
LTLIBOBJS=''
MAKEINFO='${SHELL} /home/pszdp1/faac-1.28/missing --run makeinfo'
OBJEXT='o'
PACKAGE='faac'
PACKAGE_BUGREPORT='faac-dev@lists.sourceforge.net'
PACKAGE_NAME='FAAC'
PACKAGE_STRING='FAAC 1.28'
PACKAGE_TARNAME='faac'
PACKAGE_VERSION='1.28'
PATH_SEPARATOR=':'
RANLIB='arm-eabi-ranlib'
SET_MAKE=''
SHELL='/bin/bash'
STRIP='arm-eabi-strip'
USE_DRM_FALSE=''
USE_DRM_TRUE='#'
VERSION='1.28'
WITH_MP4V2_FALSE=''
WITH_MP4V2_TRUE='#'
ac_ct_CC=''
ac_ct_CXX=''
ac_ct_F77=''
am__fastdepCC_FALSE='#'
am__fastdepCC_TRUE=''
am__fastdepCXX_FALSE='#'
am__fastdepCXX_TRUE=''
am__include='include'
am__leading_dot='.'
am__quote=''
am__tar='${AMTAR} chof - "$$tardir"'
am__untar='${AMTAR} xf -'
bindir='${exec_prefix}/bin'
build='x86_64-unknown-linux-gnu'
build_alias='x86_64-unknown-linux-gnu'
build_cpu='x86_64'
build_os='linux-gnu'
build_vendor='unknown'
datadir='${datarootdir}'
datarootdir='${prefix}/share'
docdir='${datarootdir}/doc/${PACKAGE_TARNAME}'
dvidir='${docdir}'
exec_prefix='${prefix}'
host='arm-unknown-eabi'
host_alias='arm-eabi'
host_cpu='arm'
host_os='eabi'
host_vendor='unknown'
htmldir='${docdir}'
includedir='${prefix}/include'
infodir='${datarootdir}/info'
install_sh='/home/pszdp1/faac-1.28/install-sh'
libdir='${exec_prefix}/lib'
libexecdir='${exec_prefix}/libexec'
localedir='${datarootdir}/locale'
localstatedir='${prefix}/var'
mandir='${datarootdir}/man'
mkdir_p='mkdir -p --'
oldincludedir='/usr/include'
pdfdir='${docdir}'
prefix='/usr/local'
program_transform_name='s,x,x,'
psdir='${docdir}'
sbindir='${exec_prefix}/sbin'
sharedstatedir='${prefix}/com'
sysconfdir='${prefix}/etc'
target_alias=''

## ----------- ##
## confdefs.h. ##
## ----------- ##

#define PACKAGE_NAME "FAAC"
#define PACKAGE_TARNAME "faac"
#define PACKAGE_VERSION "1.28"
#define PACKAGE_STRING "FAAC 1.28"
#define PACKAGE_BUGREPORT "faac-dev@lists.sourceforge.net"
#define PACKAGE "faac"
#define VERSION "1.28"
#define STDC_HEADERS 1
#define HAVE_SYS_TYPES_H 1
#define HAVE_SYS_STAT_H 1
#define HAVE_STDLIB_H 1
#define HAVE_STRING_H 1
#define HAVE_MEMORY_H 1
#define HAVE_STRINGS_H 1
#define HAVE_INTTYPES_H 1
#define HAVE_STDINT_H 1
#define HAVE_UNISTD_H 1
#define HAVE_DLFCN_H 1
#define HAVE_GETOPT_H 1
#define HAVE_U_INT32_T 1
#define HAVE_U_INT16_T 1
#define HAVE_INT32_T 1
#define HAVE_INT16_T 1
#define HAVE_STRCASECMP 1
#define HAVE_DECL_MP4CREATE 0
#define HAVE_DECL_MP4METADATADELETE 0
#define STDC_HEADERS 1
#define HAVE_STDINT_H 1
#define HAVE_INTTYPES_H 1
#define HAVE_FLOAT_H 1
#define HAVE_STRCHR 1
#define HAVE_MEMCPY 1
#define HAVE_STRSEP 1
#define HAVE_SYS_TIME_H 1
#define TIME_WITH_SYS_TIME 1
#define HAVE_SOCKLEN_T 1

configure: exit 0
