This file contains any messages produced by compilers while
running configure, to aid debugging if configure makes a mistake.

It was created by opencore-amr configure 0.1.2, which was
generated by GNU Autoconf 2.64.  Invocation command line was

  $ ./configure --build=x86_64-unknown-linux-gnu --host=arm-eabi

## --------- ##
## Platform. ##
## --------- ##

hostname = ppshorizon310
uname -m = x86_64
uname -r = 2.6.31-20-generic
uname -s = Linux
uname -v = #58-Ubuntu SMP Fri Mar 12 04:38:19 UTC 2010

/usr/bin/uname -p = unknown
/bin/uname -X     = unknown

/bin/arch              = unknown
/usr/bin/arch -k       = unknown
/usr/convex/getsysinfo = unknown
/usr/bin/hostinfo      = unknown
/bin/machine           = unknown
/usr/bin/oslevel       = unknown
/bin/universe          = unknown

PATH: /opt/android-ndk-r3/build/prebuilt/linux-x86/arm-eabi-4.4.0/bin
PATH: /opt/android-ndk-r3/build/prebuilt/linux-x86/arm-eabi-4.4.0/bin
PATH: /opt/java/bin
PATH: /opt/ant/bin
PATH: /usr/local/sbin
PATH: /usr/local/bin
PATH: /usr/sbin
PATH: /usr/bin
PATH: /sbin
PATH: /bin
PATH: /usr/games
PATH: /opt/real/RealPlayer


## ----------- ##
## Core tests. ##
## ----------- ##

configure:2664: checking for a BSD-compatible install
configure:2732: result: /usr/bin/install -c
configure:2743: checking whether build environment is sane
configure:2793: result: yes
configure:2842: checking for arm-eabi-strip
configure:2858: found /opt/android-ndk-r3/build/prebuilt/linux-x86/arm-eabi-4.4.0/bin/arm-eabi-strip
configure:2869: result: arm-eabi-strip
configure:2934: checking for a thread-safe mkdir -p
configure:2973: result: /bin/mkdir -p
configure:2986: checking for gawk
configure:3002: found /usr/bin/gawk
configure:3013: result: gawk
configure:3024: checking whether make sets $(MAKE)
configure:3046: result: yes
configure:3121: checking how to create a ustar tar archive
configure:3134: tar --version
tar (GNU tar) 1.22
Copyright (C) 2009 Free Software Foundation, Inc.
License GPLv3+: GNU GPL version 3 or later <http://gnu.org/licenses/gpl.html>.
This is free software: you are free to change and redistribute it.
There is NO WARRANTY, to the extent permitted by law.

Written by John Gilmore and Jay Fenlason.
configure:3137: $? = 0
configure:3177: tardir=conftest.dir && eval tar --format=ustar -chf - "$tardir" >conftest.tar
configure:3180: $? = 0
configure:3184: tar -xf - <conftest.tar
configure:3187: $? = 0
configure:3200: result: gnutar
configure:3210: checking whether to enable maintainer-specific portions of Makefiles
configure:3219: result: no
configure:3238: checking build system type
configure:3252: result: x86_64-unknown-linux-gnu
configure:3272: checking host system type
configure:3285: result: arm-unknown-eabi
configure:3340: checking for arm-eabi-g++
configure:3356: found /opt/android-ndk-r3/build/prebuilt/linux-x86/arm-eabi-4.4.0/bin/arm-eabi-g++
configure:3367: result: arm-eabi-g++
configure:3438: checking for C++ compiler version
configure:3447: arm-eabi-g++ --version >&5
arm-eabi-g++ (GCC) 4.4.0
Copyright (C) 2009 Free Software Foundation, Inc.
This is free software; see the source for copying conditions.  There is NO
warranty; not even for MERCHANTABILITY or FITNESS FOR A PARTICULAR PURPOSE.

configure:3458: $? = 0
configure:3447: arm-eabi-g++ -v >&5
Using built-in specs.
Target: arm-eabi
Configured with: /tmp/ndk-toolchain-966/src/build/../gcc/gcc-4.4.0/configure --prefix=/tmp/ndk-toolchain-966/build/prebuilt/linux-x86/arm-eabi-4.4.0 --target=arm-eabi --host=x86_64-unknown-linux-gnu --build=x86_64-unknown-linux-gnu --enable-languages=c,c++ --with-gmp=/tmp/ndk-toolchain-966/arm-eabi-4.4.0/temp-install --with-mpfr=/tmp/ndk-toolchain-966/arm-eabi-4.4.0/temp-install --disable-libssp --enable-threads --disable-nls --disable-libmudflap --disable-libgomp --disable-libstdc__-v3 --disable-sjlj-exceptions --disable-shared --disable-tls --with-float=soft --with-fpu=vfp --with-arch=armv5te --enable-target-optspace --with-abi=aapcs --disable-nls --prefix=/tmp/ndk-toolchain-966/build/prebuilt/linux-x86/arm-eabi-4.4.0 --with-sysroot=/opt/digit/android/repo/eclair/development/ndk/build/platforms/android-3/arch-arm --with-binutils-version=2.19 --with-gcc-version=4.4.0 --with-gdb-version=6.6 --program-transform-name='s&^&arm-eabi-&'
Thread model: single
gcc version 4.4.0 (GCC) 
configure:3458: $? = 0
configure:3447: arm-eabi-g++ -V >&5
arm-eabi-g++: '-V' option must have argument
configure:3458: $? = 1
configure:3447: arm-eabi-g++ -qversion >&5
arm-eabi-g++: unrecognized option '-qversion'
arm-eabi-g++: no input files
configure:3458: $? = 1
configure:3480: checking for C++ compiler default output file name
configure:3502: arm-eabi-g++  -I/opt/android-ndk-r3/build/platforms/android-3/arch-arm/usr/include -nostdlib -L/opt/android-ndk-r3/build/platforms/android-3/arch-arm/usr/lib /opt/android-ndk-r3/build/platforms/android-3/arch-arm/usr/lib/crtbegin_static.o -lc -ldl conftest.cpp  >&5
configure:3506: $? = 0
configure:3543: result: a.out
configure:3559: checking whether the C++ compiler works
configure:3587: result: yes
configure:3594: checking whether we are cross compiling
configure:3596: result: yes
configure:3599: checking for suffix of executables
configure:3606: arm-eabi-g++ -o conftest  -I/opt/android-ndk-r3/build/platforms/android-3/arch-arm/usr/include -nostdlib -L/opt/android-ndk-r3/build/platforms/android-3/arch-arm/usr/lib /opt/android-ndk-r3/build/platforms/android-3/arch-arm/usr/lib/crtbegin_static.o -lc -ldl conftest.cpp  >&5
configure:3610: $? = 0
configure:3632: result: 
configure:3638: checking for suffix of object files
configure:3660: arm-eabi-g++ -c  -I/opt/android-ndk-r3/build/platforms/android-3/arch-arm/usr/include conftest.cpp >&5
configure:3664: $? = 0
configure:3685: result: o
configure:3689: checking whether we are using the GNU C++ compiler
configure:3708: arm-eabi-g++ -c  -I/opt/android-ndk-r3/build/platforms/android-3/arch-arm/usr/include conftest.cpp >&5
configure:3708: $? = 0
configure:3717: result: yes
configure:3726: checking whether arm-eabi-g++ accepts -g
configure:3746: arm-eabi-g++ -c -g -I/opt/android-ndk-r3/build/platforms/android-3/arch-arm/usr/include conftest.cpp >&5
configure:3746: $? = 0
configure:3787: result: yes
configure:3821: checking for style of include used by make
configure:3849: result: GNU
configure:3874: checking dependency style of arm-eabi-g++
configure:3984: result: gcc3
configure:4007: checking for arm-eabi-gcc
configure:4023: found /opt/android-ndk-r3/build/prebuilt/linux-x86/arm-eabi-4.4.0/bin/arm-eabi-gcc
configure:4034: result: arm-eabi-gcc
configure:4303: checking for C compiler version
configure:4312: arm-eabi-gcc --version >&5
arm-eabi-gcc (GCC) 4.4.0
Copyright (C) 2009 Free Software Foundation, Inc.
This is free software; see the source for copying conditions.  There is NO
warranty; not even for MERCHANTABILITY or FITNESS FOR A PARTICULAR PURPOSE.

configure:4323: $? = 0
configure:4312: arm-eabi-gcc -v >&5
Using built-in specs.
Target: arm-eabi
Configured with: /tmp/ndk-toolchain-966/src/build/../gcc/gcc-4.4.0/configure --prefix=/tmp/ndk-toolchain-966/build/prebuilt/linux-x86/arm-eabi-4.4.0 --target=arm-eabi --host=x86_64-unknown-linux-gnu --build=x86_64-unknown-linux-gnu --enable-languages=c,c++ --with-gmp=/tmp/ndk-toolchain-966/arm-eabi-4.4.0/temp-install --with-mpfr=/tmp/ndk-toolchain-966/arm-eabi-4.4.0/temp-install --disable-libssp --enable-threads --disable-nls --disable-libmudflap --disable-libgomp --disable-libstdc__-v3 --disable-sjlj-exceptions --disable-shared --disable-tls --with-float=soft --with-fpu=vfp --with-arch=armv5te --enable-target-optspace --with-abi=aapcs --disable-nls --prefix=/tmp/ndk-toolchain-966/build/prebuilt/linux-x86/arm-eabi-4.4.0 --with-sysroot=/opt/digit/android/repo/eclair/development/ndk/build/platforms/android-3/arch-arm --with-binutils-version=2.19 --with-gcc-version=4.4.0 --with-gdb-version=6.6 --program-transform-name='s&^&arm-eabi-&'
Thread model: single
gcc version 4.4.0 (GCC) 
configure:4323: $? = 0
configure:4312: arm-eabi-gcc -V >&5
arm-eabi-gcc: '-V' option must have argument
configure:4323: $? = 1
configure:4312: arm-eabi-gcc -qversion >&5
arm-eabi-gcc: unrecognized option '-qversion'
arm-eabi-gcc: no input files
configure:4323: $? = 1
configure:4327: checking whether we are using the GNU C compiler
configure:4346: arm-eabi-gcc -c -I/opt/android-ndk-r3/build/platforms/android-3/arch-arm/usr/include -I/opt/android-ndk-r3/build/platforms/android-3/arch-arm/usr/include conftest.c >&5
configure:4346: $? = 0
configure:4355: result: yes
configure:4364: checking whether arm-eabi-gcc accepts -g
configure:4384: arm-eabi-gcc -c -g -I/opt/android-ndk-r3/build/platforms/android-3/arch-arm/usr/include conftest.c >&5
configure:4384: $? = 0
configure:4425: result: yes
configure:4442: checking for arm-eabi-gcc option to accept ISO C89
configure:4506: arm-eabi-gcc  -c -I/opt/android-ndk-r3/build/platforms/android-3/arch-arm/usr/include -I/opt/android-ndk-r3/build/platforms/android-3/arch-arm/usr/include conftest.c >&5
configure:4506: $? = 0
configure:4519: result: none needed
configure:4541: checking dependency style of arm-eabi-gcc
configure:4651: result: gcc3
configure:4667: checking whether ln -s works
configure:4671: result: yes
configure:4678: checking whether make sets $(MAKE)
configure:4700: result: yes
configure:4736: checking for a sed that does not truncate output
configure:4800: result: /bin/sed
configure:4818: checking for grep that handles long lines and -e
configure:4876: result: /bin/grep
configure:4881: checking for egrep
configure:4943: result: /bin/grep -E
configure:4948: checking for fgrep
configure:5010: result: /bin/grep -F
configure:5045: checking for ld used by arm-eabi-gcc
configure:5112: result: /opt/android-ndk-r3/build/prebuilt/linux-x86/arm-eabi-4.4.0/arm-eabi/bin/ld
configure:5119: checking if the linker (/opt/android-ndk-r3/build/prebuilt/linux-x86/arm-eabi-4.4.0/arm-eabi/bin/ld) is GNU ld
configure:5134: result: yes
configure:5146: checking for BSD- or MS-compatible name lister (nm)
configure:5195: result: /opt/android-ndk-r3/build/prebuilt/linux-x86/arm-eabi-4.4.0/bin/arm-eabi-nm -B
configure:5313: checking the name lister (/opt/android-ndk-r3/build/prebuilt/linux-x86/arm-eabi-4.4.0/bin/arm-eabi-nm -B) interface
configure:5320: arm-eabi-gcc -c -I/opt/android-ndk-r3/build/platforms/android-3/arch-arm/usr/include -I/opt/android-ndk-r3/build/platforms/android-3/arch-arm/usr/include conftest.c >&5
configure:5323: /opt/android-ndk-r3/build/prebuilt/linux-x86/arm-eabi-4.4.0/bin/arm-eabi-nm -B "conftest.o"
configure:5326: output
00000000 B some_variable
configure:5333: result: BSD nm
configure:5337: checking the maximum length of command line arguments
configure:5457: result: 1572864
configure:5474: checking whether the shell understands some XSI constructs
configure:5484: result: yes
configure:5488: checking whether the shell understands "+="
configure:5494: result: yes
configure:5529: checking for /opt/android-ndk-r3/build/prebuilt/linux-x86/arm-eabi-4.4.0/arm-eabi/bin/ld option to reload object files
configure:5536: result: -r
configure:5565: checking for arm-eabi-objdump
configure:5581: found /opt/android-ndk-r3/build/prebuilt/linux-x86/arm-eabi-4.4.0/bin/arm-eabi-objdump
configure:5592: result: arm-eabi-objdump
configure:5664: checking how to recognize dependent libraries
configure:5860: result: unknown
configure:5880: checking for arm-eabi-ar
configure:5896: found /opt/android-ndk-r3/build/prebuilt/linux-x86/arm-eabi-4.4.0/bin/arm-eabi-ar
configure:5907: result: arm-eabi-ar
configure:5985: checking for arm-eabi-strip
configure:6012: result: arm-eabi-strip
configure:6084: checking for arm-eabi-ranlib
configure:6100: found /opt/android-ndk-r3/build/prebuilt/linux-x86/arm-eabi-4.4.0/bin/arm-eabi-ranlib
configure:6111: result: arm-eabi-ranlib
configure:6241: checking command to parse /opt/android-ndk-r3/build/prebuilt/linux-x86/arm-eabi-4.4.0/bin/arm-eabi-nm -B output from arm-eabi-gcc object
configure:6359: arm-eabi-gcc -c -I/opt/android-ndk-r3/build/platforms/android-3/arch-arm/usr/include -I/opt/android-ndk-r3/build/platforms/android-3/arch-arm/usr/include conftest.c >&5
configure:6362: $? = 0
configure:6366: /opt/android-ndk-r3/build/prebuilt/linux-x86/arm-eabi-4.4.0/bin/arm-eabi-nm -B conftest.o \| sed -n -e 's/^.*[	 ]\([ABCDGIRSTW][ABCDGIRSTW]*\)[	 ][	 ]*\([_A-Za-z][_A-Za-z0-9]*\)$/\1 \2 \2/p' \> conftest.nm
configure:6369: $? = 0
configure:6423: arm-eabi-gcc -o conftest -I/opt/android-ndk-r3/build/platforms/android-3/arch-arm/usr/include -I/opt/android-ndk-r3/build/platforms/android-3/arch-arm/usr/include -nostdlib -L/opt/android-ndk-r3/build/platforms/android-3/arch-arm/usr/lib /opt/android-ndk-r3/build/platforms/android-3/arch-arm/usr/lib/crtbegin_static.o -lc -ldl conftest.c conftstm.o >&5
configure:6426: $? = 0
configure:6464: result: ok
configure:7273: checking how to run the C preprocessor
configure:7304: arm-eabi-gcc -E -I/opt/android-ndk-r3/build/platforms/android-3/arch-arm/usr/include conftest.c
configure:7304: $? = 0
configure:7318: arm-eabi-gcc -E -I/opt/android-ndk-r3/build/platforms/android-3/arch-arm/usr/include conftest.c
conftest.c:11:28: error: ac_nonexistent.h: No such file or directory
configure:7318: $? = 1
configure: failed program was:
| /* confdefs.h */
| #define PACKAGE_NAME "opencore-amr"
| #define PACKAGE_TARNAME "opencore-amr"
| #define PACKAGE_VERSION "0.1.2"
| #define PACKAGE_STRING "opencore-amr 0.1.2"
| #define PACKAGE_BUGREPORT "https://sourceforge.net/apps/trac/opencore-amr/"
| #define PACKAGE_URL ""
| #define PACKAGE "opencore-amr"
| #define VERSION "0.1.2"
| /* end confdefs.h.  */
| #include <ac_nonexistent.h>
configure:7343: result: arm-eabi-gcc -E
configure:7363: arm-eabi-gcc -E -I/opt/android-ndk-r3/build/platforms/android-3/arch-arm/usr/include conftest.c
configure:7363: $? = 0
configure:7377: arm-eabi-gcc -E -I/opt/android-ndk-r3/build/platforms/android-3/arch-arm/usr/include conftest.c
conftest.c:11:28: error: ac_nonexistent.h: No such file or directory
configure:7377: $? = 1
configure: failed program was:
| /* confdefs.h */
| #define PACKAGE_NAME "opencore-amr"
| #define PACKAGE_TARNAME "opencore-amr"
| #define PACKAGE_VERSION "0.1.2"
| #define PACKAGE_STRING "opencore-amr 0.1.2"
| #define PACKAGE_BUGREPORT "https://sourceforge.net/apps/trac/opencore-amr/"
| #define PACKAGE_URL ""
| #define PACKAGE "opencore-amr"
| #define VERSION "0.1.2"
| /* end confdefs.h.  */
| #include <ac_nonexistent.h>
configure:7406: checking for ANSI C header files
configure:7426: arm-eabi-gcc -c -I/opt/android-ndk-r3/build/platforms/android-3/arch-arm/usr/include -I/opt/android-ndk-r3/build/platforms/android-3/arch-arm/usr/include conftest.c >&5
configure:7426: $? = 0
configure:7510: result: yes
configure:7523: checking for sys/types.h
configure:7523: arm-eabi-gcc -c -I/opt/android-ndk-r3/build/platforms/android-3/arch-arm/usr/include -I/opt/android-ndk-r3/build/platforms/android-3/arch-arm/usr/include conftest.c >&5
configure:7523: $? = 0
configure:7523: result: yes
configure:7523: checking for sys/stat.h
configure:7523: arm-eabi-gcc -c -I/opt/android-ndk-r3/build/platforms/android-3/arch-arm/usr/include -I/opt/android-ndk-r3/build/platforms/android-3/arch-arm/usr/include conftest.c >&5
configure:7523: $? = 0
configure:7523: result: yes
configure:7523: checking for stdlib.h
configure:7523: arm-eabi-gcc -c -I/opt/android-ndk-r3/build/platforms/android-3/arch-arm/usr/include -I/opt/android-ndk-r3/build/platforms/android-3/arch-arm/usr/include conftest.c >&5
configure:7523: $? = 0
configure:7523: result: yes
configure:7523: checking for string.h
configure:7523: arm-eabi-gcc -c -I/opt/android-ndk-r3/build/platforms/android-3/arch-arm/usr/include -I/opt/android-ndk-r3/build/platforms/android-3/arch-arm/usr/include conftest.c >&5
configure:7523: $? = 0
configure:7523: result: yes
configure:7523: checking for memory.h
configure:7523: arm-eabi-gcc -c -I/opt/android-ndk-r3/build/platforms/android-3/arch-arm/usr/include -I/opt/android-ndk-r3/build/platforms/android-3/arch-arm/usr/include conftest.c >&5
configure:7523: $? = 0
configure:7523: result: yes
configure:7523: checking for strings.h
configure:7523: arm-eabi-gcc -c -I/opt/android-ndk-r3/build/platforms/android-3/arch-arm/usr/include -I/opt/android-ndk-r3/build/platforms/android-3/arch-arm/usr/include conftest.c >&5
configure:7523: $? = 0
configure:7523: result: yes
configure:7523: checking for inttypes.h
configure:7523: arm-eabi-gcc -c -I/opt/android-ndk-r3/build/platforms/android-3/arch-arm/usr/include -I/opt/android-ndk-r3/build/platforms/android-3/arch-arm/usr/include conftest.c >&5
configure:7523: $? = 0
configure:7523: result: yes
configure:7523: checking for stdint.h
configure:7523: arm-eabi-gcc -c -I/opt/android-ndk-r3/build/platforms/android-3/arch-arm/usr/include -I/opt/android-ndk-r3/build/platforms/android-3/arch-arm/usr/include conftest.c >&5
configure:7523: $? = 0
configure:7523: result: yes
configure:7523: checking for unistd.h
configure:7523: arm-eabi-gcc -c -I/opt/android-ndk-r3/build/platforms/android-3/arch-arm/usr/include -I/opt/android-ndk-r3/build/platforms/android-3/arch-arm/usr/include conftest.c >&5
configure:7523: $? = 0
configure:7523: result: yes
configure:7538: checking for dlfcn.h
configure:7538: arm-eabi-gcc -c -I/opt/android-ndk-r3/build/platforms/android-3/arch-arm/usr/include -I/opt/android-ndk-r3/build/platforms/android-3/arch-arm/usr/include conftest.c >&5
configure:7538: $? = 0
configure:7538: result: yes
configure:7663: checking for C++ compiler version
configure:7672: arm-eabi-g++ --version >&5
arm-eabi-g++ (GCC) 4.4.0
Copyright (C) 2009 Free Software Foundation, Inc.
This is free software; see the source for copying conditions.  There is NO
warranty; not even for MERCHANTABILITY or FITNESS FOR A PARTICULAR PURPOSE.

configure:7683: $? = 0
configure:7672: arm-eabi-g++ -v >&5
Using built-in specs.
Target: arm-eabi
Configured with: /tmp/ndk-toolchain-966/src/build/../gcc/gcc-4.4.0/configure --prefix=/tmp/ndk-toolchain-966/build/prebuilt/linux-x86/arm-eabi-4.4.0 --target=arm-eabi --host=x86_64-unknown-linux-gnu --build=x86_64-unknown-linux-gnu --enable-languages=c,c++ --with-gmp=/tmp/ndk-toolchain-966/arm-eabi-4.4.0/temp-install --with-mpfr=/tmp/ndk-toolchain-966/arm-eabi-4.4.0/temp-install --disable-libssp --enable-threads --disable-nls --disable-libmudflap --disable-libgomp --disable-libstdc__-v3 --disable-sjlj-exceptions --disable-shared --disable-tls --with-float=soft --with-fpu=vfp --with-arch=armv5te --enable-target-optspace --with-abi=aapcs --disable-nls --prefix=/tmp/ndk-toolchain-966/build/prebuilt/linux-x86/arm-eabi-4.4.0 --with-sysroot=/opt/digit/android/repo/eclair/development/ndk/build/platforms/android-3/arch-arm --with-binutils-version=2.19 --with-gcc-version=4.4.0 --with-gdb-version=6.6 --program-transform-name='s&^&arm-eabi-&'
Thread model: single
gcc version 4.4.0 (GCC) 
configure:7683: $? = 0
configure:7672: arm-eabi-g++ -V >&5
arm-eabi-g++: '-V' option must have argument
configure:7683: $? = 1
configure:7672: arm-eabi-g++ -qversion >&5
arm-eabi-g++: unrecognized option '-qversion'
arm-eabi-g++: no input files
configure:7683: $? = 1
configure:7687: checking whether we are using the GNU C++ compiler
configure:7715: result: yes
configure:7724: checking whether arm-eabi-g++ accepts -g
configure:7785: result: yes
configure:7810: checking dependency style of arm-eabi-g++
configure:7920: result: gcc3
configure:7943: checking how to run the C++ preprocessor
configure:7970: arm-eabi-g++ -E -I/opt/android-ndk-r3/build/platforms/android-3/arch-arm/usr/include conftest.cpp
configure:7970: $? = 0
configure:7984: arm-eabi-g++ -E -I/opt/android-ndk-r3/build/platforms/android-3/arch-arm/usr/include conftest.cpp
conftest.cpp:22:28: error: ac_nonexistent.h: No such file or directory
configure:7984: $? = 1
configure: failed program was:
| /* confdefs.h */
| #define PACKAGE_NAME "opencore-amr"
| #define PACKAGE_TARNAME "opencore-amr"
| #define PACKAGE_VERSION "0.1.2"
| #define PACKAGE_STRING "opencore-amr 0.1.2"
| #define PACKAGE_BUGREPORT "https://sourceforge.net/apps/trac/opencore-amr/"
| #define PACKAGE_URL ""
| #define PACKAGE "opencore-amr"
| #define VERSION "0.1.2"
| #define STDC_HEADERS 1
| #define HAVE_SYS_TYPES_H 1
| #define HAVE_SYS_STAT_H 1
| #define HAVE_STDLIB_H 1
| #define HAVE_STRING_H 1
| #define HAVE_MEMORY_H 1
| #define HAVE_STRINGS_H 1
| #define HAVE_INTTYPES_H 1
| #define HAVE_STDINT_H 1
| #define HAVE_UNISTD_H 1
| #define HAVE_DLFCN_H 1
| /* end confdefs.h.  */
| #include <ac_nonexistent.h>
configure:8009: result: arm-eabi-g++ -E
configure:8029: arm-eabi-g++ -E -I/opt/android-ndk-r3/build/platforms/android-3/arch-arm/usr/include conftest.cpp
configure:8029: $? = 0
configure:8043: arm-eabi-g++ -E -I/opt/android-ndk-r3/build/platforms/android-3/arch-arm/usr/include conftest.cpp
conftest.cpp:22:28: error: ac_nonexistent.h: No such file or directory
configure:8043: $? = 1
configure: failed program was:
| /* confdefs.h */
| #define PACKAGE_NAME "opencore-amr"
| #define PACKAGE_TARNAME "opencore-amr"
| #define PACKAGE_VERSION "0.1.2"
| #define PACKAGE_STRING "opencore-amr 0.1.2"
| #define PACKAGE_BUGREPORT "https://sourceforge.net/apps/trac/opencore-amr/"
| #define PACKAGE_URL ""
| #define PACKAGE "opencore-amr"
| #define VERSION "0.1.2"
| #define STDC_HEADERS 1
| #define HAVE_SYS_TYPES_H 1
| #define HAVE_SYS_STAT_H 1
| #define HAVE_STDLIB_H 1
| #define HAVE_STRING_H 1
| #define HAVE_MEMORY_H 1
| #define HAVE_STRINGS_H 1
| #define HAVE_INTTYPES_H 1
| #define HAVE_STDINT_H 1
| #define HAVE_UNISTD_H 1
| #define HAVE_DLFCN_H 1
| /* end confdefs.h.  */
| #include <ac_nonexistent.h>
configure:8249: checking for objdir
configure:8264: result: .libs
configure:8560: checking if arm-eabi-gcc supports -fno-rtti -fno-exceptions
configure:8578: arm-eabi-gcc -c -I/opt/android-ndk-r3/build/platforms/android-3/arch-arm/usr/include -I/opt/android-ndk-r3/build/platforms/android-3/arch-arm/usr/include -fno-rtti -fno-exceptions conftest.c >&5
cc1: warning: command line option "-fno-rtti" is valid for C++/ObjC++ but not for C
configure:8582: $? = 0
configure:8595: result: no
configure:8615: checking for arm-eabi-gcc option to produce PIC
configure:8887: result: -fPIC -DPIC
configure:8899: checking if arm-eabi-gcc PIC flag -fPIC -DPIC works
configure:8917: arm-eabi-gcc -c -I/opt/android-ndk-r3/build/platforms/android-3/arch-arm/usr/include -I/opt/android-ndk-r3/build/platforms/android-3/arch-arm/usr/include -fPIC -DPIC -DPIC conftest.c >&5
configure:8921: $? = 0
configure:8934: result: yes
configure:8958: checking if arm-eabi-gcc static flag -static works
configure:8986: result: no
configure:9001: checking if arm-eabi-gcc supports -c -o file.o
configure:9022: arm-eabi-gcc -c -I/opt/android-ndk-r3/build/platforms/android-3/arch-arm/usr/include -I/opt/android-ndk-r3/build/platforms/android-3/arch-arm/usr/include -o out/conftest2.o conftest.c >&5
configure:9026: $? = 0
configure:9048: result: yes
configure:9056: checking if arm-eabi-gcc supports -c -o file.o
configure:9103: result: yes
configure:9136: checking whether the arm-eabi-gcc linker (/opt/android-ndk-r3/build/prebuilt/linux-x86/arm-eabi-4.4.0/arm-eabi/bin/ld) supports shared libraries
configure:10126: result: yes
configure:10163: checking whether -lc should be explicitly linked in
configure:10168: arm-eabi-gcc -c -I/opt/android-ndk-r3/build/platforms/android-3/arch-arm/usr/include -I/opt/android-ndk-r3/build/platforms/android-3/arch-arm/usr/include conftest.c >&5
configure:10171: $? = 0
configure:10186: arm-eabi-gcc -shared conftest.o  -v -Wl,-soname -Wl,conftest -o conftest 2\>\&1 \| /bin/grep  -lc  \>/dev/null 2\>\&1
configure:10189: $? = 1
configure:10201: result: yes
configure:10365: checking dynamic linker characteristics
configure:11028: result: no
configure:11130: checking how to hardcode library paths into programs
configure:11155: result: immediate
configure:11675: checking whether stripping libraries is possible
configure:11680: result: yes
configure:11715: checking if libtool supports shared libraries
configure:11717: result: no
configure:11720: checking whether to build shared libraries
configure:11741: result: no
configure:11744: checking whether to build static libraries
configure:11748: result: yes
configure:11898: checking for ld used by arm-eabi-g++
configure:11965: result: /opt/android-ndk-r3/build/prebuilt/linux-x86/arm-eabi-4.4.0/arm-eabi/bin/ld
configure:11972: checking if the linker (/opt/android-ndk-r3/build/prebuilt/linux-x86/arm-eabi-4.4.0/arm-eabi/bin/ld) is GNU ld
configure:11987: result: yes
configure:12042: checking whether the arm-eabi-g++ linker (/opt/android-ndk-r3/build/prebuilt/linux-x86/arm-eabi-4.4.0/arm-eabi/bin/ld) supports shared libraries
configure:12955: result: no
configure:12983: arm-eabi-g++ -c -g -O2 -I/opt/android-ndk-r3/build/platforms/android-3/arch-arm/usr/include conftest.cpp >&5
configure:12986: $? = 0
configure:13168: checking for arm-eabi-g++ option to produce PIC
configure:13485: result: -fPIC -DPIC
configure:13494: checking if arm-eabi-g++ PIC flag -fPIC -DPIC works
configure:13512: arm-eabi-g++ -c -g -O2 -I/opt/android-ndk-r3/build/platforms/android-3/arch-arm/usr/include -fPIC -DPIC -DPIC conftest.cpp >&5
configure:13516: $? = 0
configure:13529: result: yes
configure:13550: checking if arm-eabi-g++ static flag -static works
configure:13578: result: no
configure:13590: checking if arm-eabi-g++ supports -c -o file.o
configure:13611: arm-eabi-g++ -c -g -O2 -I/opt/android-ndk-r3/build/platforms/android-3/arch-arm/usr/include -o out/conftest2.o conftest.cpp >&5
configure:13615: $? = 0
configure:13637: result: yes
configure:13642: checking if arm-eabi-g++ supports -c -o file.o
configure:13689: result: yes
configure:13719: checking whether the arm-eabi-g++ linker (/opt/android-ndk-r3/build/prebuilt/linux-x86/arm-eabi-4.4.0/arm-eabi/bin/ld) supports shared libraries
configure:13748: result: no
configure:13885: checking dynamic linker characteristics
configure:14496: result: no
configure:14547: checking how to hardcode library paths into programs
configure:14572: result: immediate
configure:14633: checking for main in -lm
configure:14652: arm-eabi-gcc -o conftest -I/opt/android-ndk-r3/build/platforms/android-3/arch-arm/usr/include -I/opt/android-ndk-r3/build/platforms/android-3/arch-arm/usr/include -nostdlib -L/opt/android-ndk-r3/build/platforms/android-3/arch-arm/usr/lib /opt/android-ndk-r3/build/platforms/android-3/arch-arm/usr/lib/crtbegin_static.o -lc -ldl conftest.c -lm   >&5
configure:14652: $? = 0
configure:14661: result: yes
configure:14677: checking for stdint.h
configure:14677: result: yes
configure:14677: checking for stdlib.h
configure:14677: result: yes
configure:14677: checking for string.h
configure:14677: result: yes
configure:14690: checking for stdbool.h that conforms to C99
configure:14775: arm-eabi-gcc -c -I/opt/android-ndk-r3/build/platforms/android-3/arch-arm/usr/include -I/opt/android-ndk-r3/build/platforms/android-3/arch-arm/usr/include conftest.c >&5
configure:14775: $? = 0
configure:14782: result: yes
configure:14784: checking for _Bool
configure:14784: arm-eabi-gcc -c -I/opt/android-ndk-r3/build/platforms/android-3/arch-arm/usr/include -I/opt/android-ndk-r3/build/platforms/android-3/arch-arm/usr/include conftest.c >&5
configure:14784: $? = 0
configure:14784: arm-eabi-gcc -c -I/opt/android-ndk-r3/build/platforms/android-3/arch-arm/usr/include -I/opt/android-ndk-r3/build/platforms/android-3/arch-arm/usr/include conftest.c >&5
conftest.c: In function 'main':
conftest.c:63: error: expected expression before ')' token
configure:14784: $? = 1
configure: failed program was:
| /* confdefs.h */
| #define PACKAGE_NAME "opencore-amr"
| #define PACKAGE_TARNAME "opencore-amr"
| #define PACKAGE_VERSION "0.1.2"
| #define PACKAGE_STRING "opencore-amr 0.1.2"
| #define PACKAGE_BUGREPORT "https://sourceforge.net/apps/trac/opencore-amr/"
| #define PACKAGE_URL ""
| #define PACKAGE "opencore-amr"
| #define VERSION "0.1.2"
| #define STDC_HEADERS 1
| #define HAVE_SYS_TYPES_H 1
| #define HAVE_SYS_STAT_H 1
| #define HAVE_STDLIB_H 1
| #define HAVE_STRING_H 1
| #define HAVE_MEMORY_H 1
| #define HAVE_STRINGS_H 1
| #define HAVE_INTTYPES_H 1
| #define HAVE_STDINT_H 1
| #define HAVE_UNISTD_H 1
| #define HAVE_DLFCN_H 1
| #define LT_OBJDIR ".libs/"
| #define HAVE_LIBM 1
| #define HAVE_STDINT_H 1
| #define HAVE_STDLIB_H 1
| #define HAVE_STRING_H 1
| /* end confdefs.h.  */
| #include <stdio.h>
| #ifdef HAVE_SYS_TYPES_H
| # include <sys/types.h>
| #endif
| #ifdef HAVE_SYS_STAT_H
| # include <sys/stat.h>
| #endif
| #ifdef STDC_HEADERS
| # include <stdlib.h>
| # include <stddef.h>
| #else
| # ifdef HAVE_STDLIB_H
| #  include <stdlib.h>
| # endif
| #endif
| #ifdef HAVE_STRING_H
| # if !defined STDC_HEADERS && defined HAVE_MEMORY_H
| #  include <memory.h>
| # endif
| # include <string.h>
| #endif
| #ifdef HAVE_STRINGS_H
| # include <strings.h>
| #endif
| #ifdef HAVE_INTTYPES_H
| # include <inttypes.h>
| #endif
| #ifdef HAVE_STDINT_H
| # include <stdint.h>
| #endif
| #ifdef HAVE_UNISTD_H
| # include <unistd.h>
| #endif
| int
| main ()
| {
| if (sizeof ((_Bool)))
| 	    return 0;
|   ;
|   return 0;
| }
configure:14784: result: yes
configure:14800: checking for inline
configure:14816: arm-eabi-gcc -c -I/opt/android-ndk-r3/build/platforms/android-3/arch-arm/usr/include -I/opt/android-ndk-r3/build/platforms/android-3/arch-arm/usr/include conftest.c >&5
configure:14816: $? = 0
configure:14824: result: inline
configure:14842: checking for int16_t
configure:14842: arm-eabi-gcc -c -I/opt/android-ndk-r3/build/platforms/android-3/arch-arm/usr/include -I/opt/android-ndk-r3/build/platforms/android-3/arch-arm/usr/include conftest.c >&5
configure:14842: $? = 0
configure:14842: arm-eabi-gcc -c -I/opt/android-ndk-r3/build/platforms/android-3/arch-arm/usr/include -I/opt/android-ndk-r3/build/platforms/android-3/arch-arm/usr/include conftest.c >&5
conftest.c: In function 'main':
conftest.c:66: error: size of array 'test_array' is negative
configure:14842: $? = 1
configure: failed program was:
| /* confdefs.h */
| #define PACKAGE_NAME "opencore-amr"
| #define PACKAGE_TARNAME "opencore-amr"
| #define PACKAGE_VERSION "0.1.2"
| #define PACKAGE_STRING "opencore-amr 0.1.2"
| #define PACKAGE_BUGREPORT "https://sourceforge.net/apps/trac/opencore-amr/"
| #define PACKAGE_URL ""
| #define PACKAGE "opencore-amr"
| #define VERSION "0.1.2"
| #define STDC_HEADERS 1
| #define HAVE_SYS_TYPES_H 1
| #define HAVE_SYS_STAT_H 1
| #define HAVE_STDLIB_H 1
| #define HAVE_STRING_H 1
| #define HAVE_MEMORY_H 1
| #define HAVE_STRINGS_H 1
| #define HAVE_INTTYPES_H 1
| #define HAVE_STDINT_H 1
| #define HAVE_UNISTD_H 1
| #define HAVE_DLFCN_H 1
| #define LT_OBJDIR ".libs/"
| #define HAVE_LIBM 1
| #define HAVE_STDINT_H 1
| #define HAVE_STDLIB_H 1
| #define HAVE_STRING_H 1
| #define HAVE__BOOL 1
| #define HAVE_STDBOOL_H 1
| /* end confdefs.h.  */
| #include <stdio.h>
| #ifdef HAVE_SYS_TYPES_H
| # include <sys/types.h>
| #endif
| #ifdef HAVE_SYS_STAT_H
| # include <sys/stat.h>
| #endif
| #ifdef STDC_HEADERS
| # include <stdlib.h>
| # include <stddef.h>
| #else
| # ifdef HAVE_STDLIB_H
| #  include <stdlib.h>
| # endif
| #endif
| #ifdef HAVE_STRING_H
| # if !defined STDC_HEADERS && defined HAVE_MEMORY_H
| #  include <memory.h>
| # endif
| # include <string.h>
| #endif
| #ifdef HAVE_STRINGS_H
| # include <strings.h>
| #endif
| #ifdef HAVE_INTTYPES_H
| # include <inttypes.h>
| #endif
| #ifdef HAVE_STDINT_H
| # include <stdint.h>
| #endif
| #ifdef HAVE_UNISTD_H
| # include <unistd.h>
| #endif
| int
| main ()
| {
| static int test_array [1 - 2 * !((int16_t) ((((int16_t) 1 << (16 - 2)) - 1) * 2 + 1)
| 		 < (int16_t) ((((int16_t) 1 << (16 - 2)) - 1) * 2 + 2))];
| test_array [0] = 0
| 
|   ;
|   return 0;
| }
configure:14842: result: yes
configure:14853: checking for int32_t
configure:14853: arm-eabi-gcc -c -I/opt/android-ndk-r3/build/platforms/android-3/arch-arm/usr/include -I/opt/android-ndk-r3/build/platforms/android-3/arch-arm/usr/include conftest.c >&5
configure:14853: $? = 0
configure:14853: arm-eabi-gcc -c -I/opt/android-ndk-r3/build/platforms/android-3/arch-arm/usr/include -I/opt/android-ndk-r3/build/platforms/android-3/arch-arm/usr/include conftest.c >&5
conftest.c: In function 'main':
conftest.c:66: warning: integer overflow in expression
conftest.c:66: error: size of array 'test_array' is negative
configure:14853: $? = 1
configure: failed program was:
| /* confdefs.h */
| #define PACKAGE_NAME "opencore-amr"
| #define PACKAGE_TARNAME "opencore-amr"
| #define PACKAGE_VERSION "0.1.2"
| #define PACKAGE_STRING "opencore-amr 0.1.2"
| #define PACKAGE_BUGREPORT "https://sourceforge.net/apps/trac/opencore-amr/"
| #define PACKAGE_URL ""
| #define PACKAGE "opencore-amr"
| #define VERSION "0.1.2"
| #define STDC_HEADERS 1
| #define HAVE_SYS_TYPES_H 1
| #define HAVE_SYS_STAT_H 1
| #define HAVE_STDLIB_H 1
| #define HAVE_STRING_H 1
| #define HAVE_MEMORY_H 1
| #define HAVE_STRINGS_H 1
| #define HAVE_INTTYPES_H 1
| #define HAVE_STDINT_H 1
| #define HAVE_UNISTD_H 1
| #define HAVE_DLFCN_H 1
| #define LT_OBJDIR ".libs/"
| #define HAVE_LIBM 1
| #define HAVE_STDINT_H 1
| #define HAVE_STDLIB_H 1
| #define HAVE_STRING_H 1
| #define HAVE__BOOL 1
| #define HAVE_STDBOOL_H 1
| /* end confdefs.h.  */
| #include <stdio.h>
| #ifdef HAVE_SYS_TYPES_H
| # include <sys/types.h>
| #endif
| #ifdef HAVE_SYS_STAT_H
| # include <sys/stat.h>
| #endif
| #ifdef STDC_HEADERS
| # include <stdlib.h>
| # include <stddef.h>
| #else
| # ifdef HAVE_STDLIB_H
| #  include <stdlib.h>
| # endif
| #endif
| #ifdef HAVE_STRING_H
| # if !defined STDC_HEADERS && defined HAVE_MEMORY_H
| #  include <memory.h>
| # endif
| # include <string.h>
| #endif
| #ifdef HAVE_STRINGS_H
| # include <strings.h>
| #endif
| #ifdef HAVE_INTTYPES_H
| # include <inttypes.h>
| #endif
| #ifdef HAVE_STDINT_H
| # include <stdint.h>
| #endif
| #ifdef HAVE_UNISTD_H
| # include <unistd.h>
| #endif
| int
| main ()
| {
| static int test_array [1 - 2 * !((int32_t) ((((int32_t) 1 << (32 - 2)) - 1) * 2 + 1)
| 		 < (int32_t) ((((int32_t) 1 << (32 - 2)) - 1) * 2 + 2))];
| test_array [0] = 0
| 
|   ;
|   return 0;
| }
configure:14853: result: yes
configure:14864: checking for int64_t
configure:14864: arm-eabi-gcc -c -I/opt/android-ndk-r3/build/platforms/android-3/arch-arm/usr/include -I/opt/android-ndk-r3/build/platforms/android-3/arch-arm/usr/include conftest.c >&5
configure:14864: $? = 0
configure:14864: arm-eabi-gcc -c -I/opt/android-ndk-r3/build/platforms/android-3/arch-arm/usr/include -I/opt/android-ndk-r3/build/platforms/android-3/arch-arm/usr/include conftest.c >&5
conftest.c: In function 'main':
conftest.c:66: warning: integer overflow in expression
conftest.c:66: error: size of array 'test_array' is negative
configure:14864: $? = 1
configure: failed program was:
| /* confdefs.h */
| #define PACKAGE_NAME "opencore-amr"
| #define PACKAGE_TARNAME "opencore-amr"
| #define PACKAGE_VERSION "0.1.2"
| #define PACKAGE_STRING "opencore-amr 0.1.2"
| #define PACKAGE_BUGREPORT "https://sourceforge.net/apps/trac/opencore-amr/"
| #define PACKAGE_URL ""
| #define PACKAGE "opencore-amr"
| #define VERSION "0.1.2"
| #define STDC_HEADERS 1
| #define HAVE_SYS_TYPES_H 1
| #define HAVE_SYS_STAT_H 1
| #define HAVE_STDLIB_H 1
| #define HAVE_STRING_H 1
| #define HAVE_MEMORY_H 1
| #define HAVE_STRINGS_H 1
| #define HAVE_INTTYPES_H 1
| #define HAVE_STDINT_H 1
| #define HAVE_UNISTD_H 1
| #define HAVE_DLFCN_H 1
| #define LT_OBJDIR ".libs/"
| #define HAVE_LIBM 1
| #define HAVE_STDINT_H 1
| #define HAVE_STDLIB_H 1
| #define HAVE_STRING_H 1
| #define HAVE__BOOL 1
| #define HAVE_STDBOOL_H 1
| /* end confdefs.h.  */
| #include <stdio.h>
| #ifdef HAVE_SYS_TYPES_H
| # include <sys/types.h>
| #endif
| #ifdef HAVE_SYS_STAT_H
| # include <sys/stat.h>
| #endif
| #ifdef STDC_HEADERS
| # include <stdlib.h>
| # include <stddef.h>
| #else
| # ifdef HAVE_STDLIB_H
| #  include <stdlib.h>
| # endif
| #endif
| #ifdef HAVE_STRING_H
| # if !defined STDC_HEADERS && defined HAVE_MEMORY_H
| #  include <memory.h>
| # endif
| # include <string.h>
| #endif
| #ifdef HAVE_STRINGS_H
| # include <strings.h>
| #endif
| #ifdef HAVE_INTTYPES_H
| # include <inttypes.h>
| #endif
| #ifdef HAVE_STDINT_H
| # include <stdint.h>
| #endif
| #ifdef HAVE_UNISTD_H
| # include <unistd.h>
| #endif
| int
| main ()
| {
| static int test_array [1 - 2 * !((int64_t) ((((int64_t) 1 << (64 - 2)) - 1) * 2 + 1)
| 		 < (int64_t) ((((int64_t) 1 << (64 - 2)) - 1) * 2 + 2))];
| test_array [0] = 0
| 
|   ;
|   return 0;
| }
configure:14864: result: yes
configure:14875: checking for int8_t
configure:14875: arm-eabi-gcc -c -I/opt/android-ndk-r3/build/platforms/android-3/arch-arm/usr/include -I/opt/android-ndk-r3/build/platforms/android-3/arch-arm/usr/include conftest.c >&5
configure:14875: $? = 0
configure:14875: arm-eabi-gcc -c -I/opt/android-ndk-r3/build/platforms/android-3/arch-arm/usr/include -I/opt/android-ndk-r3/build/platforms/android-3/arch-arm/usr/include conftest.c >&5
conftest.c: In function 'main':
conftest.c:66: error: size of array 'test_array' is negative
configure:14875: $? = 1
configure: failed program was:
| /* confdefs.h */
| #define PACKAGE_NAME "opencore-amr"
| #define PACKAGE_TARNAME "opencore-amr"
| #define PACKAGE_VERSION "0.1.2"
| #define PACKAGE_STRING "opencore-amr 0.1.2"
| #define PACKAGE_BUGREPORT "https://sourceforge.net/apps/trac/opencore-amr/"
| #define PACKAGE_URL ""
| #define PACKAGE "opencore-amr"
| #define VERSION "0.1.2"
| #define STDC_HEADERS 1
| #define HAVE_SYS_TYPES_H 1
| #define HAVE_SYS_STAT_H 1
| #define HAVE_STDLIB_H 1
| #define HAVE_STRING_H 1
| #define HAVE_MEMORY_H 1
| #define HAVE_STRINGS_H 1
| #define HAVE_INTTYPES_H 1
| #define HAVE_STDINT_H 1
| #define HAVE_UNISTD_H 1
| #define HAVE_DLFCN_H 1
| #define LT_OBJDIR ".libs/"
| #define HAVE_LIBM 1
| #define HAVE_STDINT_H 1
| #define HAVE_STDLIB_H 1
| #define HAVE_STRING_H 1
| #define HAVE__BOOL 1
| #define HAVE_STDBOOL_H 1
| /* end confdefs.h.  */
| #include <stdio.h>
| #ifdef HAVE_SYS_TYPES_H
| # include <sys/types.h>
| #endif
| #ifdef HAVE_SYS_STAT_H
| # include <sys/stat.h>
| #endif
| #ifdef STDC_HEADERS
| # include <stdlib.h>
| # include <stddef.h>
| #else
| # ifdef HAVE_STDLIB_H
| #  include <stdlib.h>
| # endif
| #endif
| #ifdef HAVE_STRING_H
| # if !defined STDC_HEADERS && defined HAVE_MEMORY_H
| #  include <memory.h>
| # endif
| # include <string.h>
| #endif
| #ifdef HAVE_STRINGS_H
| # include <strings.h>
| #endif
| #ifdef HAVE_INTTYPES_H
| # include <inttypes.h>
| #endif
| #ifdef HAVE_STDINT_H
| # include <stdint.h>
| #endif
| #ifdef HAVE_UNISTD_H
| # include <unistd.h>
| #endif
| int
| main ()
| {
| static int test_array [1 - 2 * !((int8_t) ((((int8_t) 1 << (8 - 2)) - 1) * 2 + 1)
| 		 < (int8_t) ((((int8_t) 1 << (8 - 2)) - 1) * 2 + 2))];
| test_array [0] = 0
| 
|   ;
|   return 0;
| }
configure:14875: result: yes
configure:14886: checking for uint16_t
configure:14886: arm-eabi-gcc -c -I/opt/android-ndk-r3/build/platforms/android-3/arch-arm/usr/include -I/opt/android-ndk-r3/build/platforms/android-3/arch-arm/usr/include conftest.c >&5
configure:14886: $? = 0
configure:14886: result: yes
configure:14898: checking for uint32_t
configure:14898: arm-eabi-gcc -c -I/opt/android-ndk-r3/build/platforms/android-3/arch-arm/usr/include -I/opt/android-ndk-r3/build/platforms/android-3/arch-arm/usr/include conftest.c >&5
configure:14898: $? = 0
configure:14898: result: yes
configure:14912: checking for uint64_t
configure:14912: arm-eabi-gcc -c -I/opt/android-ndk-r3/build/platforms/android-3/arch-arm/usr/include -I/opt/android-ndk-r3/build/platforms/android-3/arch-arm/usr/include conftest.c >&5
configure:14912: $? = 0
configure:14912: result: yes
configure:14926: checking for uint8_t
configure:14926: arm-eabi-gcc -c -I/opt/android-ndk-r3/build/platforms/android-3/arch-arm/usr/include -I/opt/android-ndk-r3/build/platforms/android-3/arch-arm/usr/include conftest.c >&5
configure:14926: $? = 0
configure:14926: result: yes
configure:14944: checking for stdlib.h
configure:14944: result: yes
configure:14954: checking for GNU libc compatible malloc
configure:14988: result: no
configure:15011: checking for memset
configure:15011: arm-eabi-gcc -o conftest -I/opt/android-ndk-r3/build/platforms/android-3/arch-arm/usr/include -I/opt/android-ndk-r3/build/platforms/android-3/arch-arm/usr/include -nostdlib -L/opt/android-ndk-r3/build/platforms/android-3/arch-arm/usr/lib /opt/android-ndk-r3/build/platforms/android-3/arch-arm/usr/lib/crtbegin_static.o -lc -ldl conftest.c -lm  >&5
conftest.c:55: warning: conflicting types for built-in function 'memset'
configure:15011: $? = 0
configure:15011: result: yes
configure:15165: creating ./config.status

## ---------------------- ##
## Running config.status. ##
## ---------------------- ##

This file was extended by opencore-amr config.status 0.1.2, which was
generated by GNU Autoconf 2.64.  Invocation command line was

  CONFIG_FILES    = 
  CONFIG_HEADERS  = 
  CONFIG_LINKS    = 
  CONFIG_COMMANDS = 
  $ ./config.status 

on ppshorizon310

config.status:1141: creating Makefile
config.status:1141: creating amrnb/Makefile
config.status:1141: creating amrwb/Makefile
config.status:1141: creating test/Makefile
config.status:1141: creating amrnb/opencore-amrnb.pc
config.status:1141: creating amrwb/opencore-amrwb.pc
config.status:1141: creating config.h
config.status:1361: executing depfiles commands
config.status:1361: executing libtool commands

## ---------------- ##
## Cache variables. ##
## ---------------- ##

ac_cv_build=x86_64-unknown-linux-gnu
ac_cv_c_compiler_gnu=yes
ac_cv_c_inline=inline
ac_cv_c_int16_t=yes
ac_cv_c_int32_t=yes
ac_cv_c_int64_t=yes
ac_cv_c_int8_t=yes
ac_cv_c_uint16_t=yes
ac_cv_c_uint32_t=yes
ac_cv_c_uint64_t=yes
ac_cv_c_uint8_t=yes
ac_cv_cxx_compiler_gnu=yes
ac_cv_env_CCC_set=
ac_cv_env_CCC_value=
ac_cv_env_CC_set=
ac_cv_env_CC_value=
ac_cv_env_CFLAGS_set=set
ac_cv_env_CFLAGS_value=-I/opt/android-ndk-r3/build/platforms/android-3/arch-arm/usr/include
ac_cv_env_CPPFLAGS_set=set
ac_cv_env_CPPFLAGS_value=-I/opt/android-ndk-r3/build/platforms/android-3/arch-arm/usr/include
ac_cv_env_CPP_set=
ac_cv_env_CPP_value=
ac_cv_env_CXXCPP_set=
ac_cv_env_CXXCPP_value=
ac_cv_env_CXXFLAGS_set=
ac_cv_env_CXXFLAGS_value=
ac_cv_env_CXX_set=
ac_cv_env_CXX_value=
ac_cv_env_LDFLAGS_set=set
ac_cv_env_LDFLAGS_value='-nostdlib -L/opt/android-ndk-r3/build/platforms/android-3/arch-arm/usr/lib /opt/android-ndk-r3/build/platforms/android-3/arch-arm/usr/lib/crtbegin_static.o -lc -ldl'
ac_cv_env_LIBS_set=
ac_cv_env_LIBS_value=
ac_cv_env_build_alias_set=set
ac_cv_env_build_alias_value=x86_64-unknown-linux-gnu
ac_cv_env_host_alias_set=set
ac_cv_env_host_alias_value=arm-eabi
ac_cv_env_target_alias_set=
ac_cv_env_target_alias_value=
ac_cv_func_malloc_0_nonnull=no
ac_cv_func_memset=yes
ac_cv_header_dlfcn_h=yes
ac_cv_header_inttypes_h=yes
ac_cv_header_memory_h=yes
ac_cv_header_stdbool_h=yes
ac_cv_header_stdc=yes
ac_cv_header_stdint_h=yes
ac_cv_header_stdlib_h=yes
ac_cv_header_string_h=yes
ac_cv_header_strings_h=yes
ac_cv_header_sys_stat_h=yes
ac_cv_header_sys_types_h=yes
ac_cv_header_unistd_h=yes
ac_cv_host=arm-unknown-eabi
ac_cv_lib_m_main=yes
ac_cv_objext=o
ac_cv_path_EGREP='/bin/grep -E'
ac_cv_path_FGREP='/bin/grep -F'
ac_cv_path_GREP=/bin/grep
ac_cv_path_SED=/bin/sed
ac_cv_path_install='/usr/bin/install -c'
ac_cv_path_mkdir=/bin/mkdir
ac_cv_prog_AR=arm-eabi-ar
ac_cv_prog_AWK=gawk
ac_cv_prog_CC=arm-eabi-gcc
ac_cv_prog_CPP='arm-eabi-gcc -E'
ac_cv_prog_CXX=arm-eabi-g++
ac_cv_prog_CXXCPP='arm-eabi-g++ -E'
ac_cv_prog_OBJDUMP=arm-eabi-objdump
ac_cv_prog_RANLIB=arm-eabi-ranlib
ac_cv_prog_STRIP=arm-eabi-strip
ac_cv_prog_cc_c89=
ac_cv_prog_cc_g=yes
ac_cv_prog_cxx_g=yes
ac_cv_prog_make_make_set=yes
ac_cv_type__Bool=yes
am_cv_CC_dependencies_compiler_type=gcc3
am_cv_CXX_dependencies_compiler_type=gcc3
am_cv_prog_tar_ustar=gnutar
lt_cv_deplibs_check_method=unknown
lt_cv_file_magic_cmd='$MAGIC_CMD'
lt_cv_file_magic_test_file=
lt_cv_ld_reload_flag=-r
lt_cv_nm_interface='BSD nm'
lt_cv_objdir=.libs
lt_cv_path_LD=/opt/android-ndk-r3/build/prebuilt/linux-x86/arm-eabi-4.4.0/arm-eabi/bin/ld
lt_cv_path_LDCXX=/opt/android-ndk-r3/build/prebuilt/linux-x86/arm-eabi-4.4.0/arm-eabi/bin/ld
lt_cv_path_NM='/opt/android-ndk-r3/build/prebuilt/linux-x86/arm-eabi-4.4.0/bin/arm-eabi-nm -B'
lt_cv_prog_compiler_c_o=yes
lt_cv_prog_compiler_c_o_CXX=yes
lt_cv_prog_compiler_pic_works=yes
lt_cv_prog_compiler_pic_works_CXX=yes
lt_cv_prog_compiler_rtti_exceptions=no
lt_cv_prog_compiler_static_works=no
lt_cv_prog_compiler_static_works_CXX=no
lt_cv_prog_gnu_ld=yes
lt_cv_prog_gnu_ldcxx=yes
lt_cv_sys_global_symbol_pipe='sed -n -e '\''s/^.*[	 ]\([ABCDGIRSTW][ABCDGIRSTW]*\)[	 ][	 ]*\([_A-Za-z][_A-Za-z0-9]*\)$/\1 \2 \2/p'\'''
lt_cv_sys_global_symbol_to_c_name_address='sed -n -e '\''s/^: \([^ ]*\) $/  {\"\1\", (void *) 0},/p'\'' -e '\''s/^[ABCDGIRSTW]* \([^ ]*\) \([^ ]*\)$/  {"\2", (void *) \&\2},/p'\'''
lt_cv_sys_global_symbol_to_c_name_address_lib_prefix='sed -n -e '\''s/^: \([^ ]*\) $/  {\"\1\", (void *) 0},/p'\'' -e '\''s/^[ABCDGIRSTW]* \([^ ]*\) \(lib[^ ]*\)$/  {"\2", (void *) \&\2},/p'\'' -e '\''s/^[ABCDGIRSTW]* \([^ ]*\) \([^ ]*\)$/  {"lib\2", (void *) \&\2},/p'\'''
lt_cv_sys_global_symbol_to_cdecl='sed -n -e '\''s/^T .* \(.*\)$/extern int \1();/p'\'' -e '\''s/^[ABCDGIRSTW]* .* \(.*\)$/extern char \1;/p'\'''
lt_cv_sys_max_cmd_len=1572864

## ----------------- ##
## Output variables. ##
## ----------------- ##

ACLOCAL='${SHELL} /home/pszdp1/goodvideo/sources/opencore-amr-0.1.2/missing --run aclocal-1.11'
AMDEPBACKSLASH='\'
AMDEP_FALSE='#'
AMDEP_TRUE=''
AMTAR='${SHELL} /home/pszdp1/goodvideo/sources/opencore-amr-0.1.2/missing --run tar'
AR='arm-eabi-ar'
AUTOCONF='${SHELL} /home/pszdp1/goodvideo/sources/opencore-amr-0.1.2/missing --run autoconf'
AUTOHEADER='${SHELL} /home/pszdp1/goodvideo/sources/opencore-amr-0.1.2/missing --run autoheader'
AUTOMAKE='${SHELL} /home/pszdp1/goodvideo/sources/opencore-amr-0.1.2/missing --run automake-1.11'
AWK='gawk'
CC='arm-eabi-gcc'
CCDEPMODE='depmode=gcc3'
CFLAGS='-I/opt/android-ndk-r3/build/platforms/android-3/arch-arm/usr/include'
COMPILE_AS_C_FALSE='#'
COMPILE_AS_C_TRUE=''
CPP='arm-eabi-gcc -E'
CPPFLAGS='-I/opt/android-ndk-r3/build/platforms/android-3/arch-arm/usr/include'
CXX='arm-eabi-g++'
CXXCPP='arm-eabi-g++ -E'
CXXDEPMODE='depmode=gcc3'
CXXFLAGS='-g -O2'
CYGPATH_W='echo'
DEFS='-DHAVE_CONFIG_H'
DEPDIR='.deps'
DSYMUTIL=''
DUMPBIN=''
ECHO_C=''
ECHO_N='-n'
ECHO_T=''
EGREP='/bin/grep -E'
EXEEXT=''
FGREP='/bin/grep -F'
GREP='/bin/grep'
INSTALL_DATA='${INSTALL} -m 644'
INSTALL_PROGRAM='${INSTALL}'
INSTALL_SCRIPT='${INSTALL}'
INSTALL_STRIP_PROGRAM='$(install_sh) -c -s'
LD='/opt/android-ndk-r3/build/prebuilt/linux-x86/arm-eabi-4.4.0/arm-eabi/bin/ld'
LDFLAGS='-nostdlib -L/opt/android-ndk-r3/build/platforms/android-3/arch-arm/usr/lib /opt/android-ndk-r3/build/platforms/android-3/arch-arm/usr/lib/crtbegin_static.o -lc -ldl'
LIBOBJS=' ${LIBOBJDIR}malloc$U.o'
LIBS='-lm '
LIBTOOL='$(SHELL) $(top_builddir)/libtool'
LIBTOOL_DEPS='./ltmain.sh'
LIPO=''
LN_S='ln -s'
LTLIBOBJS=' ${LIBOBJDIR}malloc$U.lo'
MAINT='#'
MAINTAINER_MODE_FALSE=''
MAINTAINER_MODE_TRUE='#'
MAKEINFO='${SHELL} /home/pszdp1/goodvideo/sources/opencore-amr-0.1.2/missing --run makeinfo'
MKDIR_P='/bin/mkdir -p'
NM='/opt/android-ndk-r3/build/prebuilt/linux-x86/arm-eabi-4.4.0/bin/arm-eabi-nm -B'
NMEDIT=''
OBJDUMP='arm-eabi-objdump'
OBJEXT='o'
OPENCORE_AMRNB_VERSION='0:2:0'
OPENCORE_AMRWB_VERSION='0:2:0'
OTOOL64=''
OTOOL=''
PACKAGE='opencore-amr'
PACKAGE_BUGREPORT='https://sourceforge.net/apps/trac/opencore-amr/'
PACKAGE_NAME='opencore-amr'
PACKAGE_STRING='opencore-amr 0.1.2'
PACKAGE_TARNAME='opencore-amr'
PACKAGE_URL=''
PACKAGE_VERSION='0.1.2'
PATH_SEPARATOR=':'
RANLIB='arm-eabi-ranlib'
SED='/bin/sed'
SET_MAKE=''
SHELL='/bin/bash'
STRIP='arm-eabi-strip'
VERSION='0.1.2'
ac_ct_CC=''
ac_ct_CXX=''
ac_ct_DUMPBIN=''
am__EXEEXT_FALSE=''
am__EXEEXT_TRUE='#'
am__fastdepCC_FALSE='#'
am__fastdepCC_TRUE=''
am__fastdepCXX_FALSE='#'
am__fastdepCXX_TRUE=''
am__include='include'
am__isrc=''
am__leading_dot='.'
am__quote=''
am__tar='tar --format=ustar -chf - "$$tardir"'
am__untar='tar -xf -'
bindir='${exec_prefix}/bin'
build='x86_64-unknown-linux-gnu'
build_alias='x86_64-unknown-linux-gnu'
build_cpu='x86_64'
build_os='linux-gnu'
build_vendor='unknown'
datadir='${datarootdir}'
datarootdir='${prefix}/share'
docdir='${datarootdir}/doc/${PACKAGE_TARNAME}'
dvidir='${docdir}'
exec_prefix='${prefix}'
host='arm-unknown-eabi'
host_alias='arm-eabi'
host_cpu='arm'
host_os='eabi'
host_vendor='unknown'
htmldir='${docdir}'
includedir='${prefix}/include'
infodir='${datarootdir}/info'
install_sh='${SHELL} /home/pszdp1/goodvideo/sources/opencore-amr-0.1.2/install-sh'
libdir='${exec_prefix}/lib'
libexecdir='${exec_prefix}/libexec'
localedir='${datarootdir}/locale'
localstatedir='${prefix}/var'
lt_ECHO='echo'
mandir='${datarootdir}/man'
mkdir_p='/bin/mkdir -p'
oldincludedir='/usr/include'
pdfdir='${docdir}'
prefix='/usr/local'
program_transform_name='s,x,x,'
psdir='${docdir}'
sbindir='${exec_prefix}/sbin'
sharedstatedir='${prefix}/com'
sysconfdir='${prefix}/etc'
target_alias=''

## ----------- ##
## confdefs.h. ##
## ----------- ##

/* confdefs.h */
#define PACKAGE_NAME "opencore-amr"
#define PACKAGE_TARNAME "opencore-amr"
#define PACKAGE_VERSION "0.1.2"
#define PACKAGE_STRING "opencore-amr 0.1.2"
#define PACKAGE_BUGREPORT "https://sourceforge.net/apps/trac/opencore-amr/"
#define PACKAGE_URL ""
#define PACKAGE "opencore-amr"
#define VERSION "0.1.2"
#define STDC_HEADERS 1
#define HAVE_SYS_TYPES_H 1
#define HAVE_SYS_STAT_H 1
#define HAVE_STDLIB_H 1
#define HAVE_STRING_H 1
#define HAVE_MEMORY_H 1
#define HAVE_STRINGS_H 1
#define HAVE_INTTYPES_H 1
#define HAVE_STDINT_H 1
#define HAVE_UNISTD_H 1
#define HAVE_DLFCN_H 1
#define LT_OBJDIR ".libs/"
#define HAVE_LIBM 1
#define HAVE_STDINT_H 1
#define HAVE_STDLIB_H 1
#define HAVE_STRING_H 1
#define HAVE__BOOL 1
#define HAVE_STDBOOL_H 1
#define HAVE_STDLIB_H 1
#define HAVE_MALLOC 0
#define malloc rpl_malloc
#define HAVE_MEMSET 1

configure: exit 0
