This file contains any messages produced by compilers while
running configure, to aid debugging if configure makes a mistake.

It was created by FAAC configure 1.28, which was
generated by GNU Autoconf 2.61.  Invocation command line was

  $ ./configure 

## --------- ##
## Platform. ##
## --------- ##

hostname = ppshorizon310
uname -m = x86_64
uname -r = 2.6.31-20-generic
uname -s = Linux
uname -v = #58-Ubuntu SMP Fri Mar 12 04:38:19 UTC 2010

/usr/bin/uname -p = unknown
/bin/uname -X     = unknown

/bin/arch              = unknown
/usr/bin/arch -k       = unknown
/usr/convex/getsysinfo = unknown
/usr/bin/hostinfo      = unknown
/bin/machine           = unknown
/usr/bin/oslevel       = unknown
/bin/universe          = unknown

PATH: /opt/java/bin
PATH: /opt/ant/bin
PATH: /usr/local/sbin
PATH: /usr/local/bin
PATH: /usr/sbin
PATH: /usr/bin
PATH: /sbin
PATH: /bin
PATH: /usr/games
PATH: /opt/real/RealPlayer


## ----------- ##
## Core tests. ##
## ----------- ##

configure:1982: checking for a BSD-compatible install
configure:2038: result: /usr/bin/install -c
configure:2049: checking whether build environment is sane
configure:2092: result: yes
configure:2157: checking for gawk
configure:2173: found /usr/bin/gawk
configure:2184: result: gawk
configure:2195: checking whether make sets $(MAKE)
configure:2216: result: yes
configure:2472: checking for gcc
configure:2488: found /usr/bin/gcc
configure:2499: result: gcc
configure:2737: checking for C compiler version
configure:2744: gcc --version >&5
gcc (Ubuntu 4.4.1-4ubuntu9) 4.4.1
Copyright (C) 2009 Free Software Foundation, Inc.
This is free software; see the source for copying conditions.  There is NO
warranty; not even for MERCHANTABILITY or FITNESS FOR A PARTICULAR PURPOSE.

configure:2747: $? = 0
configure:2754: gcc -v >&5
Using built-in specs.
Target: x86_64-linux-gnu
Configured with: ../src/configure -v --with-pkgversion='Ubuntu 4.4.1-4ubuntu9' --with-bugurl=file:///usr/share/doc/gcc-4.4/README.Bugs --enable-languages=c,c++,fortran,objc,obj-c++ --prefix=/usr --enable-shared --enable-multiarch --enable-linker-build-id --with-system-zlib --libexecdir=/usr/lib --without-included-gettext --enable-threads=posix --with-gxx-include-dir=/usr/include/c++/4.4 --program-suffix=-4.4 --enable-nls --enable-clocale=gnu --enable-libstdcxx-debug --enable-objc-gc --disable-werror --with-arch-32=i486 --with-tune=generic --enable-checking=release --build=x86_64-linux-gnu --host=x86_64-linux-gnu --target=x86_64-linux-gnu
Thread model: posix
gcc version 4.4.1 (Ubuntu 4.4.1-4ubuntu9) 
configure:2757: $? = 0
configure:2764: gcc -V >&5
gcc: '-V' option must have argument
configure:2767: $? = 1
configure:2790: checking for C compiler default output file name
configure:2817: gcc -O2 -Wall   conftest.c  >&5
configure:2820: $? = 0
configure:2858: result: a.out
configure:2875: checking whether the C compiler works
configure:2885: ./a.out
configure:2888: $? = 0
configure:2905: result: yes
configure:2912: checking whether we are cross compiling
configure:2914: result: no
configure:2917: checking for suffix of executables
configure:2924: gcc -o conftest -O2 -Wall   conftest.c  >&5
configure:2927: $? = 0
configure:2951: result: 
configure:2957: checking for suffix of object files
configure:2983: gcc -c -O2 -Wall  conftest.c >&5
configure:2986: $? = 0
configure:3009: result: o
configure:3013: checking whether we are using the GNU C compiler
configure:3042: gcc -c -O2 -Wall  conftest.c >&5
configure:3048: $? = 0
configure:3065: result: yes
configure:3070: checking whether gcc accepts -g
configure:3100: gcc -c -g  conftest.c >&5
configure:3106: $? = 0
configure:3205: result: yes
configure:3222: checking for gcc option to accept ISO C89
configure:3296: gcc  -c -O2 -Wall  conftest.c >&5

## ---------------- ##
## Cache variables. ##
## ---------------- ##

ac_cv_c_compiler_gnu=yes
ac_cv_env_CCC_set=
ac_cv_env_CCC_value=
ac_cv_env_CC_set=
ac_cv_env_CC_value=
ac_cv_env_CFLAGS_set=
ac_cv_env_CFLAGS_value=
ac_cv_env_CPPFLAGS_set=
ac_cv_env_CPPFLAGS_value=
ac_cv_env_CPP_set=
ac_cv_env_CPP_value=
ac_cv_env_CXXCPP_set=
ac_cv_env_CXXCPP_value=
ac_cv_env_CXXFLAGS_set=
ac_cv_env_CXXFLAGS_value=
ac_cv_env_CXX_set=
ac_cv_env_CXX_value=
ac_cv_env_F77_set=
ac_cv_env_F77_value=
ac_cv_env_FFLAGS_set=
ac_cv_env_FFLAGS_value=
ac_cv_env_LDFLAGS_set=
ac_cv_env_LDFLAGS_value=
ac_cv_env_LIBS_set=
ac_cv_env_LIBS_value=
ac_cv_env_build_alias_set=
ac_cv_env_build_alias_value=
ac_cv_env_host_alias_set=
ac_cv_env_host_alias_value=
ac_cv_env_target_alias_set=
ac_cv_env_target_alias_value=
ac_cv_objext=o
ac_cv_path_install='/usr/bin/install -c'
ac_cv_prog_AWK=gawk
ac_cv_prog_ac_ct_CC=gcc
ac_cv_prog_cc_c89=no
ac_cv_prog_cc_g=yes
ac_cv_prog_make_make_set=yes

## ----------------- ##
## Output variables. ##
## ----------------- ##

ACLOCAL='${SHELL} /home/pszdp1/video/sources/faac-1.28/missing --run aclocal-1.9'
AMDEPBACKSLASH=''
AMDEP_FALSE=''
AMDEP_TRUE=''
AMTAR='${SHELL} /home/pszdp1/video/sources/faac-1.28/missing --run tar'
AR=''
AUTOCONF='${SHELL} /home/pszdp1/video/sources/faac-1.28/missing --run autoconf'
AUTOHEADER='${SHELL} /home/pszdp1/video/sources/faac-1.28/missing --run autoheader'
AUTOMAKE='${SHELL} /home/pszdp1/video/sources/faac-1.28/missing --run automake-1.9'
AWK='gawk'
CC='gcc '
CCDEPMODE=''
CFLAGS='-O2 -Wall'
CPP=''
CPPFLAGS=''
CXX=''
CXXCPP=''
CXXDEPMODE=''
CXXFLAGS=''
CYGPATH_W='echo'
DEFS=''
DEPDIR=''
ECHO='echo'
ECHO_C=''
ECHO_N='-n'
ECHO_T=''
EGREP=''
EXEEXT=''
F77=''
FFLAGS=''
GREP=''
INSTALL_DATA='${INSTALL} -m 644'
INSTALL_PROGRAM='${INSTALL}'
INSTALL_SCRIPT='${INSTALL}'
INSTALL_STRIP_PROGRAM='${SHELL} $(install_sh) -c -s'
LDFLAGS=''
LIBOBJS=''
LIBS=''
LIBTOOL=''
LN_S=''
LTLIBOBJS=''
MAKEINFO='${SHELL} /home/pszdp1/video/sources/faac-1.28/missing --run makeinfo'
OBJEXT='o'
PACKAGE='faac'
PACKAGE_BUGREPORT='faac-dev@lists.sourceforge.net'
PACKAGE_NAME='FAAC'
PACKAGE_STRING='FAAC 1.28'
PACKAGE_TARNAME='faac'
PACKAGE_VERSION='1.28'
PATH_SEPARATOR=':'
RANLIB=''
SET_MAKE=''
SHELL='/bin/bash'
STRIP=''
USE_DRM_FALSE=''
USE_DRM_TRUE=''
VERSION='1.28'
WITH_MP4V2_FALSE=''
WITH_MP4V2_TRUE=''
ac_ct_CC='gcc'
ac_ct_CXX=''
ac_ct_F77=''
am__fastdepCC_FALSE=''
am__fastdepCC_TRUE=''
am__fastdepCXX_FALSE=''
am__fastdepCXX_TRUE=''
am__include=''
am__leading_dot='.'
am__quote=''
am__tar='${AMTAR} chof - "$$tardir"'
am__untar='${AMTAR} xf -'
bindir='${exec_prefix}/bin'
build=''
build_alias=''
build_cpu=''
build_os=''
build_vendor=''
datadir='${datarootdir}'
datarootdir='${prefix}/share'
docdir='${datarootdir}/doc/${PACKAGE_TARNAME}'
dvidir='${docdir}'
exec_prefix='NONE'
host=''
host_alias=''
host_cpu=''
host_os=''
host_vendor=''
htmldir='${docdir}'
includedir='${prefix}/include'
infodir='${datarootdir}/info'
install_sh='/home/pszdp1/video/sources/faac-1.28/install-sh'
libdir='${exec_prefix}/lib'
libexecdir='${exec_prefix}/libexec'
localedir='${datarootdir}/locale'
localstatedir='${prefix}/var'
mandir='${datarootdir}/man'
mkdir_p='mkdir -p --'
oldincludedir='/usr/include'
pdfdir='${docdir}'
prefix='NONE'
program_transform_name='s,x,x,'
psdir='${docdir}'
sbindir='${exec_prefix}/sbin'
sharedstatedir='${prefix}/com'
sysconfdir='${prefix}/etc'
target_alias=''

## ----------- ##
## confdefs.h. ##
## ----------- ##

#define PACKAGE_NAME "FAAC"
#define PACKAGE_TARNAME "faac"
#define PACKAGE_VERSION "1.28"
#define PACKAGE_STRING "FAAC 1.28"
#define PACKAGE_BUGREPORT "faac-dev@lists.sourceforge.net"
#define PACKAGE "faac"
#define VERSION "1.28"

configure: caught signal 2
configure: exit 1
